VCD info: dumpfile dump.vcd opened for output.
VCD warning: ./tb_axi_pim.v:211: $dumpfile called after $dumpvars started,
                                 using existing file (dump.vcd).
---- Operation ----
p_en:1, w_en:0
input: 00000000, mac_out:xxxxxxxx

---- Operation ----
p_en:1, w_en:0
input: 00000000, mac_out:xxxxxxxx

---- Operation ----
p_en:1, w_en:0
input: 00000000, mac_out:xxxxxxxx

---- Operation ----
p_en:1, w_en:0
input: 00000000, mac_out:xxxxxxxx

---- Operation ----
p_en:1, w_en:0
input: 00000000, mac_out:xxxxxxxx

---- Operation ----
p_en:1, w_en:0
input: 00000000, mac_out:xxxxxxxx

---- Operation ----
p_en:1, w_en:0
input: 00000000, mac_out:xxxxxxxx

---- Operation ----
p_en:1, w_en:0
input: 00000000, mac_out:xxxxxxxx

---- Operation ----
p_en:1, w_en:0
input: 00000000, mac_out:xxxxxxxx

---- Operation ----
p_en:1, w_en:0
input: 00000000, mac_out:xxxxxxxx

---- Operation ----
p_en:1, w_en:0
input: 00000000, mac_out:xxxxxxxx

---- Operation ----
p_en:1, w_en:0
input: 00000000, mac_out:xxxxxxxx

---- Operation ----
p_en:1, w_en:0
input: deadbeef, mac_out:xxxxxxxx

Writing data deadbeef to address 00
==== Writing ====
p_en:0, w_en:1, s_axi_wdata:deadbeef

Writing data deadbef0 to address 01
==== Writing ====
p_en:0, w_en:1, s_axi_wdata:deadbef0

Writing data deadbef0 to address 02
==== Writing ====
p_en:0, w_en:1, s_axi_wdata:deadbef0

Writing data deadbef1 to address 03
==== Writing ====
p_en:0, w_en:1, s_axi_wdata:deadbef1

---- Operation ----
p_en:1, w_en:0
input: deadbef1, mac_out:00000000

---- Operation ----
p_en:1, w_en:0
input: deadbef2, mac_out:00000000

---- Operation ----
p_en:1, w_en:0
input: deadbef2, mac_out:xxxxxxxx

---- Operation ----
p_en:1, w_en:0
input: deadbef2, mac_out:xxxxxxxx

---- Operation ----
p_en:1, w_en:0
input: deadbef2, mac_out:xxxxxxxx

---- Operation ----
p_en:1, w_en:0
input: deadbef2, mac_out:xxxxxxxx

Reading data xxxxxxxx(q), 00000000(rdata) from address 00
~~~~ Reading ~~~~
p_en:0, w_en:0, s_axi_rdata:00000000

Reading data deadbeef(q), xxxxxxxx(rdata) from address 01
~~~~ Reading ~~~~
p_en:0, w_en:0, s_axi_rdata:xxxxxxxx

Reading data deadbef0(q), deadbeef(rdata) from address 02
~~~~ Reading ~~~~
p_en:0, w_en:0, s_axi_rdata:deadbeef

Reading data deadbef0(q), deadbef0(rdata) from address 03
~~~~ Reading ~~~~
p_en:0, w_en:0, s_axi_rdata:deadbef0

---- Operation ----
p_en:1, w_en:0
input: deadbef2, mac_out:00000000

Mismatch in data received: expected deadbef2, got deadbef0
Early rlast at index           2
---- Operation ----
p_en:1, w_en:0
input: deadbef2, mac_out:00000000

---- Operation ----
p_en:1, w_en:0
input: deadbef2, mac_out:xxxxxxxx

Mismatch in data received: expected deadbef2, got deadbef0
---- Operation ----
p_en:1, w_en:0
input: deadbef2, mac_out:xxxxxxxx

