#! /usr/bin/vvp
:ivl_version "11.0 (stable)";
:ivl_delay_selection "TYPICAL";
:vpi_time_precision - 12;
:vpi_module "/usr/lib/x86_64-linux-gnu/ivl/system.vpi";
:vpi_module "/usr/lib/x86_64-linux-gnu/ivl/vhdl_sys.vpi";
:vpi_module "/usr/lib/x86_64-linux-gnu/ivl/vhdl_textio.vpi";
:vpi_module "/usr/lib/x86_64-linux-gnu/ivl/v2005_math.vpi";
:vpi_module "/usr/lib/x86_64-linux-gnu/ivl/va_math.vpi";
S_0x62d571eabcf0 .scope module, "tb_axi_pim" "tb_axi_pim" 2 3;
 .timescale -9 -12;
P_0x62d571eabe80 .param/l "ADDR_WIDTH" 0 2 8, +C4<00000000000000000000000000001000>;
P_0x62d571eabec0 .param/l "BURST_LENGTH" 0 2 12, +C4<00000000000000000000000000000100>;
P_0x62d571eabf00 .param/l "CLOCK_PERIOD" 0 2 13, +C4<00000000000000000000000000001010>;
P_0x62d571eabf40 .param/l "DATA_WIDTH" 0 2 7, +C4<00000000000000000000000000100000>;
P_0x62d571eabf80 .param/l "ID_WIDTH" 0 2 11, +C4<00000000000000000000000000001000>;
P_0x62d571eabfc0 .param/l "PDEPTH" 0 2 14, +C4<0000000000000000000000000000000100000000>;
P_0x62d571eac000 .param/l "PIM_ADDR_BEGIN" 0 2 6, C4<00000000000000000000000000000000>;
P_0x62d571eac040 .param/l "PWIDTH" 0 2 9, +C4<00000000000000000000000000100000>;
P_0x62d571eac080 .param/l "STRB_WIDTH" 0 2 10, +C4<00000000000000000000000000000100>;
v0x62d571f8ba10_0 .var "clk", 0 0;
v0x62d571f8bad0_0 .net "mac_out", 31 0, L_0x62d571f8f4d0;  1 drivers
v0x62d571f8bba0_0 .var "rst", 0 0;
v0x62d571f8bca0_0 .var "s_axi_araddr", 7 0;
v0x62d571f8bd70_0 .var "s_axi_arburst", 1 0;
v0x62d571f8be10_0 .var "s_axi_arcache", 3 0;
v0x62d571f8bee0_0 .var "s_axi_arid", 7 0;
v0x62d571f8bfb0_0 .var "s_axi_arlen", 7 0;
v0x62d571f8c080_0 .var "s_axi_arlock", 0 0;
v0x62d571f8c150_0 .var "s_axi_arprot", 2 0;
v0x62d571f8c220_0 .net "s_axi_arready", 0 0, L_0x62d571f425f0;  1 drivers
v0x62d571f8c2f0_0 .var "s_axi_arsize", 2 0;
v0x62d571f8c3c0_0 .var "s_axi_arvalid", 0 0;
v0x62d571f8c490_0 .var "s_axi_awaddr", 7 0;
v0x62d571f8c560_0 .var "s_axi_awburst", 1 0;
v0x62d571f8c630_0 .var "s_axi_awcache", 3 0;
v0x62d571f8c700_0 .var "s_axi_awid", 7 0;
v0x62d571f8c7d0_0 .var "s_axi_awlen", 7 0;
v0x62d571f8c8a0_0 .var "s_axi_awlock", 0 0;
v0x62d571f8c970_0 .var "s_axi_awprot", 2 0;
v0x62d571f8ca40_0 .net "s_axi_awready", 0 0, L_0x62d571f40780;  1 drivers
v0x62d571f8cb10_0 .var "s_axi_awsize", 2 0;
v0x62d571f8cbe0_0 .var "s_axi_awvalid", 0 0;
v0x62d571f8ccb0_0 .net "s_axi_bid", 7 0, L_0x62d571f41b60;  1 drivers
v0x62d571f8cd80_0 .var "s_axi_bready", 0 0;
L_0x72043dcd0258 .functor BUFT 1, C4<00>, C4<0>, C4<0>, C4<0>;
v0x62d571f8ce50_0 .net "s_axi_bresp", 1 0, L_0x72043dcd0258;  1 drivers
v0x62d571f8cf20_0 .net "s_axi_bvalid", 0 0, L_0x62d571f41e70;  1 drivers
v0x62d571f8cff0_0 .net "s_axi_rdata", 31 0, L_0x62d571f66960;  1 drivers
v0x62d571f8d0c0_0 .net "s_axi_rid", 7 0, L_0x62d571f42c00;  1 drivers
v0x62d571f8d190_0 .net "s_axi_rlast", 0 0, L_0x62d571f8e740;  1 drivers
v0x62d571f8d260_0 .var "s_axi_rready", 0 0;
L_0x72043dcd02a0 .functor BUFT 1, C4<00>, C4<0>, C4<0>, C4<0>;
v0x62d571f8d330_0 .net "s_axi_rresp", 1 0, L_0x72043dcd02a0;  1 drivers
v0x62d571f8d400_0 .net "s_axi_rvalid", 0 0, L_0x62d571f8f0c0;  1 drivers
v0x62d571f8d4d0_0 .var "s_axi_wdata", 31 0;
v0x62d571f8d5a0_0 .var "s_axi_wlast", 0 0;
v0x62d571f8d670_0 .net "s_axi_wready", 0 0, L_0x62d571f41160;  1 drivers
v0x62d571f8d740_0 .var "s_axi_wstrb", 3 0;
v0x62d571f8d810_0 .var "s_axi_wvalid", 0 0;
S_0x62d571efabc0 .scope task, "test_burst_write_and_read" "test_burst_write_and_read" 2 153, 2 153 0, S_0x62d571eabcf0;
 .timescale -9 -12;
v0x62d571f405b0_0 .var/i "i", 31 0;
E_0x62d571f0ccc0 .event posedge, v0x62d571f860a0_0;
TD_tb_axi_pim.test_burst_write_and_read ;
    %wait E_0x62d571f0ccc0;
    %pushi/vec4 1, 0, 8;
    %store/vec4 v0x62d571f8c700_0, 0, 8;
    %pushi/vec4 0, 0, 8;
    %store/vec4 v0x62d571f8c490_0, 0, 8;
    %pushi/vec4 3, 0, 8;
    %store/vec4 v0x62d571f8c7d0_0, 0, 8;
    %pushi/vec4 2, 0, 3;
    %store/vec4 v0x62d571f8cb10_0, 0, 3;
    %pushi/vec4 1, 0, 2;
    %store/vec4 v0x62d571f8c560_0, 0, 2;
    %pushi/vec4 1, 0, 1;
    %store/vec4 v0x62d571f8cbe0_0, 0, 1;
    %wait E_0x62d571f0ccc0;
    %pushi/vec4 0, 0, 1;
    %store/vec4 v0x62d571f8cbe0_0, 0, 1;
    %pushi/vec4 0, 0, 32;
    %store/vec4 v0x62d571f405b0_0, 0, 32;
T_0.0 ;
    %load/vec4 v0x62d571f405b0_0;
    %cmpi/s 4, 0, 32;
    %jmp/0xz T_0.1, 5;
    %wait E_0x62d571f0ccc0;
    %pushi/vec4 3735928559, 0, 32;
    %load/vec4 v0x62d571f405b0_0;
    %add;
    %store/vec4 v0x62d571f8d4d0_0, 0, 32;
    %pushi/vec4 15, 0, 4;
    %store/vec4 v0x62d571f8d740_0, 0, 4;
    %pushi/vec4 1, 0, 1;
    %store/vec4 v0x62d571f8d810_0, 0, 1;
    %load/vec4 v0x62d571f405b0_0;
    %cmpi/e 3, 0, 32;
    %flag_mov 8, 4;
    %jmp/0 T_0.2, 8;
    %pushi/vec4 1, 0, 1;
    %jmp/1 T_0.3, 8;
T_0.2 ; End of true expr.
    %pushi/vec4 0, 0, 1;
    %jmp/0 T_0.3, 8;
 ; End of false expr.
    %blend;
T_0.3;
    %store/vec4 v0x62d571f8d5a0_0, 0, 1;
    %wait E_0x62d571f0ccc0;
    %load/vec4 v0x62d571f405b0_0;
    %addi 1, 0, 32;
    %store/vec4 v0x62d571f405b0_0, 0, 32;
    %jmp T_0.0;
T_0.1 ;
    %pushi/vec4 0, 0, 1;
    %store/vec4 v0x62d571f8d810_0, 0, 1;
    %pushi/vec4 0, 0, 1;
    %store/vec4 v0x62d571f8d5a0_0, 0, 1;
    %pushi/vec4 1, 0, 1;
    %store/vec4 v0x62d571f8cd80_0, 0, 1;
    %wait E_0x62d571f0ccc0;
    %pushi/vec4 0, 0, 1;
    %store/vec4 v0x62d571f8cd80_0, 0, 1;
    %wait E_0x62d571f0ccc0;
    %pushi/vec4 1, 0, 8;
    %store/vec4 v0x62d571f8bee0_0, 0, 8;
    %pushi/vec4 0, 0, 8;
    %store/vec4 v0x62d571f8bca0_0, 0, 8;
    %pushi/vec4 3, 0, 8;
    %store/vec4 v0x62d571f8bfb0_0, 0, 8;
    %pushi/vec4 2, 0, 3;
    %store/vec4 v0x62d571f8c2f0_0, 0, 3;
    %pushi/vec4 1, 0, 2;
    %store/vec4 v0x62d571f8bd70_0, 0, 2;
    %pushi/vec4 1, 0, 1;
    %store/vec4 v0x62d571f8c3c0_0, 0, 1;
    %wait E_0x62d571f0ccc0;
    %pushi/vec4 0, 0, 1;
    %store/vec4 v0x62d571f8c3c0_0, 0, 1;
    %pushi/vec4 0, 0, 32;
    %store/vec4 v0x62d571f405b0_0, 0, 32;
T_0.4 ;
    %load/vec4 v0x62d571f405b0_0;
    %cmpi/s 4, 0, 32;
    %jmp/0xz T_0.5, 5;
    %wait E_0x62d571f0ccc0;
    %pushi/vec4 1, 0, 1;
    %store/vec4 v0x62d571f8d260_0, 0, 1;
    %wait E_0x62d571f0ccc0;
    %load/vec4 v0x62d571f8cff0_0;
    %pushi/vec4 3735928559, 0, 32;
    %load/vec4 v0x62d571f405b0_0;
    %add;
    %cmp/ne;
    %jmp/0xz  T_0.6, 4;
    %vpi_call 2 199 "$display", "Mismatch in data received: expected %h, got %h", v0x62d571f8d4d0_0, v0x62d571f8cff0_0 {0 0 0};
T_0.6 ;
    %load/vec4 v0x62d571f8d190_0;
    %load/vec4 v0x62d571f405b0_0;
    %pushi/vec4 3, 0, 32;
    %cmp/ne;
    %flag_get/vec4 4;
    %and;
    %flag_set/vec4 8;
    %jmp/0xz  T_0.8, 8;
    %vpi_call 2 202 "$display", "Early rlast at index %d", v0x62d571f405b0_0 {0 0 0};
T_0.8 ;
    %load/vec4 v0x62d571f405b0_0;
    %pushi/vec4 3, 0, 32;
    %cmp/e;
    %flag_get/vec4 4;
    %load/vec4 v0x62d571f8d190_0;
    %nor/r;
    %and;
    %flag_set/vec4 8;
    %jmp/0xz  T_0.10, 8;
    %vpi_call 2 205 "$display", "Missing rlast at the end of the burst" {0 0 0};
T_0.10 ;
    %load/vec4 v0x62d571f405b0_0;
    %addi 1, 0, 32;
    %store/vec4 v0x62d571f405b0_0, 0, 32;
    %jmp T_0.4;
T_0.5 ;
    %pushi/vec4 0, 0, 1;
    %store/vec4 v0x62d571f8d260_0, 0, 1;
    %end;
S_0x62d571f83c50 .scope module, "uut" "axi_pim" 2 69, 3 34 0, S_0x62d571eabcf0;
 .timescale -9 -12;
    .port_info 0 /INPUT 1 "clk";
    .port_info 1 /INPUT 1 "rst";
    .port_info 2 /INPUT 8 "s_axi_awid";
    .port_info 3 /INPUT 8 "s_axi_awaddr";
    .port_info 4 /INPUT 8 "s_axi_awlen";
    .port_info 5 /INPUT 3 "s_axi_awsize";
    .port_info 6 /INPUT 2 "s_axi_awburst";
    .port_info 7 /INPUT 1 "s_axi_awlock";
    .port_info 8 /INPUT 4 "s_axi_awcache";
    .port_info 9 /INPUT 3 "s_axi_awprot";
    .port_info 10 /INPUT 1 "s_axi_awvalid";
    .port_info 11 /OUTPUT 1 "s_axi_awready";
    .port_info 12 /INPUT 32 "s_axi_wdata";
    .port_info 13 /INPUT 4 "s_axi_wstrb";
    .port_info 14 /INPUT 1 "s_axi_wlast";
    .port_info 15 /INPUT 1 "s_axi_wvalid";
    .port_info 16 /OUTPUT 1 "s_axi_wready";
    .port_info 17 /OUTPUT 8 "s_axi_bid";
    .port_info 18 /OUTPUT 2 "s_axi_bresp";
    .port_info 19 /OUTPUT 1 "s_axi_bvalid";
    .port_info 20 /INPUT 1 "s_axi_bready";
    .port_info 21 /INPUT 8 "s_axi_arid";
    .port_info 22 /INPUT 8 "s_axi_araddr";
    .port_info 23 /INPUT 8 "s_axi_arlen";
    .port_info 24 /INPUT 3 "s_axi_arsize";
    .port_info 25 /INPUT 2 "s_axi_arburst";
    .port_info 26 /INPUT 1 "s_axi_arlock";
    .port_info 27 /INPUT 4 "s_axi_arcache";
    .port_info 28 /INPUT 3 "s_axi_arprot";
    .port_info 29 /INPUT 1 "s_axi_arvalid";
    .port_info 30 /OUTPUT 1 "s_axi_arready";
    .port_info 31 /OUTPUT 8 "s_axi_rid";
    .port_info 32 /OUTPUT 32 "s_axi_rdata";
    .port_info 33 /OUTPUT 2 "s_axi_rresp";
    .port_info 34 /OUTPUT 1 "s_axi_rlast";
    .port_info 35 /OUTPUT 1 "s_axi_rvalid";
    .port_info 36 /INPUT 1 "s_axi_rready";
    .port_info 37 /OUTPUT 32 "mac_out";
P_0x62d571f63d30 .param/l "ADDR_WIDTH" 0 3 40, +C4<00000000000000000000000000001000>;
P_0x62d571f63d70 .param/l "DATA_WIDTH" 0 3 38, +C4<00000000000000000000000000100000>;
P_0x62d571f63db0 .param/l "ID_WIDTH" 0 3 44, +C4<00000000000000000000000000001000>;
P_0x62d571f63df0 .param/l "PDEPTH" 0 3 48, +C4<0000000000000000000000000000000100000000>;
P_0x62d571f63e30 .param/l "PIM_ADDR_BEGIN" 0 3 36, C4<00000000000000000000000000000000>;
P_0x62d571f63e70 .param/l "PIPELINE_OUTPUT" 0 3 46, +C4<00000000000000000000000000000000>;
P_0x62d571f63eb0 .param/l "PWIDTH" 0 3 47, +C4<00000000000000000000000000100000>;
P_0x62d571f63ef0 .param/l "READ_STATE_BURST" 1 3 112, C4<1>;
P_0x62d571f63f30 .param/l "READ_STATE_IDLE" 1 3 111, C4<0>;
P_0x62d571f63f70 .param/l "STRB_WIDTH" 0 3 42, +C4<00000000000000000000000000000100>;
P_0x62d571f63fb0 .param/l "VALID_ADDR_WIDTH" 0 3 93, +C4<000000000000000000000000000000110>;
P_0x62d571f63ff0 .param/l "WORD_SIZE" 0 3 95, +C4<00000000000000000000000000001000>;
P_0x62d571f64030 .param/l "WORD_WIDTH" 0 3 94, +C4<00000000000000000000000000000100>;
P_0x62d571f64070 .param/l "WRITE_STATE_BURST" 1 3 118, C4<01>;
P_0x62d571f640b0 .param/l "WRITE_STATE_IDLE" 1 3 117, C4<00>;
P_0x62d571f640f0 .param/l "WRITE_STATE_RESP" 1 3 119, C4<10>;
L_0x62d571f40780 .functor BUFZ 1, v0x62d571f88c10_0, C4<0>, C4<0>, C4<0>;
L_0x62d571f41160 .functor BUFZ 1, v0x62d571f8a5d0_0, C4<0>, C4<0>, C4<0>;
L_0x62d571f41b60 .functor BUFZ 8, v0x62d571f89030_0, C4<00000000>, C4<00000000>, C4<00000000>;
L_0x62d571f41e70 .functor BUFZ 1, v0x62d571f89430_0, C4<0>, C4<0>, C4<0>;
L_0x62d571f425f0 .functor BUFZ 1, v0x62d571f87d40_0, C4<0>, C4<0>, C4<0>;
L_0x62d571f42c00 .functor BUFZ 8, v0x62d571f89a30_0, C4<00000000>, C4<00000000>, C4<00000000>;
L_0x62d571f66960 .functor BUFZ 32, v0x62d571f896b0_0, C4<00000000000000000000000000000000>, C4<00000000000000000000000000000000>, C4<00000000000000000000000000000000>;
L_0x62d571f8e740 .functor BUFZ 1, v0x62d571f89d50_0, C4<0>, C4<0>, C4<0>;
L_0x62d571f8f0c0 .functor BUFZ 1, v0x62d571f8a1f0_0, C4<0>, C4<0>, C4<0>;
L_0x62d571f8f360 .functor AND 1, L_0x62d571f8f180, L_0x62d571f8f220, C4<1>, C4<1>;
L_0x62d571f8f4d0 .functor BUFZ 32, v0x62d571f86400_0, C4<00000000000000000000000000000000>, C4<00000000000000000000000000000000>, C4<00000000000000000000000000000000>;
L_0x72043dcd0018 .functor BUFT 1, C4<00>, C4<0>, C4<0>, C4<0>;
v0x62d571f40920_0 .net/2u *"_ivl_0", 1 0, L_0x72043dcd0018;  1 drivers
L_0x72043dcd00a8 .functor BUFT 1, C4<00>, C4<0>, C4<0>, C4<0>;
v0x62d571f41340_0 .net/2u *"_ivl_12", 1 0, L_0x72043dcd00a8;  1 drivers
v0x62d571f41cc0_0 .net *"_ivl_14", 7 0, L_0x62d571f8dea0;  1 drivers
v0x62d571f41fd0_0 .net *"_ivl_16", 5 0, L_0x62d571f8ddb0;  1 drivers
L_0x72043dcd00f0 .functor BUFT 1, C4<00>, C4<0>, C4<0>, C4<0>;
v0x62d571f42a30_0 .net *"_ivl_18", 1 0, L_0x72043dcd00f0;  1 drivers
v0x62d571f42da0_0 .net *"_ivl_2", 7 0, L_0x62d571f8d9e0;  1 drivers
v0x62d571f84d60_0 .net *"_ivl_20", 9 0, L_0x62d571f8e050;  1 drivers
L_0x72043dcd0138 .functor BUFT 1, C4<00>, C4<0>, C4<0>, C4<0>;
v0x62d571f84e40_0 .net/2u *"_ivl_24", 1 0, L_0x72043dcd0138;  1 drivers
v0x62d571f84f20_0 .net *"_ivl_26", 7 0, L_0x62d571f8e3c0;  1 drivers
v0x62d571f85000_0 .net *"_ivl_28", 5 0, L_0x62d571f8e320;  1 drivers
L_0x72043dcd0180 .functor BUFT 1, C4<00>, C4<0>, C4<0>, C4<0>;
v0x62d571f850e0_0 .net *"_ivl_30", 1 0, L_0x72043dcd0180;  1 drivers
v0x62d571f851c0_0 .net *"_ivl_32", 9 0, L_0x62d571f8e560;  1 drivers
L_0x72043dcd01c8 .functor BUFT 1, C4<00>, C4<0>, C4<0>, C4<0>;
v0x62d571f852a0_0 .net/2u *"_ivl_36", 1 0, L_0x72043dcd01c8;  1 drivers
v0x62d571f85380_0 .net *"_ivl_38", 7 0, L_0x62d571f8e880;  1 drivers
v0x62d571f85460_0 .net *"_ivl_4", 5 0, L_0x62d571f8d910;  1 drivers
v0x62d571f85540_0 .net *"_ivl_40", 5 0, L_0x62d571f8e7b0;  1 drivers
L_0x72043dcd0210 .functor BUFT 1, C4<00>, C4<0>, C4<0>, C4<0>;
v0x62d571f85620_0 .net *"_ivl_42", 1 0, L_0x72043dcd0210;  1 drivers
v0x62d571f85700_0 .net *"_ivl_44", 9 0, L_0x62d571f8ea70;  1 drivers
L_0x72043dcd0060 .functor BUFT 1, C4<00>, C4<0>, C4<0>, C4<0>;
v0x62d571f857e0_0 .net *"_ivl_6", 1 0, L_0x72043dcd0060;  1 drivers
v0x62d571f858c0_0 .net *"_ivl_71", 0 0, L_0x62d571f8f180;  1 drivers
v0x62d571f85980_0 .net *"_ivl_73", 0 0, L_0x62d571f8f220;  1 drivers
v0x62d571f85a40_0 .net *"_ivl_8", 9 0, L_0x62d571f8db50;  1 drivers
v0x62d571f85b20 .array "acc_result", 31 0, 31 0;
v0x62d571f85fe0 .array "adc_out", 31 0, 31 0;
v0x62d571f860a0_0 .net "clk", 0 0, v0x62d571f8ba10_0;  1 drivers
v0x62d571f86160_0 .var/i "i", 31 0;
v0x62d571f86240_0 .var/i "j", 31 0;
v0x62d571f86320_0 .net "mac_out", 31 0, L_0x62d571f8f4d0;  alias, 1 drivers
v0x62d571f86400_0 .var "mac_out_reg", 31 0;
v0x62d571f864e0 .array "mem", 0 63, 31 0;
v0x62d571f865a0_0 .var "mem_rd_en", 0 0;
v0x62d571f86660_0 .var "mem_wr_en", 0 0;
v0x62d571f86720_0 .net "p_en", 0 0, L_0x62d571f8f360;  1 drivers
v0x62d571f867e0_0 .var "read_addr_next", 7 0;
v0x62d571f868c0_0 .var "read_addr_reg", 7 0;
v0x62d571f869a0_0 .net "read_addr_valid", 7 0, L_0x62d571f8e650;  1 drivers
v0x62d571f86a80_0 .var "read_burst_next", 1 0;
v0x62d571f86b60_0 .var "read_burst_reg", 1 0;
v0x62d571f86c40_0 .var "read_count_next", 7 0;
v0x62d571f86d20_0 .var "read_count_reg", 7 0;
v0x62d571f86e00_0 .var "read_id_next", 7 0;
v0x62d571f86ee0_0 .var "read_id_reg", 7 0;
v0x62d571f86fc0_0 .var "read_size_next", 2 0;
v0x62d571f870a0_0 .var "read_size_reg", 2 0;
v0x62d571f87180_0 .var "read_state_next", 0 0;
v0x62d571f87260_0 .var "read_state_reg", 0 0;
v0x62d571f87340_0 .net "rst", 0 0, v0x62d571f8bba0_0;  1 drivers
v0x62d571f87400_0 .var "rwl", 255 0;
v0x62d571f874e0_0 .net "s_axi_araddr", 7 0, v0x62d571f8bca0_0;  1 drivers
v0x62d571f875c0_0 .net "s_axi_araddr_valid", 7 0, L_0x62d571f8e190;  1 drivers
v0x62d571f876a0_0 .net "s_axi_arburst", 1 0, v0x62d571f8bd70_0;  1 drivers
v0x62d571f87780_0 .net "s_axi_arcache", 3 0, v0x62d571f8be10_0;  1 drivers
v0x62d571f87860_0 .net "s_axi_arid", 7 0, v0x62d571f8bee0_0;  1 drivers
v0x62d571f87940_0 .net "s_axi_arlen", 7 0, v0x62d571f8bfb0_0;  1 drivers
v0x62d571f87a20_0 .net "s_axi_arlock", 0 0, v0x62d571f8c080_0;  1 drivers
v0x62d571f87ae0_0 .net "s_axi_arprot", 2 0, v0x62d571f8c150_0;  1 drivers
v0x62d571f87bc0_0 .net "s_axi_arready", 0 0, L_0x62d571f425f0;  alias, 1 drivers
v0x62d571f87c80_0 .var "s_axi_arready_next", 0 0;
v0x62d571f87d40_0 .var "s_axi_arready_reg", 0 0;
v0x62d571f87e00_0 .net "s_axi_arsize", 2 0, v0x62d571f8c2f0_0;  1 drivers
v0x62d571f87ee0_0 .net "s_axi_arvalid", 0 0, v0x62d571f8c3c0_0;  1 drivers
v0x62d571f87fa0_0 .net "s_axi_awaddr", 7 0, v0x62d571f8c490_0;  1 drivers
v0x62d571f88080_0 .net "s_axi_awaddr_valid", 7 0, L_0x62d571f8dc90;  1 drivers
v0x62d571f88160_0 .net "s_axi_awburst", 1 0, v0x62d571f8c560_0;  1 drivers
v0x62d571f88240_0 .net "s_axi_awcache", 3 0, v0x62d571f8c630_0;  1 drivers
v0x62d571f88730_0 .net "s_axi_awid", 7 0, v0x62d571f8c700_0;  1 drivers
v0x62d571f88810_0 .net "s_axi_awlen", 7 0, v0x62d571f8c7d0_0;  1 drivers
v0x62d571f888f0_0 .net "s_axi_awlock", 0 0, v0x62d571f8c8a0_0;  1 drivers
v0x62d571f889b0_0 .net "s_axi_awprot", 2 0, v0x62d571f8c970_0;  1 drivers
v0x62d571f88a90_0 .net "s_axi_awready", 0 0, L_0x62d571f40780;  alias, 1 drivers
v0x62d571f88b50_0 .var "s_axi_awready_next", 0 0;
v0x62d571f88c10_0 .var "s_axi_awready_reg", 0 0;
v0x62d571f88cd0_0 .net "s_axi_awsize", 2 0, v0x62d571f8cb10_0;  1 drivers
v0x62d571f88db0_0 .net "s_axi_awvalid", 0 0, v0x62d571f8cbe0_0;  1 drivers
v0x62d571f88e70_0 .net "s_axi_bid", 7 0, L_0x62d571f41b60;  alias, 1 drivers
v0x62d571f88f50_0 .var "s_axi_bid_next", 7 0;
v0x62d571f89030_0 .var "s_axi_bid_reg", 7 0;
v0x62d571f89110_0 .net "s_axi_bready", 0 0, v0x62d571f8cd80_0;  1 drivers
v0x62d571f891d0_0 .net "s_axi_bresp", 1 0, L_0x72043dcd0258;  alias, 1 drivers
v0x62d571f892b0_0 .net "s_axi_bvalid", 0 0, L_0x62d571f41e70;  alias, 1 drivers
v0x62d571f89370_0 .var "s_axi_bvalid_next", 0 0;
v0x62d571f89430_0 .var "s_axi_bvalid_reg", 0 0;
v0x62d571f894f0_0 .net "s_axi_rdata", 31 0, L_0x62d571f66960;  alias, 1 drivers
v0x62d571f895d0_0 .var "s_axi_rdata_pipe_reg", 31 0;
v0x62d571f896b0_0 .var "s_axi_rdata_reg", 31 0;
v0x62d571f89790_0 .net "s_axi_rid", 7 0, L_0x62d571f42c00;  alias, 1 drivers
v0x62d571f89870_0 .var "s_axi_rid_next", 7 0;
v0x62d571f89950_0 .var "s_axi_rid_pipe_reg", 7 0;
v0x62d571f89a30_0 .var "s_axi_rid_reg", 7 0;
v0x62d571f89b10_0 .net "s_axi_rlast", 0 0, L_0x62d571f8e740;  alias, 1 drivers
v0x62d571f89bd0_0 .var "s_axi_rlast_next", 0 0;
v0x62d571f89c90_0 .var "s_axi_rlast_pipe_reg", 0 0;
v0x62d571f89d50_0 .var "s_axi_rlast_reg", 0 0;
v0x62d571f89e10_0 .net "s_axi_rready", 0 0, v0x62d571f8d260_0;  1 drivers
v0x62d571f89ed0_0 .net "s_axi_rresp", 1 0, L_0x72043dcd02a0;  alias, 1 drivers
v0x62d571f89fb0_0 .net "s_axi_rvalid", 0 0, L_0x62d571f8f0c0;  alias, 1 drivers
v0x62d571f8a070_0 .var "s_axi_rvalid_next", 0 0;
v0x62d571f8a130_0 .var "s_axi_rvalid_pipe_reg", 0 0;
v0x62d571f8a1f0_0 .var "s_axi_rvalid_reg", 0 0;
v0x62d571f8a2b0_0 .net "s_axi_wdata", 31 0, v0x62d571f8d4d0_0;  1 drivers
v0x62d571f8a390_0 .net "s_axi_wlast", 0 0, v0x62d571f8d5a0_0;  1 drivers
v0x62d571f8a450_0 .net "s_axi_wready", 0 0, L_0x62d571f41160;  alias, 1 drivers
v0x62d571f8a510_0 .var "s_axi_wready_next", 0 0;
v0x62d571f8a5d0_0 .var "s_axi_wready_reg", 0 0;
v0x62d571f8a690_0 .net "s_axi_wstrb", 3 0, v0x62d571f8d740_0;  1 drivers
v0x62d571f8a770_0 .net "s_axi_wvalid", 0 0, v0x62d571f8d810_0;  1 drivers
v0x62d571f8a830_0 .var "shift_cnt", 4 0;
v0x62d571f8a910_0 .var "sum_acc_result", 31 0;
v0x62d571f8a9f0_0 .var "write_addr_next", 7 0;
v0x62d571f8aad0_0 .var "write_addr_reg", 7 0;
v0x62d571f8abb0_0 .net "write_addr_valid", 7 0, L_0x62d571f8ebb0;  1 drivers
v0x62d571f8ac90_0 .var "write_burst_next", 1 0;
v0x62d571f8ad70_0 .var "write_burst_reg", 1 0;
v0x62d571f8ae50_0 .var "write_count_next", 7 0;
v0x62d571f8af30_0 .var "write_count_reg", 7 0;
v0x62d571f8b010_0 .var "write_id_next", 7 0;
v0x62d571f8b0f0_0 .var "write_id_reg", 7 0;
v0x62d571f8b1d0_0 .var "write_size_next", 2 0;
v0x62d571f8b2b0_0 .var "write_size_reg", 2 0;
v0x62d571f8b390_0 .var "write_state_next", 1 0;
v0x62d571f8b470_0 .var "write_state_reg", 1 0;
v0x62d571f85b20_0 .array/port v0x62d571f85b20, 0;
v0x62d571f85b20_1 .array/port v0x62d571f85b20, 1;
v0x62d571f85b20_2 .array/port v0x62d571f85b20, 2;
E_0x62d571f0ca30/0 .event edge, v0x62d571f8a910_0, v0x62d571f85b20_0, v0x62d571f85b20_1, v0x62d571f85b20_2;
v0x62d571f85b20_3 .array/port v0x62d571f85b20, 3;
v0x62d571f85b20_4 .array/port v0x62d571f85b20, 4;
v0x62d571f85b20_5 .array/port v0x62d571f85b20, 5;
v0x62d571f85b20_6 .array/port v0x62d571f85b20, 6;
E_0x62d571f0ca30/1 .event edge, v0x62d571f85b20_3, v0x62d571f85b20_4, v0x62d571f85b20_5, v0x62d571f85b20_6;
v0x62d571f85b20_7 .array/port v0x62d571f85b20, 7;
v0x62d571f85b20_8 .array/port v0x62d571f85b20, 8;
v0x62d571f85b20_9 .array/port v0x62d571f85b20, 9;
v0x62d571f85b20_10 .array/port v0x62d571f85b20, 10;
E_0x62d571f0ca30/2 .event edge, v0x62d571f85b20_7, v0x62d571f85b20_8, v0x62d571f85b20_9, v0x62d571f85b20_10;
v0x62d571f85b20_11 .array/port v0x62d571f85b20, 11;
v0x62d571f85b20_12 .array/port v0x62d571f85b20, 12;
v0x62d571f85b20_13 .array/port v0x62d571f85b20, 13;
v0x62d571f85b20_14 .array/port v0x62d571f85b20, 14;
E_0x62d571f0ca30/3 .event edge, v0x62d571f85b20_11, v0x62d571f85b20_12, v0x62d571f85b20_13, v0x62d571f85b20_14;
v0x62d571f85b20_15 .array/port v0x62d571f85b20, 15;
v0x62d571f85b20_16 .array/port v0x62d571f85b20, 16;
v0x62d571f85b20_17 .array/port v0x62d571f85b20, 17;
v0x62d571f85b20_18 .array/port v0x62d571f85b20, 18;
E_0x62d571f0ca30/4 .event edge, v0x62d571f85b20_15, v0x62d571f85b20_16, v0x62d571f85b20_17, v0x62d571f85b20_18;
v0x62d571f85b20_19 .array/port v0x62d571f85b20, 19;
v0x62d571f85b20_20 .array/port v0x62d571f85b20, 20;
v0x62d571f85b20_21 .array/port v0x62d571f85b20, 21;
v0x62d571f85b20_22 .array/port v0x62d571f85b20, 22;
E_0x62d571f0ca30/5 .event edge, v0x62d571f85b20_19, v0x62d571f85b20_20, v0x62d571f85b20_21, v0x62d571f85b20_22;
v0x62d571f85b20_23 .array/port v0x62d571f85b20, 23;
v0x62d571f85b20_24 .array/port v0x62d571f85b20, 24;
v0x62d571f85b20_25 .array/port v0x62d571f85b20, 25;
v0x62d571f85b20_26 .array/port v0x62d571f85b20, 26;
E_0x62d571f0ca30/6 .event edge, v0x62d571f85b20_23, v0x62d571f85b20_24, v0x62d571f85b20_25, v0x62d571f85b20_26;
v0x62d571f85b20_27 .array/port v0x62d571f85b20, 27;
v0x62d571f85b20_28 .array/port v0x62d571f85b20, 28;
v0x62d571f85b20_29 .array/port v0x62d571f85b20, 29;
v0x62d571f85b20_30 .array/port v0x62d571f85b20, 30;
E_0x62d571f0ca30/7 .event edge, v0x62d571f85b20_27, v0x62d571f85b20_28, v0x62d571f85b20_29, v0x62d571f85b20_30;
v0x62d571f85b20_31 .array/port v0x62d571f85b20, 31;
E_0x62d571f0ca30/8 .event edge, v0x62d571f85b20_31;
E_0x62d571f0ca30 .event/or E_0x62d571f0ca30/0, E_0x62d571f0ca30/1, E_0x62d571f0ca30/2, E_0x62d571f0ca30/3, E_0x62d571f0ca30/4, E_0x62d571f0ca30/5, E_0x62d571f0ca30/6, E_0x62d571f0ca30/7, E_0x62d571f0ca30/8;
E_0x62d571f08430 .event edge, v0x62d571f87400_0;
E_0x62d571f081a0/0 .event edge, v0x62d571f89a30_0, v0x62d571f89d50_0, v0x62d571f8a1f0_0, v0x62d571f89e10_0;
E_0x62d571f081a0/1 .event edge, v0x62d571f8a130_0, v0x62d571f86ee0_0, v0x62d571f868c0_0, v0x62d571f86d20_0;
E_0x62d571f081a0/2 .event edge, v0x62d571f870a0_0, v0x62d571f86b60_0, v0x62d571f87260_0, v0x62d571f87bc0_0;
E_0x62d571f081a0/3 .event edge, v0x62d571f87ee0_0, v0x62d571f87860_0, v0x62d571f874e0_0, v0x62d571f87940_0;
E_0x62d571f081a0/4 .event edge, v0x62d571f87e00_0, v0x62d571f876a0_0;
E_0x62d571f081a0 .event/or E_0x62d571f081a0/0, E_0x62d571f081a0/1, E_0x62d571f081a0/2, E_0x62d571f081a0/3, E_0x62d571f081a0/4;
E_0x62d571ecfa50/0 .event edge, v0x62d571f8b0f0_0, v0x62d571f8aad0_0, v0x62d571f8af30_0, v0x62d571f8b2b0_0;
E_0x62d571ecfa50/1 .event edge, v0x62d571f8ad70_0, v0x62d571f89030_0, v0x62d571f89430_0, v0x62d571f89110_0;
E_0x62d571ecfa50/2 .event edge, v0x62d571f8b470_0, v0x62d571f88a90_0, v0x62d571f88db0_0, v0x62d571f88730_0;
E_0x62d571ecfa50/3 .event edge, v0x62d571f87fa0_0, v0x62d571f88810_0, v0x62d571f88cd0_0, v0x62d571f88160_0;
E_0x62d571ecfa50/4 .event edge, v0x62d571f8a450_0, v0x62d571f8a770_0, v0x62d571f892b0_0;
E_0x62d571ecfa50 .event/or E_0x62d571ecfa50/0, E_0x62d571ecfa50/1, E_0x62d571ecfa50/2, E_0x62d571ecfa50/3, E_0x62d571ecfa50/4;
L_0x62d571f8d910 .part v0x62d571f8c490_0, 2, 6;
L_0x62d571f8d9e0 .concat [ 6 2 0 0], L_0x62d571f8d910, L_0x72043dcd0060;
L_0x62d571f8db50 .concat [ 8 2 0 0], L_0x62d571f8d9e0, L_0x72043dcd0018;
L_0x62d571f8dc90 .part L_0x62d571f8db50, 0, 8;
L_0x62d571f8ddb0 .part v0x62d571f8bca0_0, 2, 6;
L_0x62d571f8dea0 .concat [ 6 2 0 0], L_0x62d571f8ddb0, L_0x72043dcd00f0;
L_0x62d571f8e050 .concat [ 8 2 0 0], L_0x62d571f8dea0, L_0x72043dcd00a8;
L_0x62d571f8e190 .part L_0x62d571f8e050, 0, 8;
L_0x62d571f8e320 .part v0x62d571f868c0_0, 2, 6;
L_0x62d571f8e3c0 .concat [ 6 2 0 0], L_0x62d571f8e320, L_0x72043dcd0180;
L_0x62d571f8e560 .concat [ 8 2 0 0], L_0x62d571f8e3c0, L_0x72043dcd0138;
L_0x62d571f8e650 .part L_0x62d571f8e560, 0, 8;
L_0x62d571f8e7b0 .part v0x62d571f8aad0_0, 2, 6;
L_0x62d571f8e880 .concat [ 6 2 0 0], L_0x62d571f8e7b0, L_0x72043dcd0210;
L_0x62d571f8ea70 .concat [ 8 2 0 0], L_0x62d571f8e880, L_0x72043dcd01c8;
L_0x62d571f8ebb0 .part L_0x62d571f8ea70, 0, 8;
L_0x62d571f8f180 .reduce/nor v0x62d571f86660_0;
L_0x62d571f8f220 .reduce/nor v0x62d571f865a0_0;
    .scope S_0x62d571f83c50;
T_1 ;
    %pushi/vec4 0, 0, 1;
    %store/vec4 v0x62d571f87260_0, 0, 1;
    %pushi/vec4 0, 0, 2;
    %store/vec4 v0x62d571f8b470_0, 0, 2;
    %pushi/vec4 0, 0, 8;
    %store/vec4 v0x62d571f86ee0_0, 0, 8;
    %pushi/vec4 0, 0, 8;
    %store/vec4 v0x62d571f868c0_0, 0, 8;
    %pushi/vec4 0, 0, 8;
    %store/vec4 v0x62d571f86d20_0, 0, 8;
    %pushi/vec4 0, 0, 3;
    %store/vec4 v0x62d571f870a0_0, 0, 3;
    %pushi/vec4 0, 0, 2;
    %store/vec4 v0x62d571f86b60_0, 0, 2;
    %pushi/vec4 0, 0, 8;
    %store/vec4 v0x62d571f8b0f0_0, 0, 8;
    %pushi/vec4 0, 0, 8;
    %store/vec4 v0x62d571f8aad0_0, 0, 8;
    %pushi/vec4 0, 0, 8;
    %store/vec4 v0x62d571f8af30_0, 0, 8;
    %pushi/vec4 0, 0, 3;
    %store/vec4 v0x62d571f8b2b0_0, 0, 3;
    %pushi/vec4 0, 0, 2;
    %store/vec4 v0x62d571f8ad70_0, 0, 2;
    %pushi/vec4 0, 0, 1;
    %store/vec4 v0x62d571f88c10_0, 0, 1;
    %pushi/vec4 0, 0, 1;
    %store/vec4 v0x62d571f8a5d0_0, 0, 1;
    %pushi/vec4 0, 0, 8;
    %store/vec4 v0x62d571f89030_0, 0, 8;
    %pushi/vec4 0, 0, 1;
    %store/vec4 v0x62d571f89430_0, 0, 1;
    %pushi/vec4 0, 0, 1;
    %store/vec4 v0x62d571f87d40_0, 0, 1;
    %pushi/vec4 0, 0, 8;
    %store/vec4 v0x62d571f89a30_0, 0, 8;
    %pushi/vec4 0, 0, 32;
    %store/vec4 v0x62d571f896b0_0, 0, 32;
    %pushi/vec4 0, 0, 1;
    %store/vec4 v0x62d571f89d50_0, 0, 1;
    %pushi/vec4 0, 0, 1;
    %store/vec4 v0x62d571f8a1f0_0, 0, 1;
    %pushi/vec4 0, 0, 8;
    %store/vec4 v0x62d571f89950_0, 0, 8;
    %pushi/vec4 0, 0, 32;
    %store/vec4 v0x62d571f895d0_0, 0, 32;
    %pushi/vec4 0, 0, 1;
    %store/vec4 v0x62d571f89c90_0, 0, 1;
    %pushi/vec4 0, 0, 1;
    %store/vec4 v0x62d571f8a130_0, 0, 1;
    %end;
    .thread T_1;
    .scope S_0x62d571f83c50;
T_2 ;
    %end;
    .thread T_2;
    .scope S_0x62d571f83c50;
T_3 ;
    %pushi/vec4 0, 0, 32;
    %store/vec4 v0x62d571f86160_0, 0, 32;
T_3.0 ;
    %load/vec4 v0x62d571f86160_0;
    %cmpi/s 64, 0, 32;
    %jmp/0xz T_3.1, 5;
    %load/vec4 v0x62d571f86160_0;
    %store/vec4 v0x62d571f86240_0, 0, 32;
T_3.2 ;
    %load/vec4 v0x62d571f86240_0;
    %load/vec4 v0x62d571f86160_0;
    %addi 8, 0, 32;
    %cmp/s;
    %jmp/0xz T_3.3, 5;
    %pushi/vec4 0, 0, 32;
    %ix/getv/s 4, v0x62d571f86240_0;
    %store/vec4a v0x62d571f864e0, 4, 0;
    %load/vec4 v0x62d571f86240_0;
    %addi 1, 0, 32;
    %store/vec4 v0x62d571f86240_0, 0, 32;
    %jmp T_3.2;
T_3.3 ;
    %load/vec4 v0x62d571f86160_0;
    %addi 8, 0, 32;
    %store/vec4 v0x62d571f86160_0, 0, 32;
    %jmp T_3.0;
T_3.1 ;
    %end;
    .thread T_3;
    .scope S_0x62d571f83c50;
T_4 ;
    %wait E_0x62d571ecfa50;
    %pushi/vec4 0, 0, 2;
    %store/vec4 v0x62d571f8b390_0, 0, 2;
    %pushi/vec4 0, 0, 1;
    %store/vec4 v0x62d571f86660_0, 0, 1;
    %load/vec4 v0x62d571f8b0f0_0;
    %store/vec4 v0x62d571f8b010_0, 0, 8;
    %load/vec4 v0x62d571f8aad0_0;
    %store/vec4 v0x62d571f8a9f0_0, 0, 8;
    %load/vec4 v0x62d571f8af30_0;
    %store/vec4 v0x62d571f8ae50_0, 0, 8;
    %load/vec4 v0x62d571f8b2b0_0;
    %store/vec4 v0x62d571f8b1d0_0, 0, 3;
    %load/vec4 v0x62d571f8ad70_0;
    %store/vec4 v0x62d571f8ac90_0, 0, 2;
    %pushi/vec4 0, 0, 1;
    %store/vec4 v0x62d571f88b50_0, 0, 1;
    %pushi/vec4 0, 0, 1;
    %store/vec4 v0x62d571f8a510_0, 0, 1;
    %load/vec4 v0x62d571f89030_0;
    %store/vec4 v0x62d571f88f50_0, 0, 8;
    %load/vec4 v0x62d571f89430_0;
    %load/vec4 v0x62d571f89110_0;
    %nor/r;
    %and;
    %store/vec4 v0x62d571f89370_0, 0, 1;
    %load/vec4 v0x62d571f8b470_0;
    %dup/vec4;
    %pushi/vec4 0, 0, 2;
    %cmp/u;
    %jmp/1 T_4.0, 6;
    %dup/vec4;
    %pushi/vec4 1, 0, 2;
    %cmp/u;
    %jmp/1 T_4.1, 6;
    %dup/vec4;
    %pushi/vec4 2, 0, 2;
    %cmp/u;
    %jmp/1 T_4.2, 6;
    %jmp T_4.3;
T_4.0 ;
    %pushi/vec4 1, 0, 1;
    %store/vec4 v0x62d571f88b50_0, 0, 1;
    %load/vec4 v0x62d571f88a90_0;
    %load/vec4 v0x62d571f88db0_0;
    %and;
    %flag_set/vec4 8;
    %jmp/0xz  T_4.4, 8;
    %load/vec4 v0x62d571f88730_0;
    %store/vec4 v0x62d571f8b010_0, 0, 8;
    %load/vec4 v0x62d571f87fa0_0;
    %store/vec4 v0x62d571f8a9f0_0, 0, 8;
    %load/vec4 v0x62d571f88810_0;
    %store/vec4 v0x62d571f8ae50_0, 0, 8;
    %load/vec4 v0x62d571f88cd0_0;
    %pad/u 32;
    %cmpi/u 2, 0, 32;
    %flag_mov 8, 5;
    %jmp/0 T_4.6, 8;
    %load/vec4 v0x62d571f88cd0_0;
    %pad/u 32;
    %jmp/1 T_4.7, 8;
T_4.6 ; End of true expr.
    %pushi/vec4 2, 0, 32;
    %jmp/0 T_4.7, 8;
 ; End of false expr.
    %blend;
T_4.7;
    %pad/u 3;
    %store/vec4 v0x62d571f8b1d0_0, 0, 3;
    %load/vec4 v0x62d571f88160_0;
    %store/vec4 v0x62d571f8ac90_0, 0, 2;
    %pushi/vec4 0, 0, 1;
    %store/vec4 v0x62d571f88b50_0, 0, 1;
    %pushi/vec4 1, 0, 1;
    %store/vec4 v0x62d571f8a510_0, 0, 1;
    %pushi/vec4 1, 0, 2;
    %store/vec4 v0x62d571f8b390_0, 0, 2;
    %jmp T_4.5;
T_4.4 ;
    %pushi/vec4 0, 0, 2;
    %store/vec4 v0x62d571f8b390_0, 0, 2;
T_4.5 ;
    %jmp T_4.3;
T_4.1 ;
    %pushi/vec4 1, 0, 1;
    %store/vec4 v0x62d571f8a510_0, 0, 1;
    %load/vec4 v0x62d571f8a450_0;
    %load/vec4 v0x62d571f8a770_0;
    %and;
    %flag_set/vec4 8;
    %jmp/0xz  T_4.8, 8;
    %pushi/vec4 1, 0, 1;
    %store/vec4 v0x62d571f86660_0, 0, 1;
    %load/vec4 v0x62d571f8ad70_0;
    %cmpi/ne 0, 0, 2;
    %jmp/0xz  T_4.10, 4;
    %load/vec4 v0x62d571f8aad0_0;
    %pushi/vec4 1, 0, 8;
    %ix/getv 4, v0x62d571f8b2b0_0;
    %shiftl 4;
    %add;
    %store/vec4 v0x62d571f8a9f0_0, 0, 8;
T_4.10 ;
    %load/vec4 v0x62d571f8af30_0;
    %subi 1, 0, 8;
    %store/vec4 v0x62d571f8ae50_0, 0, 8;
    %load/vec4 v0x62d571f8af30_0;
    %pad/u 32;
    %cmpi/u 0, 0, 32;
    %flag_or 5, 4; GT is !LE
    %flag_inv 5;
    %jmp/0xz  T_4.12, 5;
    %pushi/vec4 1, 0, 2;
    %store/vec4 v0x62d571f8b390_0, 0, 2;
    %jmp T_4.13;
T_4.12 ;
    %pushi/vec4 0, 0, 1;
    %store/vec4 v0x62d571f8a510_0, 0, 1;
    %load/vec4 v0x62d571f89110_0;
    %flag_set/vec4 8;
    %load/vec4 v0x62d571f892b0_0;
    %nor/r;
    %flag_set/vec4 9;
    %flag_or 9, 8;
    %jmp/0xz  T_4.14, 9;
    %load/vec4 v0x62d571f8b0f0_0;
    %store/vec4 v0x62d571f88f50_0, 0, 8;
    %pushi/vec4 1, 0, 1;
    %store/vec4 v0x62d571f89370_0, 0, 1;
    %pushi/vec4 1, 0, 1;
    %store/vec4 v0x62d571f88b50_0, 0, 1;
    %pushi/vec4 0, 0, 2;
    %store/vec4 v0x62d571f8b390_0, 0, 2;
    %jmp T_4.15;
T_4.14 ;
    %pushi/vec4 2, 0, 2;
    %store/vec4 v0x62d571f8b390_0, 0, 2;
T_4.15 ;
T_4.13 ;
    %jmp T_4.9;
T_4.8 ;
    %pushi/vec4 1, 0, 2;
    %store/vec4 v0x62d571f8b390_0, 0, 2;
T_4.9 ;
    %jmp T_4.3;
T_4.2 ;
    %load/vec4 v0x62d571f89110_0;
    %flag_set/vec4 8;
    %load/vec4 v0x62d571f892b0_0;
    %nor/r;
    %flag_set/vec4 9;
    %flag_or 9, 8;
    %jmp/0xz  T_4.16, 9;
    %load/vec4 v0x62d571f8b0f0_0;
    %store/vec4 v0x62d571f88f50_0, 0, 8;
    %pushi/vec4 1, 0, 1;
    %store/vec4 v0x62d571f89370_0, 0, 1;
    %pushi/vec4 1, 0, 1;
    %store/vec4 v0x62d571f88b50_0, 0, 1;
    %pushi/vec4 0, 0, 2;
    %store/vec4 v0x62d571f8b390_0, 0, 2;
    %jmp T_4.17;
T_4.16 ;
    %pushi/vec4 2, 0, 2;
    %store/vec4 v0x62d571f8b390_0, 0, 2;
T_4.17 ;
    %jmp T_4.3;
T_4.3 ;
    %pop/vec4 1;
    %jmp T_4;
    .thread T_4, $push;
    .scope S_0x62d571f83c50;
T_5 ;
    %wait E_0x62d571f0ccc0;
    %load/vec4 v0x62d571f87340_0;
    %flag_set/vec4 8;
    %jmp/0xz  T_5.0, 8;
    %pushi/vec4 0, 0, 1;
    %assign/vec4 v0x62d571f88c10_0, 0;
    %pushi/vec4 0, 0, 1;
    %assign/vec4 v0x62d571f8a5d0_0, 0;
    %pushi/vec4 0, 0, 1;
    %assign/vec4 v0x62d571f89430_0, 0;
    %pushi/vec4 0, 0, 2;
    %assign/vec4 v0x62d571f8b470_0, 0;
    %jmp T_5.1;
T_5.0 ;
    %load/vec4 v0x62d571f8b390_0;
    %assign/vec4 v0x62d571f8b470_0, 0;
    %load/vec4 v0x62d571f8b010_0;
    %assign/vec4 v0x62d571f8b0f0_0, 0;
    %load/vec4 v0x62d571f8a9f0_0;
    %assign/vec4 v0x62d571f8aad0_0, 0;
    %load/vec4 v0x62d571f8ae50_0;
    %assign/vec4 v0x62d571f8af30_0, 0;
    %load/vec4 v0x62d571f8b1d0_0;
    %assign/vec4 v0x62d571f8b2b0_0, 0;
    %load/vec4 v0x62d571f8ac90_0;
    %assign/vec4 v0x62d571f8ad70_0, 0;
    %load/vec4 v0x62d571f88b50_0;
    %assign/vec4 v0x62d571f88c10_0, 0;
    %load/vec4 v0x62d571f8a510_0;
    %assign/vec4 v0x62d571f8a5d0_0, 0;
    %load/vec4 v0x62d571f88f50_0;
    %assign/vec4 v0x62d571f89030_0, 0;
    %load/vec4 v0x62d571f89370_0;
    %assign/vec4 v0x62d571f89430_0, 0;
    %load/vec4 v0x62d571f86660_0;
    %flag_set/vec4 8;
    %jmp/0xz  T_5.2, 8;
    %pushi/vec4 0, 0, 32;
    %store/vec4 v0x62d571f86160_0, 0, 32;
T_5.4 ;
    %load/vec4 v0x62d571f86160_0;
    %cmpi/s 4, 0, 32;
    %jmp/0xz T_5.5, 5;
    %load/vec4 v0x62d571f8a690_0;
    %load/vec4 v0x62d571f86160_0;
    %part/s 1;
    %flag_set/vec4 8;
    %jmp/0xz  T_5.6, 8;
    %load/vec4 v0x62d571f8a2b0_0;
    %load/vec4 v0x62d571f86160_0;
    %muli 8, 0, 32;
    %part/s 8;
    %ix/getv 4, v0x62d571f8abb0_0;
    %flag_mov 8, 4;
    %load/vec4 v0x62d571f86160_0;
    %muli 8, 0, 32;
    %ix/vec4/s 5;
    %flag_or 8, 4;
    %ix/load 6, 0, 0; Constant delay
    %ix/mov 3, 4;
    %flag_mov 4, 8;
    %assign/vec4/a/d v0x62d571f864e0, 5, 6;
T_5.6 ;
    %load/vec4 v0x62d571f86160_0;
    %addi 1, 0, 32;
    %store/vec4 v0x62d571f86160_0, 0, 32;
    %jmp T_5.4;
T_5.5 ;
T_5.2 ;
T_5.1 ;
    %jmp T_5;
    .thread T_5;
    .scope S_0x62d571f83c50;
T_6 ;
    %wait E_0x62d571f081a0;
    %pushi/vec4 0, 0, 1;
    %store/vec4 v0x62d571f87180_0, 0, 1;
    %pushi/vec4 0, 0, 1;
    %store/vec4 v0x62d571f865a0_0, 0, 1;
    %load/vec4 v0x62d571f89a30_0;
    %store/vec4 v0x62d571f89870_0, 0, 8;
    %load/vec4 v0x62d571f89d50_0;
    %store/vec4 v0x62d571f89bd0_0, 0, 1;
    %load/vec4 v0x62d571f8a1f0_0;
    %load/vec4 v0x62d571f89e10_0;
    %pushi/vec4 0, 0, 1;
    %load/vec4 v0x62d571f8a130_0;
    %nor/r;
    %and;
    %or;
    %nor/r;
    %and;
    %store/vec4 v0x62d571f8a070_0, 0, 1;
    %load/vec4 v0x62d571f86ee0_0;
    %store/vec4 v0x62d571f86e00_0, 0, 8;
    %load/vec4 v0x62d571f868c0_0;
    %store/vec4 v0x62d571f867e0_0, 0, 8;
    %load/vec4 v0x62d571f86d20_0;
    %store/vec4 v0x62d571f86c40_0, 0, 8;
    %load/vec4 v0x62d571f870a0_0;
    %store/vec4 v0x62d571f86fc0_0, 0, 3;
    %load/vec4 v0x62d571f86b60_0;
    %store/vec4 v0x62d571f86a80_0, 0, 2;
    %pushi/vec4 0, 0, 1;
    %store/vec4 v0x62d571f87c80_0, 0, 1;
    %load/vec4 v0x62d571f87260_0;
    %dup/vec4;
    %pushi/vec4 0, 0, 1;
    %cmp/u;
    %jmp/1 T_6.0, 6;
    %dup/vec4;
    %pushi/vec4 1, 0, 1;
    %cmp/u;
    %jmp/1 T_6.1, 6;
    %jmp T_6.2;
T_6.0 ;
    %pushi/vec4 1, 0, 1;
    %store/vec4 v0x62d571f87c80_0, 0, 1;
    %load/vec4 v0x62d571f87bc0_0;
    %load/vec4 v0x62d571f87ee0_0;
    %and;
    %flag_set/vec4 8;
    %jmp/0xz  T_6.3, 8;
    %load/vec4 v0x62d571f87860_0;
    %store/vec4 v0x62d571f86e00_0, 0, 8;
    %load/vec4 v0x62d571f874e0_0;
    %store/vec4 v0x62d571f867e0_0, 0, 8;
    %load/vec4 v0x62d571f87940_0;
    %store/vec4 v0x62d571f86c40_0, 0, 8;
    %load/vec4 v0x62d571f87e00_0;
    %pad/u 32;
    %cmpi/u 2, 0, 32;
    %flag_mov 8, 5;
    %jmp/0 T_6.5, 8;
    %load/vec4 v0x62d571f87e00_0;
    %pad/u 32;
    %jmp/1 T_6.6, 8;
T_6.5 ; End of true expr.
    %pushi/vec4 2, 0, 32;
    %jmp/0 T_6.6, 8;
 ; End of false expr.
    %blend;
T_6.6;
    %pad/u 3;
    %store/vec4 v0x62d571f86fc0_0, 0, 3;
    %load/vec4 v0x62d571f876a0_0;
    %store/vec4 v0x62d571f86a80_0, 0, 2;
    %pushi/vec4 0, 0, 1;
    %store/vec4 v0x62d571f87c80_0, 0, 1;
    %pushi/vec4 1, 0, 1;
    %store/vec4 v0x62d571f87180_0, 0, 1;
    %jmp T_6.4;
T_6.3 ;
    %pushi/vec4 0, 0, 1;
    %store/vec4 v0x62d571f87180_0, 0, 1;
T_6.4 ;
    %jmp T_6.2;
T_6.1 ;
    %load/vec4 v0x62d571f89e10_0;
    %flag_set/vec4 8;
    %pushi/vec4 0, 0, 1;
    %load/vec4 v0x62d571f8a130_0;
    %nor/r;
    %and;
    %flag_set/vec4 9;
    %flag_or 9, 8;
    %load/vec4 v0x62d571f8a1f0_0;
    %nor/r;
    %flag_set/vec4 8;
    %flag_or 8, 9;
    %jmp/0xz  T_6.7, 8;
    %pushi/vec4 1, 0, 1;
    %store/vec4 v0x62d571f865a0_0, 0, 1;
    %pushi/vec4 1, 0, 1;
    %store/vec4 v0x62d571f8a070_0, 0, 1;
    %load/vec4 v0x62d571f86ee0_0;
    %store/vec4 v0x62d571f89870_0, 0, 8;
    %load/vec4 v0x62d571f86d20_0;
    %pad/u 32;
    %pushi/vec4 0, 0, 32;
    %cmp/e;
    %flag_get/vec4 4;
    %store/vec4 v0x62d571f89bd0_0, 0, 1;
    %load/vec4 v0x62d571f86b60_0;
    %cmpi/ne 0, 0, 2;
    %jmp/0xz  T_6.9, 4;
    %load/vec4 v0x62d571f868c0_0;
    %pushi/vec4 1, 0, 8;
    %ix/getv 4, v0x62d571f870a0_0;
    %shiftl 4;
    %add;
    %store/vec4 v0x62d571f867e0_0, 0, 8;
T_6.9 ;
    %load/vec4 v0x62d571f86d20_0;
    %subi 1, 0, 8;
    %store/vec4 v0x62d571f86c40_0, 0, 8;
    %load/vec4 v0x62d571f86d20_0;
    %pad/u 32;
    %cmpi/u 0, 0, 32;
    %flag_or 5, 4; GT is !LE
    %flag_inv 5;
    %jmp/0xz  T_6.11, 5;
    %pushi/vec4 1, 0, 1;
    %store/vec4 v0x62d571f87180_0, 0, 1;
    %jmp T_6.12;
T_6.11 ;
    %pushi/vec4 1, 0, 1;
    %store/vec4 v0x62d571f87c80_0, 0, 1;
    %pushi/vec4 0, 0, 1;
    %store/vec4 v0x62d571f87180_0, 0, 1;
T_6.12 ;
    %jmp T_6.8;
T_6.7 ;
    %pushi/vec4 1, 0, 1;
    %store/vec4 v0x62d571f87180_0, 0, 1;
T_6.8 ;
    %jmp T_6.2;
T_6.2 ;
    %pop/vec4 1;
    %jmp T_6;
    .thread T_6, $push;
    .scope S_0x62d571f83c50;
T_7 ;
    %wait E_0x62d571f0ccc0;
    %load/vec4 v0x62d571f87340_0;
    %flag_set/vec4 8;
    %jmp/0xz  T_7.0, 8;
    %pushi/vec4 0, 0, 1;
    %assign/vec4 v0x62d571f87d40_0, 0;
    %pushi/vec4 0, 0, 1;
    %assign/vec4 v0x62d571f8a1f0_0, 0;
    %pushi/vec4 0, 0, 1;
    %assign/vec4 v0x62d571f8a130_0, 0;
    %pushi/vec4 0, 0, 1;
    %assign/vec4 v0x62d571f87260_0, 0;
    %jmp T_7.1;
T_7.0 ;
    %load/vec4 v0x62d571f87180_0;
    %assign/vec4 v0x62d571f87260_0, 0;
    %load/vec4 v0x62d571f86e00_0;
    %assign/vec4 v0x62d571f86ee0_0, 0;
    %load/vec4 v0x62d571f867e0_0;
    %assign/vec4 v0x62d571f868c0_0, 0;
    %load/vec4 v0x62d571f86c40_0;
    %assign/vec4 v0x62d571f86d20_0, 0;
    %load/vec4 v0x62d571f86fc0_0;
    %assign/vec4 v0x62d571f870a0_0, 0;
    %load/vec4 v0x62d571f86a80_0;
    %assign/vec4 v0x62d571f86b60_0, 0;
    %load/vec4 v0x62d571f87c80_0;
    %assign/vec4 v0x62d571f87d40_0, 0;
    %load/vec4 v0x62d571f89870_0;
    %assign/vec4 v0x62d571f89a30_0, 0;
    %load/vec4 v0x62d571f89bd0_0;
    %assign/vec4 v0x62d571f89d50_0, 0;
    %load/vec4 v0x62d571f8a070_0;
    %assign/vec4 v0x62d571f8a1f0_0, 0;
    %load/vec4 v0x62d571f8a130_0;
    %nor/r;
    %flag_set/vec4 8;
    %load/vec4 v0x62d571f89e10_0;
    %flag_set/vec4 9;
    %flag_or 9, 8;
    %jmp/0xz  T_7.2, 9;
    %load/vec4 v0x62d571f89a30_0;
    %assign/vec4 v0x62d571f89950_0, 0;
    %load/vec4 v0x62d571f896b0_0;
    %assign/vec4 v0x62d571f895d0_0, 0;
    %load/vec4 v0x62d571f89d50_0;
    %assign/vec4 v0x62d571f89c90_0, 0;
    %load/vec4 v0x62d571f8a1f0_0;
    %assign/vec4 v0x62d571f8a130_0, 0;
T_7.2 ;
T_7.1 ;
    %jmp T_7;
    .thread T_7;
    .scope S_0x62d571f83c50;
T_8 ;
    %wait E_0x62d571f0ccc0;
    %load/vec4 v0x62d571f86720_0;
    %nor/r;
    %flag_set/vec4 8;
    %jmp/0xz  T_8.0, 8;
    %load/vec4 v0x62d571f86660_0;
    %flag_set/vec4 8;
    %jmp/0xz  T_8.2, 8;
    %pushi/vec4 0, 0, 32;
    %store/vec4 v0x62d571f86160_0, 0, 32;
T_8.4 ;
    %load/vec4 v0x62d571f86160_0;
    %cmpi/s 4, 0, 32;
    %jmp/0xz T_8.5, 5;
    %load/vec4 v0x62d571f8a690_0;
    %load/vec4 v0x62d571f86160_0;
    %part/s 1;
    %flag_set/vec4 8;
    %jmp/0xz  T_8.6, 8;
    %load/vec4 v0x62d571f8a2b0_0;
    %load/vec4 v0x62d571f86160_0;
    %muli 8, 0, 32;
    %part/s 8;
    %ix/getv 4, v0x62d571f8abb0_0;
    %flag_mov 8, 4;
    %load/vec4 v0x62d571f86160_0;
    %muli 8, 0, 32;
    %ix/vec4/s 5;
    %flag_or 8, 4;
    %ix/load 6, 0, 0; Constant delay
    %ix/mov 3, 4;
    %flag_mov 4, 8;
    %assign/vec4/a/d v0x62d571f864e0, 5, 6;
T_8.6 ;
    %load/vec4 v0x62d571f86160_0;
    %addi 1, 0, 32;
    %store/vec4 v0x62d571f86160_0, 0, 32;
    %jmp T_8.4;
T_8.5 ;
    %jmp T_8.3;
T_8.2 ;
    %load/vec4 v0x62d571f865a0_0;
    %flag_set/vec4 8;
    %jmp/0xz  T_8.8, 8;
    %ix/getv 4, v0x62d571f869a0_0;
    %load/vec4a v0x62d571f864e0, 4;
    %assign/vec4 v0x62d571f896b0_0, 0;
T_8.8 ;
T_8.3 ;
    %pushi/vec4 0, 0, 5;
    %assign/vec4 v0x62d571f8a830_0, 0;
    %pushi/vec4 0, 0, 32;
    %store/vec4 v0x62d571f86160_0, 0, 32;
T_8.10 ;
    %load/vec4 v0x62d571f86160_0;
    %cmpi/s 32, 0, 32;
    %jmp/0xz T_8.11, 5;
    %pushi/vec4 0, 0, 32;
    %ix/getv/s 3, v0x62d571f86160_0;
    %ix/load 4, 0, 0; Constant delay
    %assign/vec4/a/d v0x62d571f85b20, 0, 4;
    %load/vec4 v0x62d571f86160_0;
    %addi 1, 0, 32;
    %store/vec4 v0x62d571f86160_0, 0, 32;
    %jmp T_8.10;
T_8.11 ;
    %jmp T_8.1;
T_8.0 ;
    %pushi/vec4 0, 0, 32;
    %store/vec4 v0x62d571f86160_0, 0, 32;
T_8.12 ;
    %load/vec4 v0x62d571f86160_0;
    %cmpi/s 32, 0, 32;
    %jmp/0xz T_8.13, 5;
    %load/vec4 v0x62d571f8a830_0;
    %pad/u 32;
    %cmpi/e 0, 0, 32;
    %flag_mov 8, 4;
    %jmp/0 T_8.14, 8;
    %ix/getv/s 4, v0x62d571f86160_0;
    %load/vec4a v0x62d571f85fe0, 4;
    %jmp/1 T_8.15, 8;
T_8.14 ; End of true expr.
    %ix/getv/s 4, v0x62d571f86160_0;
    %load/vec4a v0x62d571f85b20, 4;
    %ix/getv/s 4, v0x62d571f86160_0;
    %load/vec4a v0x62d571f85fe0, 4;
    %ix/getv 4, v0x62d571f8a830_0;
    %shiftl 4;
    %add;
    %jmp/0 T_8.15, 8;
 ; End of false expr.
    %blend;
T_8.15;
    %ix/getv/s 3, v0x62d571f86160_0;
    %ix/load 4, 0, 0; Constant delay
    %assign/vec4/a/d v0x62d571f85b20, 0, 4;
    %load/vec4 v0x62d571f86160_0;
    %addi 1, 0, 32;
    %store/vec4 v0x62d571f86160_0, 0, 32;
    %jmp T_8.12;
T_8.13 ;
    %load/vec4 v0x62d571f8a830_0;
    %addi 1, 0, 5;
    %assign/vec4 v0x62d571f8a830_0, 0;
T_8.1 ;
    %load/vec4 v0x62d571f8a910_0;
    %assign/vec4 v0x62d571f86400_0, 0;
    %jmp T_8;
    .thread T_8;
    .scope S_0x62d571f83c50;
T_9 ;
    %wait E_0x62d571f08430;
    %pushi/vec4 0, 0, 32;
    %store/vec4 v0x62d571f86160_0, 0, 32;
T_9.0 ;
    %load/vec4 v0x62d571f86160_0;
    %cmpi/s 32, 0, 32;
    %jmp/0xz T_9.1, 5;
    %pushi/vec4 0, 0, 32;
    %ix/getv/s 4, v0x62d571f86160_0;
    %store/vec4a v0x62d571f85fe0, 4, 0;
    %pushi/vec4 0, 0, 32;
    %store/vec4 v0x62d571f86240_0, 0, 32;
T_9.2 ;
    %load/vec4 v0x62d571f86240_0;
    %pad/s 40;
    %cmpi/s 256, 0, 40;
    %jmp/0xz T_9.3, 5;
    %ix/getv/s 4, v0x62d571f86160_0;
    %load/vec4a v0x62d571f85fe0, 4;
    %pushi/vec4 0, 0, 33;
    %load/vec4 v0x62d571f86240_0;
    %pad/u 33;
    %add;
    %ix/vec4 4;
    %load/vec4a v0x62d571f864e0, 4;
    %load/vec4 v0x62d571f86160_0;
    %part/s 1;
    %pad/u 32;
    %load/vec4 v0x62d571f87400_0;
    %load/vec4 v0x62d571f86240_0;
    %part/s 1;
    %pad/u 32;
    %and;
    %add;
    %ix/getv/s 4, v0x62d571f86160_0;
    %store/vec4a v0x62d571f85fe0, 4, 0;
    %load/vec4 v0x62d571f86240_0;
    %addi 1, 0, 32;
    %store/vec4 v0x62d571f86240_0, 0, 32;
    %jmp T_9.2;
T_9.3 ;
    %load/vec4 v0x62d571f86160_0;
    %addi 1, 0, 32;
    %store/vec4 v0x62d571f86160_0, 0, 32;
    %jmp T_9.0;
T_9.1 ;
    %jmp T_9;
    .thread T_9, $push;
    .scope S_0x62d571f83c50;
T_10 ;
    %wait E_0x62d571f0ca30;
    %pushi/vec4 0, 0, 32;
    %store/vec4 v0x62d571f8a910_0, 0, 32;
    %pushi/vec4 0, 0, 32;
    %store/vec4 v0x62d571f86160_0, 0, 32;
T_10.0 ;
    %load/vec4 v0x62d571f86160_0;
    %cmpi/s 32, 0, 32;
    %jmp/0xz T_10.1, 5;
    %load/vec4 v0x62d571f8a910_0;
    %ix/getv/s 4, v0x62d571f86160_0;
    %load/vec4a v0x62d571f85b20, 4;
    %load/vec4 v0x62d571f86160_0;
    %ix/vec4 4;
    %shiftl 4;
    %add;
    %store/vec4 v0x62d571f8a910_0, 0, 32;
    %load/vec4 v0x62d571f86160_0;
    %addi 1, 0, 32;
    %store/vec4 v0x62d571f86160_0, 0, 32;
    %jmp T_10.0;
T_10.1 ;
    %jmp T_10;
    .thread T_10, $push;
    .scope S_0x62d571f83c50;
T_11 ;
    %wait E_0x62d571f0ccc0;
    %load/vec4 v0x62d571f87340_0;
    %flag_set/vec4 8;
    %jmp/0xz  T_11.0, 8;
    %pushi/vec4 0, 0, 256;
    %assign/vec4 v0x62d571f87400_0, 0;
    %jmp T_11.1;
T_11.0 ;
    %pushi/vec4 0, 0, 32;
    %store/vec4 v0x62d571f86160_0, 0, 32;
T_11.2 ;
    %load/vec4 v0x62d571f86160_0;
    %cmpi/s 256, 0, 32;
    %jmp/0xz T_11.3, 5;
    %vpi_func 3 441 "$random" 32 {0 0 0};
    %pushi/vec4 2, 0, 32;
    %mod/s;
    %pad/s 1;
    %ix/load 5, 0, 0;
    %ix/getv/s 4, v0x62d571f86160_0;
    %assign/vec4/off/d v0x62d571f87400_0, 4, 5;
    %load/vec4 v0x62d571f86160_0;
    %addi 1, 0, 32;
    %store/vec4 v0x62d571f86160_0, 0, 32;
    %jmp T_11.2;
T_11.3 ;
T_11.1 ;
    %load/vec4 v0x62d571f86720_0;
    %flag_set/vec4 8;
    %jmp/0xz  T_11.4, 8;
    %vpi_call 3 446 "$display", "---- Operation ----" {0 0 0};
    %vpi_call 3 447 "$display", "p_en:%h, mem_wr_en:%h", v0x62d571f86720_0, v0x62d571f86660_0 {0 0 0};
    %vpi_call 3 448 "$display", "input: %h, mac_out:%h\012", v0x62d571f8a2b0_0, v0x62d571f86320_0 {0 0 0};
    %jmp T_11.5;
T_11.4 ;
    %load/vec4 v0x62d571f86660_0;
    %flag_set/vec4 8;
    %jmp/0xz  T_11.6, 8;
    %vpi_call 3 452 "$display", "==== Writing ====" {0 0 0};
    %vpi_call 3 453 "$display", "p_en:%d, mem_wr_en:%h, address %h, s_axi_wdata:%h\012", v0x62d571f86720_0, v0x62d571f86660_0, v0x62d571f8abb0_0, v0x62d571f8a2b0_0 {0 0 0};
    %jmp T_11.7;
T_11.6 ;
    %vpi_call 3 456 "$display", "~~~~ Reading ~~~~" {0 0 0};
    %vpi_call 3 457 "$display", "p_en:%d, mem_rd_en:%h, address %h, s_axi_rdata:%h\012", v0x62d571f86720_0, v0x62d571f865a0_0, v0x62d571f869a0_0, v0x62d571f894f0_0 {0 0 0};
T_11.7 ;
T_11.5 ;
    %jmp T_11;
    .thread T_11;
    .scope S_0x62d571eabcf0;
T_12 ;
    %pushi/vec4 0, 0, 1;
    %store/vec4 v0x62d571f8ba10_0, 0, 1;
    %pushi/vec4 1, 0, 1;
    %store/vec4 v0x62d571f8bba0_0, 0, 1;
    %end;
    .thread T_12;
    .scope S_0x62d571eabcf0;
T_13 ;
    %delay 5000, 0;
    %load/vec4 v0x62d571f8ba10_0;
    %inv;
    %store/vec4 v0x62d571f8ba10_0, 0, 1;
    %jmp T_13;
    .thread T_13;
    .scope S_0x62d571eabcf0;
T_14 ;
    %pushi/vec4 0, 0, 8;
    %store/vec4 v0x62d571f8c700_0, 0, 8;
    %pushi/vec4 0, 0, 8;
    %store/vec4 v0x62d571f8c490_0, 0, 8;
    %pushi/vec4 3, 0, 8;
    %store/vec4 v0x62d571f8c7d0_0, 0, 8;
    %pushi/vec4 2, 0, 3;
    %store/vec4 v0x62d571f8cb10_0, 0, 3;
    %pushi/vec4 1, 0, 2;
    %store/vec4 v0x62d571f8c560_0, 0, 2;
    %pushi/vec4 0, 0, 1;
    %store/vec4 v0x62d571f8c8a0_0, 0, 1;
    %pushi/vec4 0, 0, 4;
    %store/vec4 v0x62d571f8c630_0, 0, 4;
    %pushi/vec4 0, 0, 3;
    %store/vec4 v0x62d571f8c970_0, 0, 3;
    %pushi/vec4 0, 0, 1;
    %store/vec4 v0x62d571f8cbe0_0, 0, 1;
    %pushi/vec4 0, 0, 32;
    %store/vec4 v0x62d571f8d4d0_0, 0, 32;
    %pushi/vec4 15, 0, 4;
    %store/vec4 v0x62d571f8d740_0, 0, 4;
    %pushi/vec4 0, 0, 1;
    %store/vec4 v0x62d571f8d5a0_0, 0, 1;
    %pushi/vec4 0, 0, 1;
    %store/vec4 v0x62d571f8d810_0, 0, 1;
    %pushi/vec4 0, 0, 1;
    %store/vec4 v0x62d571f8cd80_0, 0, 1;
    %pushi/vec4 0, 0, 8;
    %store/vec4 v0x62d571f8bee0_0, 0, 8;
    %pushi/vec4 0, 0, 8;
    %store/vec4 v0x62d571f8bca0_0, 0, 8;
    %pushi/vec4 3, 0, 8;
    %store/vec4 v0x62d571f8bfb0_0, 0, 8;
    %pushi/vec4 2, 0, 3;
    %store/vec4 v0x62d571f8c2f0_0, 0, 3;
    %pushi/vec4 1, 0, 2;
    %store/vec4 v0x62d571f8bd70_0, 0, 2;
    %pushi/vec4 0, 0, 1;
    %store/vec4 v0x62d571f8c080_0, 0, 1;
    %pushi/vec4 0, 0, 4;
    %store/vec4 v0x62d571f8be10_0, 0, 4;
    %pushi/vec4 0, 0, 3;
    %store/vec4 v0x62d571f8c150_0, 0, 3;
    %pushi/vec4 0, 0, 1;
    %store/vec4 v0x62d571f8c3c0_0, 0, 1;
    %pushi/vec4 0, 0, 1;
    %store/vec4 v0x62d571f8d260_0, 0, 1;
    %delay 100000, 0;
    %pushi/vec4 0, 0, 1;
    %store/vec4 v0x62d571f8bba0_0, 0, 1;
    %fork TD_tb_axi_pim.test_burst_write_and_read, S_0x62d571efabc0;
    %join;
    %vpi_call 2 149 "$finish" {0 0 0};
    %end;
    .thread T_14;
    .scope S_0x62d571eabcf0;
T_15 ;
    %vpi_call 2 213 "$dumpvars", 32'sb00000000000000000000000000000010, S_0x62d571f83c50 {0 0 0};
    %vpi_call 2 214 "$dumpfile", "axi_pim.vcd" {0 0 0};
    %end;
    .thread T_15;
# The file index is used to find the file name in the following table.
:file_names 4;
    "N/A";
    "<interactive>";
    "./tb_axi_pim.v";
    "./axi_pim.v";
