#! /usr/bin/vvp
:ivl_version "11.0 (stable)";
:ivl_delay_selection "TYPICAL";
:vpi_time_precision - 12;
:vpi_module "/usr/lib/x86_64-linux-gnu/ivl/system.vpi";
:vpi_module "/usr/lib/x86_64-linux-gnu/ivl/vhdl_sys.vpi";
:vpi_module "/usr/lib/x86_64-linux-gnu/ivl/vhdl_textio.vpi";
:vpi_module "/usr/lib/x86_64-linux-gnu/ivl/v2005_math.vpi";
:vpi_module "/usr/lib/x86_64-linux-gnu/ivl/va_math.vpi";
S_0x64caa4172300 .scope module, "PIM_MODEL" "PIM_MODEL" 2 1;
 .timescale 0 0;
    .port_info 0 /OUTPUT 32 "q";
    .port_info 1 /OUTPUT 32 "mac_out";
    .port_info 2 /INPUT 32 "d";
    .port_info 3 /INPUT 8 "addr";
    .port_info 4 /INPUT 256 "rwl";
    .port_info 5 /INPUT 1 "w_en";
    .port_info 6 /INPUT 1 "p_en";
    .port_info 7 /INPUT 1 "clk";
P_0x64caa4172f30 .param/l "AWIDTH" 0 2 4, +C4<00000000000000000000000000001000>;
P_0x64caa4172f70 .param/l "DWIDTH" 0 2 3, +C4<00000000000000000000000000100000>;
P_0x64caa4172fb0 .param/l "PDEPTH" 0 2 6, +C4<0000000000000000000000000000000100000000>;
P_0x64caa4172ff0 .param/l "PIM_ADDR_BEGIN" 0 2 2, C4<00000000000000000000000000000000>;
P_0x64caa4173030 .param/l "PWIDTH" 0 2 5, +C4<00000000000000000000000000100000>;
L_0x64caa417e260 .functor BUFZ 32, v0x64caa41a28c0_0, C4<00000000000000000000000000000000>, C4<00000000000000000000000000000000>, C4<00000000000000000000000000000000>;
L_0x64caa41834e0 .functor BUFZ 32, v0x64caa41a2580_0, C4<00000000000000000000000000000000>, C4<00000000000000000000000000000000>, C4<00000000000000000000000000000000>;
L_0x7bcedc4d0060 .functor BUFT 1, C4<0>, C4<0>, C4<0>, C4<0>;
v0x64caa40b7210_0 .net *"_ivl_13", 0 0, L_0x7bcedc4d0060;  1 drivers
L_0x7bcedc4d00a8 .functor BUFT 1, C4<0>, C4<0>, C4<0>, C4<0>;
v0x64caa40b6e10_0 .net *"_ivl_18", 0 0, L_0x7bcedc4d00a8;  1 drivers
L_0x7bcedc4d00f0 .functor BUFT 1, C4<0>, C4<0>, C4<0>, C4<0>;
v0x64caa417e400_0 .net *"_ivl_23", 0 0, L_0x7bcedc4d00f0;  1 drivers
L_0x7bcedc4d0138 .functor BUFT 1, C4<0>, C4<0>, C4<0>, C4<0>;
v0x64caa4183600_0 .net *"_ivl_28", 0 0, L_0x7bcedc4d0138;  1 drivers
L_0x7bcedc4d0180 .functor BUFT 1, C4<0>, C4<0>, C4<0>, C4<0>;
v0x64caa4186090_0 .net *"_ivl_33", 0 0, L_0x7bcedc4d0180;  1 drivers
L_0x7bcedc4d0018 .functor BUFT 1, C4<0>, C4<0>, C4<0>, C4<0>;
v0x64caa418ad50_0 .net *"_ivl_8", 0 0, L_0x7bcedc4d0018;  1 drivers
v0x64caa4165ba0 .array "acc_result", 31 0, 31 0;
v0x64caa41a1a60_0 .net "acc_result_0", 32 0, L_0x64caa41b3ae0;  1 drivers
v0x64caa41a1b40_0 .net "acc_result_1", 32 0, L_0x64caa41b3bd0;  1 drivers
v0x64caa41a1c20_0 .net "acc_result_2", 32 0, L_0x64caa41b3cc0;  1 drivers
v0x64caa41a1d00_0 .net "acc_result_3", 32 0, L_0x64caa41b3db0;  1 drivers
v0x64caa41a1de0_0 .net "acc_result_4", 32 0, L_0x64caa41b3ea0;  1 drivers
v0x64caa41a1ec0_0 .net "acc_result_5", 32 0, L_0x64caa41b3fe0;  1 drivers
v0x64caa41a1fa0 .array "adc_out", 31 0, 31 0;
o0x7bcedc848858 .functor BUFZ 8, C4<zzzzzzzz>; HiZ drive
v0x64caa41a2060_0 .net "addr", 7 0, o0x7bcedc848858;  0 drivers
o0x7bcedc848888 .functor BUFZ 1, C4<z>; HiZ drive
v0x64caa41a2140_0 .net "clk", 0 0, o0x7bcedc848888;  0 drivers
o0x7bcedc8488b8 .functor BUFZ 32, C4<zzzzzzzzzzzzzzzzzzzzzzzzzzzzzzzz>; HiZ drive
v0x64caa41a2200_0 .net "d", 31 0, o0x7bcedc8488b8;  0 drivers
v0x64caa41a22e0_0 .var/i "i", 31 0;
v0x64caa41a23c0_0 .var/i "j", 31 0;
v0x64caa41a24a0_0 .net "mac_out", 31 0, L_0x64caa41834e0;  1 drivers
v0x64caa41a2580_0 .var "mac_out_reg", 31 0;
v0x64caa41a2660 .array "mem", 255 0, 31 0;
o0x7bcedc8489a8 .functor BUFZ 1, C4<z>; HiZ drive
v0x64caa41a2720_0 .net "p_en", 0 0, o0x7bcedc8489a8;  0 drivers
v0x64caa41a27e0_0 .net "q", 31 0, L_0x64caa417e260;  1 drivers
v0x64caa41a28c0_0 .var "q_reg", 31 0;
o0x7bcedc848a38 .functor BUFZ 256, C4<zzzzzzzzzzzzzzzzzzzzzzzzzzzzzzzzzzzzzzzzzzzzzzzzzzzzzzzzzzzzzzzzzzzzzzzzzzzzzzzzzzzzzzzzzzzzzzzzzzzzzzzzzzzzzzzzzzzzzzzzzzzzzzzzzzzzzzzzzzzzzzzzzzzzzzzzzzzzzzzzzzzzzzzzzzzzzzzzzzzzzzzzzzzzzzzzzzzzzzzzzzzzzzzzzzzzzzzzzzzzzzzzzzzzzzzzzzzzzzzzzzzzzzzzzzzzzzzz>; HiZ drive
v0x64caa41a29a0_0 .net "rwl", 255 0, o0x7bcedc848a38;  0 drivers
v0x64caa41a2a80_0 .var "shift_cnt", 4 0;
v0x64caa41a2b60_0 .var "sum_acc_result", 31 0;
o0x7bcedc848ac8 .functor BUFZ 1, C4<z>; HiZ drive
v0x64caa41a2c40_0 .net "w_en", 0 0, o0x7bcedc848ac8;  0 drivers
v0x64caa4165ba0_0 .array/port v0x64caa4165ba0, 0;
v0x64caa4165ba0_1 .array/port v0x64caa4165ba0, 1;
v0x64caa4165ba0_2 .array/port v0x64caa4165ba0, 2;
E_0x64caa4130840/0 .event edge, v0x64caa41a2b60_0, v0x64caa4165ba0_0, v0x64caa4165ba0_1, v0x64caa4165ba0_2;
v0x64caa4165ba0_3 .array/port v0x64caa4165ba0, 3;
v0x64caa4165ba0_4 .array/port v0x64caa4165ba0, 4;
v0x64caa4165ba0_5 .array/port v0x64caa4165ba0, 5;
v0x64caa4165ba0_6 .array/port v0x64caa4165ba0, 6;
E_0x64caa4130840/1 .event edge, v0x64caa4165ba0_3, v0x64caa4165ba0_4, v0x64caa4165ba0_5, v0x64caa4165ba0_6;
v0x64caa4165ba0_7 .array/port v0x64caa4165ba0, 7;
v0x64caa4165ba0_8 .array/port v0x64caa4165ba0, 8;
v0x64caa4165ba0_9 .array/port v0x64caa4165ba0, 9;
v0x64caa4165ba0_10 .array/port v0x64caa4165ba0, 10;
E_0x64caa4130840/2 .event edge, v0x64caa4165ba0_7, v0x64caa4165ba0_8, v0x64caa4165ba0_9, v0x64caa4165ba0_10;
v0x64caa4165ba0_11 .array/port v0x64caa4165ba0, 11;
v0x64caa4165ba0_12 .array/port v0x64caa4165ba0, 12;
v0x64caa4165ba0_13 .array/port v0x64caa4165ba0, 13;
v0x64caa4165ba0_14 .array/port v0x64caa4165ba0, 14;
E_0x64caa4130840/3 .event edge, v0x64caa4165ba0_11, v0x64caa4165ba0_12, v0x64caa4165ba0_13, v0x64caa4165ba0_14;
v0x64caa4165ba0_15 .array/port v0x64caa4165ba0, 15;
v0x64caa4165ba0_16 .array/port v0x64caa4165ba0, 16;
v0x64caa4165ba0_17 .array/port v0x64caa4165ba0, 17;
v0x64caa4165ba0_18 .array/port v0x64caa4165ba0, 18;
E_0x64caa4130840/4 .event edge, v0x64caa4165ba0_15, v0x64caa4165ba0_16, v0x64caa4165ba0_17, v0x64caa4165ba0_18;
v0x64caa4165ba0_19 .array/port v0x64caa4165ba0, 19;
v0x64caa4165ba0_20 .array/port v0x64caa4165ba0, 20;
v0x64caa4165ba0_21 .array/port v0x64caa4165ba0, 21;
v0x64caa4165ba0_22 .array/port v0x64caa4165ba0, 22;
E_0x64caa4130840/5 .event edge, v0x64caa4165ba0_19, v0x64caa4165ba0_20, v0x64caa4165ba0_21, v0x64caa4165ba0_22;
v0x64caa4165ba0_23 .array/port v0x64caa4165ba0, 23;
v0x64caa4165ba0_24 .array/port v0x64caa4165ba0, 24;
v0x64caa4165ba0_25 .array/port v0x64caa4165ba0, 25;
v0x64caa4165ba0_26 .array/port v0x64caa4165ba0, 26;
E_0x64caa4130840/6 .event edge, v0x64caa4165ba0_23, v0x64caa4165ba0_24, v0x64caa4165ba0_25, v0x64caa4165ba0_26;
v0x64caa4165ba0_27 .array/port v0x64caa4165ba0, 27;
v0x64caa4165ba0_28 .array/port v0x64caa4165ba0, 28;
v0x64caa4165ba0_29 .array/port v0x64caa4165ba0, 29;
v0x64caa4165ba0_30 .array/port v0x64caa4165ba0, 30;
E_0x64caa4130840/7 .event edge, v0x64caa4165ba0_27, v0x64caa4165ba0_28, v0x64caa4165ba0_29, v0x64caa4165ba0_30;
v0x64caa4165ba0_31 .array/port v0x64caa4165ba0, 31;
E_0x64caa4130840/8 .event edge, v0x64caa4165ba0_31;
E_0x64caa4130840 .event/or E_0x64caa4130840/0, E_0x64caa4130840/1, E_0x64caa4130840/2, E_0x64caa4130840/3, E_0x64caa4130840/4, E_0x64caa4130840/5, E_0x64caa4130840/6, E_0x64caa4130840/7, E_0x64caa4130840/8;
E_0x64caa412e9d0 .event edge, v0x64caa41a29a0_0;
E_0x64caa4091b90 .event posedge, v0x64caa41a2140_0;
L_0x64caa41b3ae0 .concat [ 32 1 0 0], v0x64caa4165ba0_0, L_0x7bcedc4d0018;
L_0x64caa41b3bd0 .concat [ 32 1 0 0], v0x64caa4165ba0_1, L_0x7bcedc4d0060;
L_0x64caa41b3cc0 .concat [ 32 1 0 0], v0x64caa4165ba0_2, L_0x7bcedc4d00a8;
L_0x64caa41b3db0 .concat [ 32 1 0 0], v0x64caa4165ba0_3, L_0x7bcedc4d00f0;
L_0x64caa41b3ea0 .concat [ 32 1 0 0], v0x64caa4165ba0_4, L_0x7bcedc4d0138;
L_0x64caa41b3fe0 .concat [ 32 1 0 0], v0x64caa4165ba0_5, L_0x7bcedc4d0180;
S_0x64caa414c0a0 .scope module, "testbench" "testbench" 3 1;
 .timescale 0 0;
v0x64caa41b1ae0_0 .var "araddr", 15 0;
v0x64caa41b1bf0_0 .var "arburst", 1 0;
v0x64caa41b1c90_0 .var "arid", 7 0;
v0x64caa41b1d80_0 .var "arlen", 7 0;
RS_0x7bcedc8493c8 .resolv tri, v0x64caa41a60b0_0, v0x64caa41adf70_0;
v0x64caa41b1e90_0 .net8 "arready", 0 0, RS_0x7bcedc8493c8;  2 drivers
v0x64caa41b1fd0_0 .var "arsize", 2 0;
v0x64caa41b20e0_0 .var "arvalid", 0 0;
v0x64caa41b21d0_0 .var "awaddr", 15 0;
v0x64caa41b2290_0 .var "awburst", 1 0;
v0x64caa41b2330_0 .var "awid", 7 0;
v0x64caa41b2440_0 .var "awlen", 7 0;
RS_0x7bcedc849638 .resolv tri, v0x64caa41a6b70_0, v0x64caa41aede0_0;
v0x64caa41b2550_0 .net8 "awready", 0 0, RS_0x7bcedc849638;  2 drivers
v0x64caa41b2640_0 .var "awsize", 2 0;
v0x64caa41b2750_0 .var "awvalid", 0 0;
RS_0x7bcedc849728 .resolv tri, v0x64caa41a6f90_0, v0x64caa41af1d0_0;
v0x64caa41b2840_0 .net8 "bid", 7 0, RS_0x7bcedc849728;  2 drivers
v0x64caa41b2950_0 .var "bready", 0 0;
L_0x7bcedc4d02e8 .functor BUFT 1, C4<00>, C4<0>, C4<0>, C4<0>;
L_0x7bcedc4d05b8 .functor BUFT 1, C4<00>, C4<0>, C4<0>, C4<0>;
RS_0x7bcedc8497e8 .resolv tri, L_0x7bcedc4d02e8, L_0x7bcedc4d05b8;
v0x64caa41b2a40_0 .net8 "bresp", 1 0, RS_0x7bcedc8497e8;  2 drivers
RS_0x7bcedc849818 .resolv tri, v0x64caa41a7390_0, v0x64caa41af5c0_0;
v0x64caa41b2b50_0 .net8 "bvalid", 0 0, RS_0x7bcedc849818;  2 drivers
v0x64caa41b2c40_0 .var "clk", 0 0;
v0x64caa41b2d30_0 .var/i "i", 31 0;
v0x64caa41b2e10_0 .net "mac_out", 31 0, L_0x64caa41b7330;  1 drivers
v0x64caa41b2ed0_0 .net "rdata_axi_pim", 31 0, L_0x64caa41b6c60;  1 drivers
v0x64caa41b2f70_0 .net "rdata_axi_ram", 31 0, L_0x64caa41b4fd0;  1 drivers
RS_0x7bcedc849938 .resolv tri, v0x64caa41a7990_0, v0x64caa41afb90_0;
v0x64caa41b3010_0 .net8 "rid", 7 0, RS_0x7bcedc849938;  2 drivers
RS_0x7bcedc8499f8 .resolv tri, v0x64caa41a7cb0_0, v0x64caa41afea0_0;
v0x64caa41b3100_0 .net8 "rlast", 0 0, RS_0x7bcedc8499f8;  2 drivers
v0x64caa41b31f0_0 .var "rready", 0 0;
L_0x7bcedc4d0330 .functor BUFT 1, C4<00>, C4<0>, C4<0>, C4<0>;
L_0x7bcedc4d0600 .functor BUFT 1, C4<00>, C4<0>, C4<0>, C4<0>;
RS_0x7bcedc849ae8 .resolv tri, L_0x7bcedc4d0330, L_0x7bcedc4d0600;
v0x64caa41b32e0_0 .net8 "rresp", 1 0, RS_0x7bcedc849ae8;  2 drivers
v0x64caa41b33f0_0 .var "rst", 0 0;
RS_0x7bcedc849b18 .resolv tri, v0x64caa41a8150_0, v0x64caa41b0310_0;
v0x64caa41b34e0_0 .net8 "rvalid", 0 0, RS_0x7bcedc849b18;  2 drivers
v0x64caa41b35d0_0 .var "wdata", 31 0;
v0x64caa41b36e0_0 .var "wlast", 0 0;
RS_0x7bcedc849c38 .resolv tri, v0x64caa41a8530_0, v0x64caa41b0700_0;
v0x64caa41b37d0_0 .net8 "wready", 0 0, RS_0x7bcedc849c38;  2 drivers
v0x64caa41b38c0_0 .var "wstrb", 3 0;
v0x64caa41b39d0_0 .var "wvalid", 0 0;
L_0x64caa41b73a0 .part v0x64caa41b21d0_0, 0, 8;
L_0x64caa41b7440 .part v0x64caa41b1ae0_0, 0, 8;
S_0x64caa4159a40 .scope module, "dut1" "axi_ram" 3 44, 4 34 0, S_0x64caa414c0a0;
 .timescale -9 -12;
    .port_info 0 /INPUT 1 "clk";
    .port_info 1 /INPUT 1 "rst";
    .port_info 2 /INPUT 8 "s_axi_awid";
    .port_info 3 /INPUT 16 "s_axi_awaddr";
    .port_info 4 /INPUT 8 "s_axi_awlen";
    .port_info 5 /INPUT 3 "s_axi_awsize";
    .port_info 6 /INPUT 2 "s_axi_awburst";
    .port_info 7 /INPUT 1 "s_axi_awlock";
    .port_info 8 /INPUT 4 "s_axi_awcache";
    .port_info 9 /INPUT 3 "s_axi_awprot";
    .port_info 10 /INPUT 1 "s_axi_awvalid";
    .port_info 11 /OUTPUT 1 "s_axi_awready";
    .port_info 12 /INPUT 32 "s_axi_wdata";
    .port_info 13 /INPUT 4 "s_axi_wstrb";
    .port_info 14 /INPUT 1 "s_axi_wlast";
    .port_info 15 /INPUT 1 "s_axi_wvalid";
    .port_info 16 /OUTPUT 1 "s_axi_wready";
    .port_info 17 /OUTPUT 8 "s_axi_bid";
    .port_info 18 /OUTPUT 2 "s_axi_bresp";
    .port_info 19 /OUTPUT 1 "s_axi_bvalid";
    .port_info 20 /INPUT 1 "s_axi_bready";
    .port_info 21 /INPUT 8 "s_axi_arid";
    .port_info 22 /INPUT 16 "s_axi_araddr";
    .port_info 23 /INPUT 8 "s_axi_arlen";
    .port_info 24 /INPUT 3 "s_axi_arsize";
    .port_info 25 /INPUT 2 "s_axi_arburst";
    .port_info 26 /INPUT 1 "s_axi_arlock";
    .port_info 27 /INPUT 4 "s_axi_arcache";
    .port_info 28 /INPUT 3 "s_axi_arprot";
    .port_info 29 /INPUT 1 "s_axi_arvalid";
    .port_info 30 /OUTPUT 1 "s_axi_arready";
    .port_info 31 /OUTPUT 8 "s_axi_rid";
    .port_info 32 /OUTPUT 32 "s_axi_rdata";
    .port_info 33 /OUTPUT 2 "s_axi_rresp";
    .port_info 34 /OUTPUT 1 "s_axi_rlast";
    .port_info 35 /OUTPUT 1 "s_axi_rvalid";
    .port_info 36 /INPUT 1 "s_axi_rready";
P_0x64caa41a2e20 .param/l "ADDR_WIDTH" 0 4 39, +C4<00000000000000000000000000010000>;
P_0x64caa41a2e60 .param/l "DATA_WIDTH" 0 4 37, +C4<00000000000000000000000000100000>;
P_0x64caa41a2ea0 .param/l "ID_WIDTH" 0 4 43, +C4<00000000000000000000000000001000>;
P_0x64caa41a2ee0 .param/l "PIPELINE_OUTPUT" 0 4 45, +C4<00000000000000000000000000000000>;
P_0x64caa41a2f20 .param/l "READ_STATE_BURST" 1 4 107, C4<1>;
P_0x64caa41a2f60 .param/l "READ_STATE_IDLE" 1 4 106, C4<0>;
P_0x64caa41a2fa0 .param/l "STRB_WIDTH" 0 4 41, +C4<00000000000000000000000000000100>;
P_0x64caa41a2fe0 .param/l "VALID_ADDR_WIDTH" 0 4 88, +C4<000000000000000000000000000001110>;
P_0x64caa41a3020 .param/l "WORD_SIZE" 0 4 90, +C4<00000000000000000000000000001000>;
P_0x64caa41a3060 .param/l "WORD_WIDTH" 0 4 89, +C4<00000000000000000000000000000100>;
P_0x64caa41a30a0 .param/l "WRITE_STATE_BURST" 1 4 113, C4<01>;
P_0x64caa41a30e0 .param/l "WRITE_STATE_IDLE" 1 4 112, C4<00>;
P_0x64caa41a3120 .param/l "WRITE_STATE_RESP" 1 4 114, C4<10>;
L_0x64caa41b4fd0 .functor BUFZ 32, v0x64caa41a7610_0, C4<00000000000000000000000000000000>, C4<00000000000000000000000000000000>, C4<00000000000000000000000000000000>;
v0x64caa41a3c70_0 .net *"_ivl_0", 15 0, L_0x64caa41b4200;  1 drivers
v0x64caa41a3d70_0 .net *"_ivl_10", 13 0, L_0x64caa41b4430;  1 drivers
L_0x7bcedc4d0210 .functor BUFT 1, C4<00>, C4<0>, C4<0>, C4<0>;
v0x64caa41a3e50_0 .net *"_ivl_12", 1 0, L_0x7bcedc4d0210;  1 drivers
v0x64caa41a3f40_0 .net *"_ivl_16", 15 0, L_0x64caa41b4830;  1 drivers
v0x64caa41a4020_0 .net *"_ivl_18", 13 0, L_0x64caa41b4790;  1 drivers
v0x64caa41a4150_0 .net *"_ivl_2", 13 0, L_0x64caa41b4110;  1 drivers
L_0x7bcedc4d0258 .functor BUFT 1, C4<00>, C4<0>, C4<0>, C4<0>;
v0x64caa41a4230_0 .net *"_ivl_20", 1 0, L_0x7bcedc4d0258;  1 drivers
v0x64caa41a4310_0 .net *"_ivl_24", 15 0, L_0x64caa41b4b60;  1 drivers
v0x64caa41a43f0_0 .net *"_ivl_26", 13 0, L_0x64caa41b4a60;  1 drivers
L_0x7bcedc4d02a0 .functor BUFT 1, C4<00>, C4<0>, C4<0>, C4<0>;
v0x64caa41a44d0_0 .net *"_ivl_28", 1 0, L_0x7bcedc4d02a0;  1 drivers
L_0x7bcedc4d01c8 .functor BUFT 1, C4<00>, C4<0>, C4<0>, C4<0>;
v0x64caa41a45b0_0 .net *"_ivl_4", 1 0, L_0x7bcedc4d01c8;  1 drivers
v0x64caa41a4690_0 .net *"_ivl_8", 15 0, L_0x64caa41b4520;  1 drivers
v0x64caa41a4770_0 .net "clk", 0 0, v0x64caa41b2c40_0;  1 drivers
v0x64caa41a4830_0 .var/i "i", 31 0;
v0x64caa41a4910_0 .var/i "j", 31 0;
v0x64caa41a49f0 .array "mem", 0 16383, 31 0;
v0x64caa41a4ab0_0 .var "mem_rd_en", 0 0;
v0x64caa41a4b70_0 .var "mem_wr_en", 0 0;
v0x64caa41a4c30_0 .var "read_addr_next", 15 0;
v0x64caa41a4d10_0 .var "read_addr_reg", 15 0;
v0x64caa41a4df0_0 .net "read_addr_valid", 13 0, L_0x64caa41b4970;  1 drivers
v0x64caa41a4ed0_0 .var "read_burst_next", 1 0;
v0x64caa41a4fb0_0 .var "read_burst_reg", 1 0;
v0x64caa41a5090_0 .var "read_count_next", 7 0;
v0x64caa41a5170_0 .var "read_count_reg", 7 0;
v0x64caa41a5250_0 .var "read_id_next", 7 0;
v0x64caa41a5330_0 .var "read_id_reg", 7 0;
v0x64caa41a5410_0 .var "read_size_next", 2 0;
v0x64caa41a54f0_0 .var "read_size_reg", 2 0;
v0x64caa41a55d0_0 .var "read_state_next", 0 0;
v0x64caa41a56b0_0 .var "read_state_reg", 0 0;
v0x64caa41a5790_0 .net "rst", 0 0, v0x64caa41b33f0_0;  1 drivers
v0x64caa41a5850_0 .net "s_axi_araddr", 15 0, v0x64caa41b1ae0_0;  1 drivers
v0x64caa41a5930_0 .net "s_axi_araddr_valid", 13 0, L_0x64caa41b4660;  1 drivers
v0x64caa41a5a10_0 .net "s_axi_arburst", 1 0, v0x64caa41b1bf0_0;  1 drivers
o0x7bcedc8492d8 .functor BUFZ 4, C4<zzzz>; HiZ drive
v0x64caa41a5af0_0 .net "s_axi_arcache", 3 0, o0x7bcedc8492d8;  0 drivers
v0x64caa41a5bd0_0 .net "s_axi_arid", 7 0, v0x64caa41b1c90_0;  1 drivers
v0x64caa41a5cb0_0 .net "s_axi_arlen", 7 0, v0x64caa41b1d80_0;  1 drivers
o0x7bcedc849368 .functor BUFZ 1, C4<z>; HiZ drive
v0x64caa41a5d90_0 .net "s_axi_arlock", 0 0, o0x7bcedc849368;  0 drivers
o0x7bcedc849398 .functor BUFZ 3, C4<zzz>; HiZ drive
v0x64caa41a5e50_0 .net "s_axi_arprot", 2 0, o0x7bcedc849398;  0 drivers
v0x64caa41a5f30_0 .net8 "s_axi_arready", 0 0, RS_0x7bcedc8493c8;  alias, 2 drivers
v0x64caa41a5ff0_0 .var "s_axi_arready_next", 0 0;
v0x64caa41a60b0_0 .var "s_axi_arready_reg", 0 0;
v0x64caa41a6170_0 .net "s_axi_arsize", 2 0, v0x64caa41b1fd0_0;  1 drivers
v0x64caa41a6250_0 .net "s_axi_arvalid", 0 0, v0x64caa41b20e0_0;  1 drivers
v0x64caa41a6310_0 .net "s_axi_awaddr", 15 0, v0x64caa41b21d0_0;  1 drivers
v0x64caa41a63f0_0 .net "s_axi_awaddr_valid", 13 0, L_0x64caa41b4340;  1 drivers
v0x64caa41a64d0_0 .net "s_axi_awburst", 1 0, v0x64caa41b2290_0;  1 drivers
o0x7bcedc849548 .functor BUFZ 4, C4<zzzz>; HiZ drive
v0x64caa41a65b0_0 .net "s_axi_awcache", 3 0, o0x7bcedc849548;  0 drivers
v0x64caa41a6690_0 .net "s_axi_awid", 7 0, v0x64caa41b2330_0;  1 drivers
v0x64caa41a6770_0 .net "s_axi_awlen", 7 0, v0x64caa41b2440_0;  1 drivers
o0x7bcedc8495d8 .functor BUFZ 1, C4<z>; HiZ drive
v0x64caa41a6850_0 .net "s_axi_awlock", 0 0, o0x7bcedc8495d8;  0 drivers
o0x7bcedc849608 .functor BUFZ 3, C4<zzz>; HiZ drive
v0x64caa41a6910_0 .net "s_axi_awprot", 2 0, o0x7bcedc849608;  0 drivers
v0x64caa41a69f0_0 .net8 "s_axi_awready", 0 0, RS_0x7bcedc849638;  alias, 2 drivers
v0x64caa41a6ab0_0 .var "s_axi_awready_next", 0 0;
v0x64caa41a6b70_0 .var "s_axi_awready_reg", 0 0;
v0x64caa41a6c30_0 .net "s_axi_awsize", 2 0, v0x64caa41b2640_0;  1 drivers
v0x64caa41a6d10_0 .net "s_axi_awvalid", 0 0, v0x64caa41b2750_0;  1 drivers
v0x64caa41a6dd0_0 .net8 "s_axi_bid", 7 0, RS_0x7bcedc849728;  alias, 2 drivers
v0x64caa41a6eb0_0 .var "s_axi_bid_next", 7 0;
v0x64caa41a6f90_0 .var "s_axi_bid_reg", 7 0;
v0x64caa41a7070_0 .net "s_axi_bready", 0 0, v0x64caa41b2950_0;  1 drivers
v0x64caa41a7130_0 .net8 "s_axi_bresp", 1 0, RS_0x7bcedc8497e8;  alias, 2 drivers
v0x64caa41a7210_0 .net8 "s_axi_bvalid", 0 0, RS_0x7bcedc849818;  alias, 2 drivers
v0x64caa41a72d0_0 .var "s_axi_bvalid_next", 0 0;
v0x64caa41a7390_0 .var "s_axi_bvalid_reg", 0 0;
v0x64caa41a7450_0 .net "s_axi_rdata", 31 0, L_0x64caa41b4fd0;  alias, 1 drivers
v0x64caa41a7530_0 .var "s_axi_rdata_pipe_reg", 31 0;
v0x64caa41a7610_0 .var "s_axi_rdata_reg", 31 0;
v0x64caa41a76f0_0 .net8 "s_axi_rid", 7 0, RS_0x7bcedc849938;  alias, 2 drivers
v0x64caa41a77d0_0 .var "s_axi_rid_next", 7 0;
v0x64caa41a78b0_0 .var "s_axi_rid_pipe_reg", 7 0;
v0x64caa41a7990_0 .var "s_axi_rid_reg", 7 0;
v0x64caa41a7a70_0 .net8 "s_axi_rlast", 0 0, RS_0x7bcedc8499f8;  alias, 2 drivers
v0x64caa41a7b30_0 .var "s_axi_rlast_next", 0 0;
v0x64caa41a7bf0_0 .var "s_axi_rlast_pipe_reg", 0 0;
v0x64caa41a7cb0_0 .var "s_axi_rlast_reg", 0 0;
v0x64caa41a7d70_0 .net "s_axi_rready", 0 0, v0x64caa41b31f0_0;  1 drivers
v0x64caa41a7e30_0 .net8 "s_axi_rresp", 1 0, RS_0x7bcedc849ae8;  alias, 2 drivers
v0x64caa41a7f10_0 .net8 "s_axi_rvalid", 0 0, RS_0x7bcedc849b18;  alias, 2 drivers
v0x64caa41a7fd0_0 .var "s_axi_rvalid_next", 0 0;
v0x64caa41a8090_0 .var "s_axi_rvalid_pipe_reg", 0 0;
v0x64caa41a8150_0 .var "s_axi_rvalid_reg", 0 0;
v0x64caa41a8210_0 .net "s_axi_wdata", 31 0, v0x64caa41b35d0_0;  1 drivers
v0x64caa41a82f0_0 .net "s_axi_wlast", 0 0, v0x64caa41b36e0_0;  1 drivers
v0x64caa41a83b0_0 .net8 "s_axi_wready", 0 0, RS_0x7bcedc849c38;  alias, 2 drivers
v0x64caa41a8470_0 .var "s_axi_wready_next", 0 0;
v0x64caa41a8530_0 .var "s_axi_wready_reg", 0 0;
v0x64caa41a85f0_0 .net "s_axi_wstrb", 3 0, v0x64caa41b38c0_0;  1 drivers
v0x64caa41a86d0_0 .net "s_axi_wvalid", 0 0, v0x64caa41b39d0_0;  1 drivers
v0x64caa41a8790_0 .var "write_addr_next", 15 0;
v0x64caa41a8870_0 .var "write_addr_reg", 15 0;
v0x64caa41a8950_0 .net "write_addr_valid", 13 0, L_0x64caa41b4c50;  1 drivers
v0x64caa41a8a30_0 .var "write_burst_next", 1 0;
v0x64caa41a8b10_0 .var "write_burst_reg", 1 0;
v0x64caa41a8bf0_0 .var "write_count_next", 7 0;
v0x64caa41a8cd0_0 .var "write_count_reg", 7 0;
v0x64caa41a8db0_0 .var "write_id_next", 7 0;
v0x64caa41a8e90_0 .var "write_id_reg", 7 0;
v0x64caa41a8f70_0 .var "write_size_next", 2 0;
v0x64caa41a9050_0 .var "write_size_reg", 2 0;
v0x64caa41a9130_0 .var "write_state_next", 1 0;
v0x64caa41a9210_0 .var "write_state_reg", 1 0;
E_0x64caa418f730 .event posedge, v0x64caa41a4770_0;
E_0x64caa418f8c0/0 .event edge, v0x64caa41a7990_0, v0x64caa41a7cb0_0, v0x64caa41a8150_0, v0x64caa41a7d70_0;
E_0x64caa418f8c0/1 .event edge, v0x64caa41a8090_0, v0x64caa41a5330_0, v0x64caa41a4d10_0, v0x64caa41a5170_0;
E_0x64caa418f8c0/2 .event edge, v0x64caa41a54f0_0, v0x64caa41a4fb0_0, v0x64caa41a56b0_0, v0x64caa41a5f30_0;
E_0x64caa418f8c0/3 .event edge, v0x64caa41a6250_0, v0x64caa41a5bd0_0, v0x64caa41a5850_0, v0x64caa41a5cb0_0;
E_0x64caa418f8c0/4 .event edge, v0x64caa41a6170_0, v0x64caa41a5a10_0;
E_0x64caa418f8c0 .event/or E_0x64caa418f8c0/0, E_0x64caa418f8c0/1, E_0x64caa418f8c0/2, E_0x64caa418f8c0/3, E_0x64caa418f8c0/4;
E_0x64caa418f900/0 .event edge, v0x64caa41a8e90_0, v0x64caa41a8870_0, v0x64caa41a8cd0_0, v0x64caa41a9050_0;
E_0x64caa418f900/1 .event edge, v0x64caa41a8b10_0, v0x64caa41a6f90_0, v0x64caa41a7390_0, v0x64caa41a7070_0;
E_0x64caa418f900/2 .event edge, v0x64caa41a9210_0, v0x64caa41a69f0_0, v0x64caa41a6d10_0, v0x64caa41a6690_0;
E_0x64caa418f900/3 .event edge, v0x64caa41a6310_0, v0x64caa41a6770_0, v0x64caa41a6c30_0, v0x64caa41a64d0_0;
E_0x64caa418f900/4 .event edge, v0x64caa41a83b0_0, v0x64caa41a86d0_0, v0x64caa41a7210_0;
E_0x64caa418f900 .event/or E_0x64caa418f900/0, E_0x64caa418f900/1, E_0x64caa418f900/2, E_0x64caa418f900/3, E_0x64caa418f900/4;
L_0x64caa41b4110 .part v0x64caa41b21d0_0, 2, 14;
L_0x64caa41b4200 .concat [ 14 2 0 0], L_0x64caa41b4110, L_0x7bcedc4d01c8;
L_0x64caa41b4340 .part L_0x64caa41b4200, 0, 14;
L_0x64caa41b4430 .part v0x64caa41b1ae0_0, 2, 14;
L_0x64caa41b4520 .concat [ 14 2 0 0], L_0x64caa41b4430, L_0x7bcedc4d0210;
L_0x64caa41b4660 .part L_0x64caa41b4520, 0, 14;
L_0x64caa41b4790 .part v0x64caa41a4d10_0, 2, 14;
L_0x64caa41b4830 .concat [ 14 2 0 0], L_0x64caa41b4790, L_0x7bcedc4d0258;
L_0x64caa41b4970 .part L_0x64caa41b4830, 0, 14;
L_0x64caa41b4a60 .part v0x64caa41a8870_0, 2, 14;
L_0x64caa41b4b60 .concat [ 14 2 0 0], L_0x64caa41b4a60, L_0x7bcedc4d02a0;
L_0x64caa41b4c50 .part L_0x64caa41b4b60, 0, 14;
S_0x64caa4159d90 .scope module, "dut2" "axi_pim" 3 86, 5 34 0, S_0x64caa414c0a0;
 .timescale -9 -12;
    .port_info 0 /INPUT 1 "clk";
    .port_info 1 /INPUT 1 "rst";
    .port_info 2 /INPUT 8 "s_axi_awid";
    .port_info 3 /INPUT 8 "s_axi_awaddr";
    .port_info 4 /INPUT 8 "s_axi_awlen";
    .port_info 5 /INPUT 3 "s_axi_awsize";
    .port_info 6 /INPUT 2 "s_axi_awburst";
    .port_info 7 /INPUT 1 "s_axi_awlock";
    .port_info 8 /INPUT 4 "s_axi_awcache";
    .port_info 9 /INPUT 3 "s_axi_awprot";
    .port_info 10 /INPUT 1 "s_axi_awvalid";
    .port_info 11 /OUTPUT 1 "s_axi_awready";
    .port_info 12 /INPUT 32 "s_axi_wdata";
    .port_info 13 /INPUT 4 "s_axi_wstrb";
    .port_info 14 /INPUT 1 "s_axi_wlast";
    .port_info 15 /INPUT 1 "s_axi_wvalid";
    .port_info 16 /OUTPUT 1 "s_axi_wready";
    .port_info 17 /OUTPUT 8 "s_axi_bid";
    .port_info 18 /OUTPUT 2 "s_axi_bresp";
    .port_info 19 /OUTPUT 1 "s_axi_bvalid";
    .port_info 20 /INPUT 1 "s_axi_bready";
    .port_info 21 /INPUT 8 "s_axi_arid";
    .port_info 22 /INPUT 8 "s_axi_araddr";
    .port_info 23 /INPUT 8 "s_axi_arlen";
    .port_info 24 /INPUT 3 "s_axi_arsize";
    .port_info 25 /INPUT 2 "s_axi_arburst";
    .port_info 26 /INPUT 1 "s_axi_arlock";
    .port_info 27 /INPUT 4 "s_axi_arcache";
    .port_info 28 /INPUT 3 "s_axi_arprot";
    .port_info 29 /INPUT 1 "s_axi_arvalid";
    .port_info 30 /OUTPUT 1 "s_axi_arready";
    .port_info 31 /OUTPUT 8 "s_axi_rid";
    .port_info 32 /OUTPUT 32 "s_axi_rdata";
    .port_info 33 /OUTPUT 2 "s_axi_rresp";
    .port_info 34 /OUTPUT 1 "s_axi_rlast";
    .port_info 35 /OUTPUT 1 "s_axi_rvalid";
    .port_info 36 /INPUT 1 "s_axi_rready";
    .port_info 37 /OUTPUT 32 "mac_out";
P_0x64caa41a97b0 .param/l "ADDR_WIDTH" 0 5 40, +C4<00000000000000000000000000001000>;
P_0x64caa41a97f0 .param/l "DATA_WIDTH" 0 5 38, +C4<00000000000000000000000000100000>;
P_0x64caa41a9830 .param/l "ID_WIDTH" 0 5 44, +C4<00000000000000000000000000001000>;
P_0x64caa41a9870 .param/l "PDEPTH" 0 5 48, +C4<0000000000000000000000000000000100000000>;
P_0x64caa41a98b0 .param/l "PIM_ADDR_BEGIN" 0 5 36, C4<00000000000000000000000000000000>;
P_0x64caa41a98f0 .param/l "PIPELINE_OUTPUT" 0 5 46, +C4<00000000000000000000000000000000>;
P_0x64caa41a9930 .param/l "PWIDTH" 0 5 47, +C4<00000000000000000000000000100000>;
P_0x64caa41a9970 .param/l "READ_STATE_BURST" 1 5 112, C4<1>;
P_0x64caa41a99b0 .param/l "READ_STATE_IDLE" 1 5 111, C4<0>;
P_0x64caa41a99f0 .param/l "STRB_WIDTH" 0 5 42, +C4<00000000000000000000000000000100>;
P_0x64caa41a9a30 .param/l "VALID_ADDR_WIDTH" 0 5 93, +C4<000000000000000000000000000000110>;
P_0x64caa41a9a70 .param/l "WORD_SIZE" 0 5 95, +C4<00000000000000000000000000001000>;
P_0x64caa41a9ab0 .param/l "WORD_WIDTH" 0 5 94, +C4<00000000000000000000000000000100>;
P_0x64caa41a9af0 .param/l "WRITE_STATE_BURST" 1 5 118, C4<01>;
P_0x64caa41a9b30 .param/l "WRITE_STATE_IDLE" 1 5 117, C4<00>;
P_0x64caa41a9b70 .param/l "WRITE_STATE_RESP" 1 5 119, C4<10>;
L_0x64caa41b6c60 .functor BUFZ 32, v0x64caa41af820_0, C4<00000000000000000000000000000000>, C4<00000000000000000000000000000000>, C4<00000000000000000000000000000000>;
L_0x64caa41b7230 .functor AND 1, L_0x64caa41b6f90, L_0x64caa41b7090, C4<1>, C4<1>;
L_0x64caa41b7330 .functor BUFZ 32, v0x64caa41ac680_0, C4<00000000000000000000000000000000>, C4<00000000000000000000000000000000>, C4<00000000000000000000000000000000>;
L_0x7bcedc4d0378 .functor BUFT 1, C4<00>, C4<0>, C4<0>, C4<0>;
v0x64caa41aaa80_0 .net/2u *"_ivl_0", 1 0, L_0x7bcedc4d0378;  1 drivers
L_0x7bcedc4d0408 .functor BUFT 1, C4<00>, C4<0>, C4<0>, C4<0>;
v0x64caa41aab60_0 .net/2u *"_ivl_12", 1 0, L_0x7bcedc4d0408;  1 drivers
v0x64caa41aac40_0 .net *"_ivl_14", 7 0, L_0x64caa41b57f0;  1 drivers
v0x64caa41aad30_0 .net *"_ivl_16", 5 0, L_0x64caa41b5720;  1 drivers
L_0x7bcedc4d0450 .functor BUFT 1, C4<00>, C4<0>, C4<0>, C4<0>;
v0x64caa41aae10_0 .net *"_ivl_18", 1 0, L_0x7bcedc4d0450;  1 drivers
v0x64caa41aaf40_0 .net *"_ivl_2", 7 0, L_0x64caa41b5350;  1 drivers
v0x64caa41ab020_0 .net *"_ivl_20", 9 0, L_0x64caa41b59a0;  1 drivers
L_0x7bcedc4d0498 .functor BUFT 1, C4<00>, C4<0>, C4<0>, C4<0>;
v0x64caa41ab100_0 .net/2u *"_ivl_24", 1 0, L_0x7bcedc4d0498;  1 drivers
v0x64caa41ab1e0_0 .net *"_ivl_26", 7 0, L_0x64caa41b5cc0;  1 drivers
v0x64caa41ab2c0_0 .net *"_ivl_28", 5 0, L_0x64caa41b5c20;  1 drivers
L_0x7bcedc4d04e0 .functor BUFT 1, C4<00>, C4<0>, C4<0>, C4<0>;
v0x64caa41ab3a0_0 .net *"_ivl_30", 1 0, L_0x7bcedc4d04e0;  1 drivers
v0x64caa41ab480_0 .net *"_ivl_32", 9 0, L_0x64caa41b5e90;  1 drivers
L_0x7bcedc4d0528 .functor BUFT 1, C4<00>, C4<0>, C4<0>, C4<0>;
v0x64caa41ab560_0 .net/2u *"_ivl_36", 1 0, L_0x7bcedc4d0528;  1 drivers
v0x64caa41ab640_0 .net *"_ivl_38", 7 0, L_0x64caa41b61b0;  1 drivers
v0x64caa41ab720_0 .net *"_ivl_4", 5 0, L_0x64caa41b5220;  1 drivers
v0x64caa41ab800_0 .net *"_ivl_40", 5 0, L_0x64caa41b60e0;  1 drivers
L_0x7bcedc4d0570 .functor BUFT 1, C4<00>, C4<0>, C4<0>, C4<0>;
v0x64caa41ab8e0_0 .net *"_ivl_42", 1 0, L_0x7bcedc4d0570;  1 drivers
v0x64caa41ab9c0_0 .net *"_ivl_44", 9 0, L_0x64caa41b63a0;  1 drivers
L_0x7bcedc4d03c0 .functor BUFT 1, C4<00>, C4<0>, C4<0>, C4<0>;
v0x64caa41abaa0_0 .net *"_ivl_6", 1 0, L_0x7bcedc4d03c0;  1 drivers
v0x64caa41abb80_0 .net *"_ivl_71", 0 0, L_0x64caa41b6f90;  1 drivers
v0x64caa41abc40_0 .net *"_ivl_73", 0 0, L_0x64caa41b7090;  1 drivers
v0x64caa41abd00_0 .net *"_ivl_8", 9 0, L_0x64caa41b54c0;  1 drivers
v0x64caa41abde0 .array "acc_result", 31 0, 31 0;
v0x64caa41ac2a0 .array "adc_out", 31 0, 31 0;
v0x64caa41ac360_0 .net "clk", 0 0, v0x64caa41b2c40_0;  alias, 1 drivers
v0x64caa41ac400_0 .var/i "i", 31 0;
v0x64caa41ac4c0_0 .var/i "j", 31 0;
v0x64caa41ac5a0_0 .net "mac_out", 31 0, L_0x64caa41b7330;  alias, 1 drivers
v0x64caa41ac680_0 .var "mac_out_reg", 31 0;
v0x64caa41ac760 .array "mem", 0 63, 31 0;
v0x64caa41ac820_0 .var "mem_rd_en", 0 0;
v0x64caa41ac8e0_0 .var "mem_wr_en", 0 0;
v0x64caa41ac9a0_0 .net "p_en", 0 0, L_0x64caa41b7230;  1 drivers
v0x64caa41aca60_0 .var "read_addr_next", 7 0;
v0x64caa41acb40_0 .var "read_addr_reg", 7 0;
v0x64caa41acc20_0 .net "read_addr_valid", 7 0, L_0x64caa41b5f80;  1 drivers
v0x64caa41acd00_0 .var "read_burst_next", 1 0;
v0x64caa41acde0_0 .var "read_burst_reg", 1 0;
v0x64caa41acec0_0 .var "read_count_next", 7 0;
v0x64caa41acfa0_0 .var "read_count_reg", 7 0;
v0x64caa41ad080_0 .var "read_id_next", 7 0;
v0x64caa41ad160_0 .var "read_id_reg", 7 0;
v0x64caa41ad240_0 .var "read_size_next", 2 0;
v0x64caa41ad320_0 .var "read_size_reg", 2 0;
v0x64caa41ad400_0 .var "read_state_next", 0 0;
v0x64caa41ad4e0_0 .var "read_state_reg", 0 0;
v0x64caa41ad5c0_0 .net "rst", 0 0, v0x64caa41b33f0_0;  alias, 1 drivers
v0x64caa41ad690_0 .var "rwl", 255 0;
v0x64caa41ad750_0 .net "s_axi_araddr", 7 0, L_0x64caa41b7440;  1 drivers
v0x64caa41ad830_0 .net "s_axi_araddr_valid", 7 0, L_0x64caa41b5ae0;  1 drivers
v0x64caa41ad910_0 .net "s_axi_arburst", 1 0, v0x64caa41b1bf0_0;  alias, 1 drivers
o0x7bcedc84b4f8 .functor BUFZ 4, C4<zzzz>; HiZ drive
v0x64caa41ada00_0 .net "s_axi_arcache", 3 0, o0x7bcedc84b4f8;  0 drivers
v0x64caa41adac0_0 .net "s_axi_arid", 7 0, v0x64caa41b1c90_0;  alias, 1 drivers
v0x64caa41adbb0_0 .net "s_axi_arlen", 7 0, v0x64caa41b1d80_0;  alias, 1 drivers
o0x7bcedc84b528 .functor BUFZ 1, C4<z>; HiZ drive
v0x64caa41adc80_0 .net "s_axi_arlock", 0 0, o0x7bcedc84b528;  0 drivers
o0x7bcedc84b558 .functor BUFZ 3, C4<zzz>; HiZ drive
v0x64caa41add20_0 .net "s_axi_arprot", 2 0, o0x7bcedc84b558;  0 drivers
v0x64caa41ade00_0 .net8 "s_axi_arready", 0 0, RS_0x7bcedc8493c8;  alias, 2 drivers
v0x64caa41aded0_0 .var "s_axi_arready_next", 0 0;
v0x64caa41adf70_0 .var "s_axi_arready_reg", 0 0;
v0x64caa41ae030_0 .net "s_axi_arsize", 2 0, v0x64caa41b1fd0_0;  alias, 1 drivers
v0x64caa41ae120_0 .net "s_axi_arvalid", 0 0, v0x64caa41b20e0_0;  alias, 1 drivers
v0x64caa41ae1f0_0 .net "s_axi_awaddr", 7 0, L_0x64caa41b73a0;  1 drivers
v0x64caa41ae290_0 .net "s_axi_awaddr_valid", 7 0, L_0x64caa41b5600;  1 drivers
v0x64caa41ae370_0 .net "s_axi_awburst", 1 0, v0x64caa41b2290_0;  alias, 1 drivers
o0x7bcedc84b648 .functor BUFZ 4, C4<zzzz>; HiZ drive
v0x64caa41ae460_0 .net "s_axi_awcache", 3 0, o0x7bcedc84b648;  0 drivers
v0x64caa41ae930_0 .net "s_axi_awid", 7 0, v0x64caa41b2330_0;  alias, 1 drivers
v0x64caa41aea20_0 .net "s_axi_awlen", 7 0, v0x64caa41b2440_0;  alias, 1 drivers
o0x7bcedc84b678 .functor BUFZ 1, C4<z>; HiZ drive
v0x64caa41aeaf0_0 .net "s_axi_awlock", 0 0, o0x7bcedc84b678;  0 drivers
o0x7bcedc84b6a8 .functor BUFZ 3, C4<zzz>; HiZ drive
v0x64caa41aeb90_0 .net "s_axi_awprot", 2 0, o0x7bcedc84b6a8;  0 drivers
v0x64caa41aec70_0 .net8 "s_axi_awready", 0 0, RS_0x7bcedc849638;  alias, 2 drivers
v0x64caa41aed40_0 .var "s_axi_awready_next", 0 0;
v0x64caa41aede0_0 .var "s_axi_awready_reg", 0 0;
v0x64caa41aeea0_0 .net "s_axi_awsize", 2 0, v0x64caa41b2640_0;  alias, 1 drivers
v0x64caa41aef90_0 .net "s_axi_awvalid", 0 0, v0x64caa41b2750_0;  alias, 1 drivers
v0x64caa41af060_0 .net8 "s_axi_bid", 7 0, RS_0x7bcedc849728;  alias, 2 drivers
v0x64caa41af130_0 .var "s_axi_bid_next", 7 0;
v0x64caa41af1d0_0 .var "s_axi_bid_reg", 7 0;
v0x64caa41af2b0_0 .net "s_axi_bready", 0 0, v0x64caa41b2950_0;  alias, 1 drivers
v0x64caa41af380_0 .net8 "s_axi_bresp", 1 0, RS_0x7bcedc8497e8;  alias, 2 drivers
v0x64caa41af450_0 .net8 "s_axi_bvalid", 0 0, RS_0x7bcedc849818;  alias, 2 drivers
v0x64caa41af520_0 .var "s_axi_bvalid_next", 0 0;
v0x64caa41af5c0_0 .var "s_axi_bvalid_reg", 0 0;
v0x64caa41af660_0 .net "s_axi_rdata", 31 0, L_0x64caa41b6c60;  alias, 1 drivers
v0x64caa41af740_0 .var "s_axi_rdata_pipe_reg", 31 0;
v0x64caa41af820_0 .var "s_axi_rdata_reg", 31 0;
v0x64caa41af900_0 .net8 "s_axi_rid", 7 0, RS_0x7bcedc849938;  alias, 2 drivers
v0x64caa41af9f0_0 .var "s_axi_rid_next", 7 0;
v0x64caa41afab0_0 .var "s_axi_rid_pipe_reg", 7 0;
v0x64caa41afb90_0 .var "s_axi_rid_reg", 7 0;
v0x64caa41afc70_0 .net8 "s_axi_rlast", 0 0, RS_0x7bcedc8499f8;  alias, 2 drivers
v0x64caa41afd40_0 .var "s_axi_rlast_next", 0 0;
v0x64caa41afde0_0 .var "s_axi_rlast_pipe_reg", 0 0;
v0x64caa41afea0_0 .var "s_axi_rlast_reg", 0 0;
v0x64caa41aff60_0 .net "s_axi_rready", 0 0, v0x64caa41b31f0_0;  alias, 1 drivers
v0x64caa41b0030_0 .net8 "s_axi_rresp", 1 0, RS_0x7bcedc849ae8;  alias, 2 drivers
v0x64caa41b0100_0 .net8 "s_axi_rvalid", 0 0, RS_0x7bcedc849b18;  alias, 2 drivers
v0x64caa41b01d0_0 .var "s_axi_rvalid_next", 0 0;
v0x64caa41b0270_0 .var "s_axi_rvalid_pipe_reg", 0 0;
v0x64caa41b0310_0 .var "s_axi_rvalid_reg", 0 0;
v0x64caa41b03d0_0 .net "s_axi_wdata", 31 0, v0x64caa41b35d0_0;  alias, 1 drivers
v0x64caa41b04c0_0 .net "s_axi_wlast", 0 0, v0x64caa41b36e0_0;  alias, 1 drivers
v0x64caa41b0590_0 .net8 "s_axi_wready", 0 0, RS_0x7bcedc849c38;  alias, 2 drivers
v0x64caa41b0660_0 .var "s_axi_wready_next", 0 0;
v0x64caa41b0700_0 .var "s_axi_wready_reg", 0 0;
v0x64caa41b07a0_0 .net "s_axi_wstrb", 3 0, v0x64caa41b38c0_0;  alias, 1 drivers
v0x64caa41b0870_0 .net "s_axi_wvalid", 0 0, v0x64caa41b39d0_0;  alias, 1 drivers
v0x64caa41b0940_0 .var "shift_cnt", 4 0;
v0x64caa41b09e0_0 .var "sum_acc_result", 31 0;
v0x64caa41b0ac0_0 .var "write_addr_next", 7 0;
v0x64caa41b0ba0_0 .var "write_addr_reg", 7 0;
v0x64caa41b0c80_0 .net "write_addr_valid", 7 0, L_0x64caa41b64e0;  1 drivers
v0x64caa41b0d60_0 .var "write_burst_next", 1 0;
v0x64caa41b0e40_0 .var "write_burst_reg", 1 0;
v0x64caa41b0f20_0 .var "write_count_next", 7 0;
v0x64caa41b1000_0 .var "write_count_reg", 7 0;
v0x64caa41b10e0_0 .var "write_id_next", 7 0;
v0x64caa41b11c0_0 .var "write_id_reg", 7 0;
v0x64caa41b12a0_0 .var "write_size_next", 2 0;
v0x64caa41b1380_0 .var "write_size_reg", 2 0;
v0x64caa41b1460_0 .var "write_state_next", 1 0;
v0x64caa41b1540_0 .var "write_state_reg", 1 0;
v0x64caa41abde0_0 .array/port v0x64caa41abde0, 0;
v0x64caa41abde0_1 .array/port v0x64caa41abde0, 1;
v0x64caa41abde0_2 .array/port v0x64caa41abde0, 2;
E_0x64caa41aa6e0/0 .event edge, v0x64caa41b09e0_0, v0x64caa41abde0_0, v0x64caa41abde0_1, v0x64caa41abde0_2;
v0x64caa41abde0_3 .array/port v0x64caa41abde0, 3;
v0x64caa41abde0_4 .array/port v0x64caa41abde0, 4;
v0x64caa41abde0_5 .array/port v0x64caa41abde0, 5;
v0x64caa41abde0_6 .array/port v0x64caa41abde0, 6;
E_0x64caa41aa6e0/1 .event edge, v0x64caa41abde0_3, v0x64caa41abde0_4, v0x64caa41abde0_5, v0x64caa41abde0_6;
v0x64caa41abde0_7 .array/port v0x64caa41abde0, 7;
v0x64caa41abde0_8 .array/port v0x64caa41abde0, 8;
v0x64caa41abde0_9 .array/port v0x64caa41abde0, 9;
v0x64caa41abde0_10 .array/port v0x64caa41abde0, 10;
E_0x64caa41aa6e0/2 .event edge, v0x64caa41abde0_7, v0x64caa41abde0_8, v0x64caa41abde0_9, v0x64caa41abde0_10;
v0x64caa41abde0_11 .array/port v0x64caa41abde0, 11;
v0x64caa41abde0_12 .array/port v0x64caa41abde0, 12;
v0x64caa41abde0_13 .array/port v0x64caa41abde0, 13;
v0x64caa41abde0_14 .array/port v0x64caa41abde0, 14;
E_0x64caa41aa6e0/3 .event edge, v0x64caa41abde0_11, v0x64caa41abde0_12, v0x64caa41abde0_13, v0x64caa41abde0_14;
v0x64caa41abde0_15 .array/port v0x64caa41abde0, 15;
v0x64caa41abde0_16 .array/port v0x64caa41abde0, 16;
v0x64caa41abde0_17 .array/port v0x64caa41abde0, 17;
v0x64caa41abde0_18 .array/port v0x64caa41abde0, 18;
E_0x64caa41aa6e0/4 .event edge, v0x64caa41abde0_15, v0x64caa41abde0_16, v0x64caa41abde0_17, v0x64caa41abde0_18;
v0x64caa41abde0_19 .array/port v0x64caa41abde0, 19;
v0x64caa41abde0_20 .array/port v0x64caa41abde0, 20;
v0x64caa41abde0_21 .array/port v0x64caa41abde0, 21;
v0x64caa41abde0_22 .array/port v0x64caa41abde0, 22;
E_0x64caa41aa6e0/5 .event edge, v0x64caa41abde0_19, v0x64caa41abde0_20, v0x64caa41abde0_21, v0x64caa41abde0_22;
v0x64caa41abde0_23 .array/port v0x64caa41abde0, 23;
v0x64caa41abde0_24 .array/port v0x64caa41abde0, 24;
v0x64caa41abde0_25 .array/port v0x64caa41abde0, 25;
v0x64caa41abde0_26 .array/port v0x64caa41abde0, 26;
E_0x64caa41aa6e0/6 .event edge, v0x64caa41abde0_23, v0x64caa41abde0_24, v0x64caa41abde0_25, v0x64caa41abde0_26;
v0x64caa41abde0_27 .array/port v0x64caa41abde0, 27;
v0x64caa41abde0_28 .array/port v0x64caa41abde0, 28;
v0x64caa41abde0_29 .array/port v0x64caa41abde0, 29;
v0x64caa41abde0_30 .array/port v0x64caa41abde0, 30;
E_0x64caa41aa6e0/7 .event edge, v0x64caa41abde0_27, v0x64caa41abde0_28, v0x64caa41abde0_29, v0x64caa41abde0_30;
v0x64caa41abde0_31 .array/port v0x64caa41abde0, 31;
E_0x64caa41aa6e0/8 .event edge, v0x64caa41abde0_31;
E_0x64caa41aa6e0 .event/or E_0x64caa41aa6e0/0, E_0x64caa41aa6e0/1, E_0x64caa41aa6e0/2, E_0x64caa41aa6e0/3, E_0x64caa41aa6e0/4, E_0x64caa41aa6e0/5, E_0x64caa41aa6e0/6, E_0x64caa41aa6e0/7, E_0x64caa41aa6e0/8;
E_0x64caa41aa830 .event edge, v0x64caa41ad690_0;
E_0x64caa41aa890/0 .event edge, v0x64caa41afb90_0, v0x64caa41afea0_0, v0x64caa41b0310_0, v0x64caa41a7d70_0;
E_0x64caa41aa890/1 .event edge, v0x64caa41b0270_0, v0x64caa41ad160_0, v0x64caa41acb40_0, v0x64caa41acfa0_0;
E_0x64caa41aa890/2 .event edge, v0x64caa41ad320_0, v0x64caa41acde0_0, v0x64caa41ad4e0_0, v0x64caa41a5f30_0;
E_0x64caa41aa890/3 .event edge, v0x64caa41a6250_0, v0x64caa41a5bd0_0, v0x64caa41ad750_0, v0x64caa41a5cb0_0;
E_0x64caa41aa890/4 .event edge, v0x64caa41a6170_0, v0x64caa41a5a10_0;
E_0x64caa41aa890 .event/or E_0x64caa41aa890/0, E_0x64caa41aa890/1, E_0x64caa41aa890/2, E_0x64caa41aa890/3, E_0x64caa41aa890/4;
E_0x64caa41aa970/0 .event edge, v0x64caa41b11c0_0, v0x64caa41b0ba0_0, v0x64caa41b1000_0, v0x64caa41b1380_0;
E_0x64caa41aa970/1 .event edge, v0x64caa41b0e40_0, v0x64caa41af1d0_0, v0x64caa41af5c0_0, v0x64caa41a7070_0;
E_0x64caa41aa970/2 .event edge, v0x64caa41b1540_0, v0x64caa41a69f0_0, v0x64caa41a6d10_0, v0x64caa41a6690_0;
E_0x64caa41aa970/3 .event edge, v0x64caa41ae1f0_0, v0x64caa41a6770_0, v0x64caa41a6c30_0, v0x64caa41a64d0_0;
E_0x64caa41aa970/4 .event edge, v0x64caa41a83b0_0, v0x64caa41a86d0_0, v0x64caa41a7210_0;
E_0x64caa41aa970 .event/or E_0x64caa41aa970/0, E_0x64caa41aa970/1, E_0x64caa41aa970/2, E_0x64caa41aa970/3, E_0x64caa41aa970/4;
L_0x64caa41b5220 .part L_0x64caa41b73a0, 2, 6;
L_0x64caa41b5350 .concat [ 6 2 0 0], L_0x64caa41b5220, L_0x7bcedc4d03c0;
L_0x64caa41b54c0 .concat [ 8 2 0 0], L_0x64caa41b5350, L_0x7bcedc4d0378;
L_0x64caa41b5600 .part L_0x64caa41b54c0, 0, 8;
L_0x64caa41b5720 .part L_0x64caa41b7440, 2, 6;
L_0x64caa41b57f0 .concat [ 6 2 0 0], L_0x64caa41b5720, L_0x7bcedc4d0450;
L_0x64caa41b59a0 .concat [ 8 2 0 0], L_0x64caa41b57f0, L_0x7bcedc4d0408;
L_0x64caa41b5ae0 .part L_0x64caa41b59a0, 0, 8;
L_0x64caa41b5c20 .part v0x64caa41acb40_0, 2, 6;
L_0x64caa41b5cc0 .concat [ 6 2 0 0], L_0x64caa41b5c20, L_0x7bcedc4d04e0;
L_0x64caa41b5e90 .concat [ 8 2 0 0], L_0x64caa41b5cc0, L_0x7bcedc4d0498;
L_0x64caa41b5f80 .part L_0x64caa41b5e90, 0, 8;
L_0x64caa41b60e0 .part v0x64caa41b0ba0_0, 2, 6;
L_0x64caa41b61b0 .concat [ 6 2 0 0], L_0x64caa41b60e0, L_0x7bcedc4d0570;
L_0x64caa41b63a0 .concat [ 8 2 0 0], L_0x64caa41b61b0, L_0x7bcedc4d0528;
L_0x64caa41b64e0 .part L_0x64caa41b63a0, 0, 8;
L_0x64caa41b6f90 .reduce/nor v0x64caa41ac8e0_0;
L_0x64caa41b7090 .reduce/nor v0x64caa41ac820_0;
    .scope S_0x64caa4172300;
T_0 ;
    %wait E_0x64caa4091b90;
    %load/vec4 v0x64caa41a2720_0;
    %nor/r;
    %flag_set/vec4 8;
    %jmp/0xz  T_0.0, 8;
    %load/vec4 v0x64caa41a2c40_0;
    %flag_set/vec4 8;
    %jmp/0xz  T_0.2, 8;
    %load/vec4 v0x64caa41a2200_0;
    %load/vec4 v0x64caa41a2060_0;
    %pad/u 10;
    %ix/vec4 3;
    %ix/load 4, 0, 0; Constant delay
    %assign/vec4/a/d v0x64caa41a2660, 0, 4;
    %jmp T_0.3;
T_0.2 ;
    %load/vec4 v0x64caa41a2060_0;
    %pad/u 10;
    %ix/vec4 4;
    %load/vec4a v0x64caa41a2660, 4;
    %assign/vec4 v0x64caa41a28c0_0, 0;
T_0.3 ;
    %pushi/vec4 0, 0, 5;
    %assign/vec4 v0x64caa41a2a80_0, 0;
    %pushi/vec4 0, 0, 32;
    %store/vec4 v0x64caa41a22e0_0, 0, 32;
T_0.4 ;
    %load/vec4 v0x64caa41a22e0_0;
    %cmpi/s 32, 0, 32;
    %jmp/0xz T_0.5, 5;
    %pushi/vec4 0, 0, 32;
    %ix/getv/s 3, v0x64caa41a22e0_0;
    %ix/load 4, 0, 0; Constant delay
    %assign/vec4/a/d v0x64caa4165ba0, 0, 4;
    %load/vec4 v0x64caa41a22e0_0;
    %addi 1, 0, 32;
    %store/vec4 v0x64caa41a22e0_0, 0, 32;
    %jmp T_0.4;
T_0.5 ;
    %jmp T_0.1;
T_0.0 ;
    %pushi/vec4 0, 0, 32;
    %store/vec4 v0x64caa41a22e0_0, 0, 32;
T_0.6 ;
    %load/vec4 v0x64caa41a22e0_0;
    %cmpi/s 32, 0, 32;
    %jmp/0xz T_0.7, 5;
    %load/vec4 v0x64caa41a2a80_0;
    %pad/u 32;
    %cmpi/e 0, 0, 32;
    %flag_mov 8, 4;
    %jmp/0 T_0.8, 8;
    %ix/getv/s 4, v0x64caa41a22e0_0;
    %load/vec4a v0x64caa41a1fa0, 4;
    %jmp/1 T_0.9, 8;
T_0.8 ; End of true expr.
    %ix/getv/s 4, v0x64caa41a22e0_0;
    %load/vec4a v0x64caa4165ba0, 4;
    %ix/getv/s 4, v0x64caa41a22e0_0;
    %load/vec4a v0x64caa41a1fa0, 4;
    %ix/getv 4, v0x64caa41a2a80_0;
    %shiftl 4;
    %add;
    %jmp/0 T_0.9, 8;
 ; End of false expr.
    %blend;
T_0.9;
    %ix/getv/s 3, v0x64caa41a22e0_0;
    %ix/load 4, 0, 0; Constant delay
    %assign/vec4/a/d v0x64caa4165ba0, 0, 4;
    %load/vec4 v0x64caa41a22e0_0;
    %addi 1, 0, 32;
    %store/vec4 v0x64caa41a22e0_0, 0, 32;
    %jmp T_0.6;
T_0.7 ;
    %load/vec4 v0x64caa41a2a80_0;
    %addi 1, 0, 5;
    %assign/vec4 v0x64caa41a2a80_0, 0;
T_0.1 ;
    %load/vec4 v0x64caa41a2b60_0;
    %assign/vec4 v0x64caa41a2580_0, 0;
    %jmp T_0;
    .thread T_0;
    .scope S_0x64caa4172300;
T_1 ;
    %wait E_0x64caa412e9d0;
    %pushi/vec4 0, 0, 32;
    %store/vec4 v0x64caa41a22e0_0, 0, 32;
T_1.0 ;
    %load/vec4 v0x64caa41a22e0_0;
    %cmpi/s 32, 0, 32;
    %jmp/0xz T_1.1, 5;
    %pushi/vec4 0, 0, 32;
    %ix/getv/s 4, v0x64caa41a22e0_0;
    %store/vec4a v0x64caa41a1fa0, 4, 0;
    %pushi/vec4 0, 0, 32;
    %store/vec4 v0x64caa41a23c0_0, 0, 32;
T_1.2 ;
    %load/vec4 v0x64caa41a23c0_0;
    %pad/s 40;
    %cmpi/s 256, 0, 40;
    %jmp/0xz T_1.3, 5;
    %ix/getv/s 4, v0x64caa41a22e0_0;
    %load/vec4a v0x64caa41a1fa0, 4;
    %pushi/vec4 0, 0, 33;
    %load/vec4 v0x64caa41a23c0_0;
    %pad/u 33;
    %add;
    %ix/vec4 4;
    %load/vec4a v0x64caa41a2660, 4;
    %load/vec4 v0x64caa41a22e0_0;
    %part/s 1;
    %pad/u 32;
    %load/vec4 v0x64caa41a29a0_0;
    %load/vec4 v0x64caa41a23c0_0;
    %part/s 1;
    %pad/u 32;
    %and;
    %add;
    %ix/getv/s 4, v0x64caa41a22e0_0;
    %store/vec4a v0x64caa41a1fa0, 4, 0;
    %load/vec4 v0x64caa41a23c0_0;
    %addi 1, 0, 32;
    %store/vec4 v0x64caa41a23c0_0, 0, 32;
    %jmp T_1.2;
T_1.3 ;
    %load/vec4 v0x64caa41a22e0_0;
    %addi 1, 0, 32;
    %store/vec4 v0x64caa41a22e0_0, 0, 32;
    %jmp T_1.0;
T_1.1 ;
    %jmp T_1;
    .thread T_1, $push;
    .scope S_0x64caa4172300;
T_2 ;
    %wait E_0x64caa4130840;
    %pushi/vec4 0, 0, 32;
    %store/vec4 v0x64caa41a2b60_0, 0, 32;
    %pushi/vec4 0, 0, 32;
    %store/vec4 v0x64caa41a22e0_0, 0, 32;
T_2.0 ;
    %load/vec4 v0x64caa41a22e0_0;
    %cmpi/s 32, 0, 32;
    %jmp/0xz T_2.1, 5;
    %load/vec4 v0x64caa41a2b60_0;
    %ix/getv/s 4, v0x64caa41a22e0_0;
    %load/vec4a v0x64caa4165ba0, 4;
    %load/vec4 v0x64caa41a22e0_0;
    %ix/vec4 4;
    %shiftl 4;
    %add;
    %store/vec4 v0x64caa41a2b60_0, 0, 32;
    %load/vec4 v0x64caa41a22e0_0;
    %addi 1, 0, 32;
    %store/vec4 v0x64caa41a22e0_0, 0, 32;
    %jmp T_2.0;
T_2.1 ;
    %jmp T_2;
    .thread T_2, $push;
    .scope S_0x64caa4159a40;
T_3 ;
    %pushi/vec4 0, 0, 1;
    %store/vec4 v0x64caa41a56b0_0, 0, 1;
    %pushi/vec4 0, 0, 2;
    %store/vec4 v0x64caa41a9210_0, 0, 2;
    %pushi/vec4 0, 0, 8;
    %store/vec4 v0x64caa41a5330_0, 0, 8;
    %pushi/vec4 0, 0, 16;
    %store/vec4 v0x64caa41a4d10_0, 0, 16;
    %pushi/vec4 0, 0, 8;
    %store/vec4 v0x64caa41a5170_0, 0, 8;
    %pushi/vec4 0, 0, 3;
    %store/vec4 v0x64caa41a54f0_0, 0, 3;
    %pushi/vec4 0, 0, 2;
    %store/vec4 v0x64caa41a4fb0_0, 0, 2;
    %pushi/vec4 0, 0, 8;
    %store/vec4 v0x64caa41a8e90_0, 0, 8;
    %pushi/vec4 0, 0, 16;
    %store/vec4 v0x64caa41a8870_0, 0, 16;
    %pushi/vec4 0, 0, 8;
    %store/vec4 v0x64caa41a8cd0_0, 0, 8;
    %pushi/vec4 0, 0, 3;
    %store/vec4 v0x64caa41a9050_0, 0, 3;
    %pushi/vec4 0, 0, 2;
    %store/vec4 v0x64caa41a8b10_0, 0, 2;
    %pushi/vec4 0, 0, 1;
    %store/vec4 v0x64caa41a6b70_0, 0, 1;
    %pushi/vec4 0, 0, 1;
    %store/vec4 v0x64caa41a8530_0, 0, 1;
    %pushi/vec4 0, 0, 8;
    %store/vec4 v0x64caa41a6f90_0, 0, 8;
    %pushi/vec4 0, 0, 1;
    %store/vec4 v0x64caa41a7390_0, 0, 1;
    %pushi/vec4 0, 0, 1;
    %store/vec4 v0x64caa41a60b0_0, 0, 1;
    %pushi/vec4 0, 0, 8;
    %store/vec4 v0x64caa41a7990_0, 0, 8;
    %pushi/vec4 0, 0, 32;
    %store/vec4 v0x64caa41a7610_0, 0, 32;
    %pushi/vec4 0, 0, 1;
    %store/vec4 v0x64caa41a7cb0_0, 0, 1;
    %pushi/vec4 0, 0, 1;
    %store/vec4 v0x64caa41a8150_0, 0, 1;
    %pushi/vec4 0, 0, 8;
    %store/vec4 v0x64caa41a78b0_0, 0, 8;
    %pushi/vec4 0, 0, 32;
    %store/vec4 v0x64caa41a7530_0, 0, 32;
    %pushi/vec4 0, 0, 1;
    %store/vec4 v0x64caa41a7bf0_0, 0, 1;
    %pushi/vec4 0, 0, 1;
    %store/vec4 v0x64caa41a8090_0, 0, 1;
    %end;
    .thread T_3;
    .scope S_0x64caa4159a40;
T_4 ;
    %end;
    .thread T_4;
    .scope S_0x64caa4159a40;
T_5 ;
    %pushi/vec4 0, 0, 32;
    %store/vec4 v0x64caa41a4830_0, 0, 32;
T_5.0 ;
    %load/vec4 v0x64caa41a4830_0;
    %cmpi/s 16384, 0, 32;
    %jmp/0xz T_5.1, 5;
    %load/vec4 v0x64caa41a4830_0;
    %store/vec4 v0x64caa41a4910_0, 0, 32;
T_5.2 ;
    %load/vec4 v0x64caa41a4910_0;
    %load/vec4 v0x64caa41a4830_0;
    %addi 128, 0, 32;
    %cmp/s;
    %jmp/0xz T_5.3, 5;
    %pushi/vec4 0, 0, 32;
    %ix/getv/s 4, v0x64caa41a4910_0;
    %store/vec4a v0x64caa41a49f0, 4, 0;
    %load/vec4 v0x64caa41a4910_0;
    %addi 1, 0, 32;
    %store/vec4 v0x64caa41a4910_0, 0, 32;
    %jmp T_5.2;
T_5.3 ;
    %load/vec4 v0x64caa41a4830_0;
    %addi 128, 0, 32;
    %store/vec4 v0x64caa41a4830_0, 0, 32;
    %jmp T_5.0;
T_5.1 ;
    %end;
    .thread T_5;
    .scope S_0x64caa4159a40;
T_6 ;
    %wait E_0x64caa418f900;
    %pushi/vec4 0, 0, 2;
    %store/vec4 v0x64caa41a9130_0, 0, 2;
    %pushi/vec4 0, 0, 1;
    %store/vec4 v0x64caa41a4b70_0, 0, 1;
    %load/vec4 v0x64caa41a8e90_0;
    %store/vec4 v0x64caa41a8db0_0, 0, 8;
    %load/vec4 v0x64caa41a8870_0;
    %store/vec4 v0x64caa41a8790_0, 0, 16;
    %load/vec4 v0x64caa41a8cd0_0;
    %store/vec4 v0x64caa41a8bf0_0, 0, 8;
    %load/vec4 v0x64caa41a9050_0;
    %store/vec4 v0x64caa41a8f70_0, 0, 3;
    %load/vec4 v0x64caa41a8b10_0;
    %store/vec4 v0x64caa41a8a30_0, 0, 2;
    %pushi/vec4 0, 0, 1;
    %store/vec4 v0x64caa41a6ab0_0, 0, 1;
    %pushi/vec4 0, 0, 1;
    %store/vec4 v0x64caa41a8470_0, 0, 1;
    %load/vec4 v0x64caa41a6f90_0;
    %store/vec4 v0x64caa41a6eb0_0, 0, 8;
    %load/vec4 v0x64caa41a7390_0;
    %load/vec4 v0x64caa41a7070_0;
    %nor/r;
    %and;
    %store/vec4 v0x64caa41a72d0_0, 0, 1;
    %load/vec4 v0x64caa41a9210_0;
    %dup/vec4;
    %pushi/vec4 0, 0, 2;
    %cmp/u;
    %jmp/1 T_6.0, 6;
    %dup/vec4;
    %pushi/vec4 1, 0, 2;
    %cmp/u;
    %jmp/1 T_6.1, 6;
    %dup/vec4;
    %pushi/vec4 2, 0, 2;
    %cmp/u;
    %jmp/1 T_6.2, 6;
    %jmp T_6.3;
T_6.0 ;
    %pushi/vec4 1, 0, 1;
    %store/vec4 v0x64caa41a6ab0_0, 0, 1;
    %load/vec4 v0x64caa41a69f0_0;
    %load/vec4 v0x64caa41a6d10_0;
    %and;
    %flag_set/vec4 8;
    %jmp/0xz  T_6.4, 8;
    %load/vec4 v0x64caa41a6690_0;
    %store/vec4 v0x64caa41a8db0_0, 0, 8;
    %load/vec4 v0x64caa41a6310_0;
    %store/vec4 v0x64caa41a8790_0, 0, 16;
    %load/vec4 v0x64caa41a6770_0;
    %store/vec4 v0x64caa41a8bf0_0, 0, 8;
    %load/vec4 v0x64caa41a6c30_0;
    %pad/u 32;
    %cmpi/u 2, 0, 32;
    %flag_mov 8, 5;
    %jmp/0 T_6.6, 8;
    %load/vec4 v0x64caa41a6c30_0;
    %pad/u 32;
    %jmp/1 T_6.7, 8;
T_6.6 ; End of true expr.
    %pushi/vec4 2, 0, 32;
    %jmp/0 T_6.7, 8;
 ; End of false expr.
    %blend;
T_6.7;
    %pad/u 3;
    %store/vec4 v0x64caa41a8f70_0, 0, 3;
    %load/vec4 v0x64caa41a64d0_0;
    %store/vec4 v0x64caa41a8a30_0, 0, 2;
    %pushi/vec4 0, 0, 1;
    %store/vec4 v0x64caa41a6ab0_0, 0, 1;
    %pushi/vec4 1, 0, 1;
    %store/vec4 v0x64caa41a8470_0, 0, 1;
    %pushi/vec4 1, 0, 2;
    %store/vec4 v0x64caa41a9130_0, 0, 2;
    %jmp T_6.5;
T_6.4 ;
    %pushi/vec4 0, 0, 2;
    %store/vec4 v0x64caa41a9130_0, 0, 2;
T_6.5 ;
    %jmp T_6.3;
T_6.1 ;
    %pushi/vec4 1, 0, 1;
    %store/vec4 v0x64caa41a8470_0, 0, 1;
    %load/vec4 v0x64caa41a83b0_0;
    %load/vec4 v0x64caa41a86d0_0;
    %and;
    %flag_set/vec4 8;
    %jmp/0xz  T_6.8, 8;
    %pushi/vec4 1, 0, 1;
    %store/vec4 v0x64caa41a4b70_0, 0, 1;
    %load/vec4 v0x64caa41a8b10_0;
    %cmpi/ne 0, 0, 2;
    %jmp/0xz  T_6.10, 4;
    %load/vec4 v0x64caa41a8870_0;
    %pushi/vec4 1, 0, 16;
    %ix/getv 4, v0x64caa41a9050_0;
    %shiftl 4;
    %add;
    %store/vec4 v0x64caa41a8790_0, 0, 16;
T_6.10 ;
    %load/vec4 v0x64caa41a8cd0_0;
    %subi 1, 0, 8;
    %store/vec4 v0x64caa41a8bf0_0, 0, 8;
    %load/vec4 v0x64caa41a8cd0_0;
    %pad/u 32;
    %cmpi/u 0, 0, 32;
    %flag_or 5, 4; GT is !LE
    %flag_inv 5;
    %jmp/0xz  T_6.12, 5;
    %pushi/vec4 1, 0, 2;
    %store/vec4 v0x64caa41a9130_0, 0, 2;
    %jmp T_6.13;
T_6.12 ;
    %pushi/vec4 0, 0, 1;
    %store/vec4 v0x64caa41a8470_0, 0, 1;
    %load/vec4 v0x64caa41a7070_0;
    %flag_set/vec4 8;
    %load/vec4 v0x64caa41a7210_0;
    %nor/r;
    %flag_set/vec4 9;
    %flag_or 9, 8;
    %jmp/0xz  T_6.14, 9;
    %load/vec4 v0x64caa41a8e90_0;
    %store/vec4 v0x64caa41a6eb0_0, 0, 8;
    %pushi/vec4 1, 0, 1;
    %store/vec4 v0x64caa41a72d0_0, 0, 1;
    %pushi/vec4 1, 0, 1;
    %store/vec4 v0x64caa41a6ab0_0, 0, 1;
    %pushi/vec4 0, 0, 2;
    %store/vec4 v0x64caa41a9130_0, 0, 2;
    %jmp T_6.15;
T_6.14 ;
    %pushi/vec4 2, 0, 2;
    %store/vec4 v0x64caa41a9130_0, 0, 2;
T_6.15 ;
T_6.13 ;
    %jmp T_6.9;
T_6.8 ;
    %pushi/vec4 1, 0, 2;
    %store/vec4 v0x64caa41a9130_0, 0, 2;
T_6.9 ;
    %jmp T_6.3;
T_6.2 ;
    %load/vec4 v0x64caa41a7070_0;
    %flag_set/vec4 8;
    %load/vec4 v0x64caa41a7210_0;
    %nor/r;
    %flag_set/vec4 9;
    %flag_or 9, 8;
    %jmp/0xz  T_6.16, 9;
    %load/vec4 v0x64caa41a8e90_0;
    %store/vec4 v0x64caa41a6eb0_0, 0, 8;
    %pushi/vec4 1, 0, 1;
    %store/vec4 v0x64caa41a72d0_0, 0, 1;
    %pushi/vec4 1, 0, 1;
    %store/vec4 v0x64caa41a6ab0_0, 0, 1;
    %pushi/vec4 0, 0, 2;
    %store/vec4 v0x64caa41a9130_0, 0, 2;
    %jmp T_6.17;
T_6.16 ;
    %pushi/vec4 2, 0, 2;
    %store/vec4 v0x64caa41a9130_0, 0, 2;
T_6.17 ;
    %jmp T_6.3;
T_6.3 ;
    %pop/vec4 1;
    %jmp T_6;
    .thread T_6, $push;
    .scope S_0x64caa4159a40;
T_7 ;
    %wait E_0x64caa418f730;
    %load/vec4 v0x64caa41a9130_0;
    %assign/vec4 v0x64caa41a9210_0, 0;
    %load/vec4 v0x64caa41a8db0_0;
    %assign/vec4 v0x64caa41a8e90_0, 0;
    %load/vec4 v0x64caa41a8790_0;
    %assign/vec4 v0x64caa41a8870_0, 0;
    %load/vec4 v0x64caa41a8bf0_0;
    %assign/vec4 v0x64caa41a8cd0_0, 0;
    %load/vec4 v0x64caa41a8f70_0;
    %assign/vec4 v0x64caa41a9050_0, 0;
    %load/vec4 v0x64caa41a8a30_0;
    %assign/vec4 v0x64caa41a8b10_0, 0;
    %load/vec4 v0x64caa41a6ab0_0;
    %assign/vec4 v0x64caa41a6b70_0, 0;
    %load/vec4 v0x64caa41a8470_0;
    %assign/vec4 v0x64caa41a8530_0, 0;
    %load/vec4 v0x64caa41a6eb0_0;
    %assign/vec4 v0x64caa41a6f90_0, 0;
    %load/vec4 v0x64caa41a72d0_0;
    %assign/vec4 v0x64caa41a7390_0, 0;
    %pushi/vec4 0, 0, 32;
    %store/vec4 v0x64caa41a4830_0, 0, 32;
T_7.0 ;
    %load/vec4 v0x64caa41a4830_0;
    %cmpi/s 4, 0, 32;
    %jmp/0xz T_7.1, 5;
    %load/vec4 v0x64caa41a4b70_0;
    %load/vec4 v0x64caa41a85f0_0;
    %load/vec4 v0x64caa41a4830_0;
    %part/s 1;
    %and;
    %flag_set/vec4 8;
    %jmp/0xz  T_7.2, 8;
    %load/vec4 v0x64caa41a8210_0;
    %load/vec4 v0x64caa41a4830_0;
    %muli 8, 0, 32;
    %part/s 8;
    %load/vec4 v0x64caa41a8950_0;
    %pad/u 16;
    %ix/vec4 4;
    %flag_mov 8, 4;
    %load/vec4 v0x64caa41a4830_0;
    %muli 8, 0, 32;
    %ix/vec4/s 5;
    %flag_or 8, 4;
    %ix/load 6, 0, 0; Constant delay
    %ix/mov 3, 4;
    %flag_mov 4, 8;
    %assign/vec4/a/d v0x64caa41a49f0, 5, 6;
T_7.2 ;
    %load/vec4 v0x64caa41a4830_0;
    %addi 1, 0, 32;
    %store/vec4 v0x64caa41a4830_0, 0, 32;
    %jmp T_7.0;
T_7.1 ;
    %load/vec4 v0x64caa41a5790_0;
    %flag_set/vec4 8;
    %jmp/0xz  T_7.4, 8;
    %pushi/vec4 0, 0, 2;
    %assign/vec4 v0x64caa41a9210_0, 0;
    %pushi/vec4 0, 0, 1;
    %assign/vec4 v0x64caa41a6b70_0, 0;
    %pushi/vec4 0, 0, 1;
    %assign/vec4 v0x64caa41a8530_0, 0;
    %pushi/vec4 0, 0, 1;
    %assign/vec4 v0x64caa41a7390_0, 0;
T_7.4 ;
    %jmp T_7;
    .thread T_7;
    .scope S_0x64caa4159a40;
T_8 ;
    %wait E_0x64caa418f8c0;
    %pushi/vec4 0, 0, 1;
    %store/vec4 v0x64caa41a55d0_0, 0, 1;
    %pushi/vec4 0, 0, 1;
    %store/vec4 v0x64caa41a4ab0_0, 0, 1;
    %load/vec4 v0x64caa41a7990_0;
    %store/vec4 v0x64caa41a77d0_0, 0, 8;
    %load/vec4 v0x64caa41a7cb0_0;
    %store/vec4 v0x64caa41a7b30_0, 0, 1;
    %load/vec4 v0x64caa41a8150_0;
    %load/vec4 v0x64caa41a7d70_0;
    %pushi/vec4 0, 0, 1;
    %load/vec4 v0x64caa41a8090_0;
    %nor/r;
    %and;
    %or;
    %nor/r;
    %and;
    %store/vec4 v0x64caa41a7fd0_0, 0, 1;
    %load/vec4 v0x64caa41a5330_0;
    %store/vec4 v0x64caa41a5250_0, 0, 8;
    %load/vec4 v0x64caa41a4d10_0;
    %store/vec4 v0x64caa41a4c30_0, 0, 16;
    %load/vec4 v0x64caa41a5170_0;
    %store/vec4 v0x64caa41a5090_0, 0, 8;
    %load/vec4 v0x64caa41a54f0_0;
    %store/vec4 v0x64caa41a5410_0, 0, 3;
    %load/vec4 v0x64caa41a4fb0_0;
    %store/vec4 v0x64caa41a4ed0_0, 0, 2;
    %pushi/vec4 0, 0, 1;
    %store/vec4 v0x64caa41a5ff0_0, 0, 1;
    %load/vec4 v0x64caa41a56b0_0;
    %dup/vec4;
    %pushi/vec4 0, 0, 1;
    %cmp/u;
    %jmp/1 T_8.0, 6;
    %dup/vec4;
    %pushi/vec4 1, 0, 1;
    %cmp/u;
    %jmp/1 T_8.1, 6;
    %jmp T_8.2;
T_8.0 ;
    %pushi/vec4 1, 0, 1;
    %store/vec4 v0x64caa41a5ff0_0, 0, 1;
    %load/vec4 v0x64caa41a5f30_0;
    %load/vec4 v0x64caa41a6250_0;
    %and;
    %flag_set/vec4 8;
    %jmp/0xz  T_8.3, 8;
    %load/vec4 v0x64caa41a5bd0_0;
    %store/vec4 v0x64caa41a5250_0, 0, 8;
    %load/vec4 v0x64caa41a5850_0;
    %store/vec4 v0x64caa41a4c30_0, 0, 16;
    %load/vec4 v0x64caa41a5cb0_0;
    %store/vec4 v0x64caa41a5090_0, 0, 8;
    %load/vec4 v0x64caa41a6170_0;
    %pad/u 32;
    %cmpi/u 2, 0, 32;
    %flag_mov 8, 5;
    %jmp/0 T_8.5, 8;
    %load/vec4 v0x64caa41a6170_0;
    %pad/u 32;
    %jmp/1 T_8.6, 8;
T_8.5 ; End of true expr.
    %pushi/vec4 2, 0, 32;
    %jmp/0 T_8.6, 8;
 ; End of false expr.
    %blend;
T_8.6;
    %pad/u 3;
    %store/vec4 v0x64caa41a5410_0, 0, 3;
    %load/vec4 v0x64caa41a5a10_0;
    %store/vec4 v0x64caa41a4ed0_0, 0, 2;
    %pushi/vec4 0, 0, 1;
    %store/vec4 v0x64caa41a5ff0_0, 0, 1;
    %pushi/vec4 1, 0, 1;
    %store/vec4 v0x64caa41a55d0_0, 0, 1;
    %jmp T_8.4;
T_8.3 ;
    %pushi/vec4 0, 0, 1;
    %store/vec4 v0x64caa41a55d0_0, 0, 1;
T_8.4 ;
    %jmp T_8.2;
T_8.1 ;
    %load/vec4 v0x64caa41a7d70_0;
    %flag_set/vec4 8;
    %pushi/vec4 0, 0, 1;
    %load/vec4 v0x64caa41a8090_0;
    %nor/r;
    %and;
    %flag_set/vec4 9;
    %flag_or 9, 8;
    %load/vec4 v0x64caa41a8150_0;
    %nor/r;
    %flag_set/vec4 8;
    %flag_or 8, 9;
    %jmp/0xz  T_8.7, 8;
    %pushi/vec4 1, 0, 1;
    %store/vec4 v0x64caa41a4ab0_0, 0, 1;
    %pushi/vec4 1, 0, 1;
    %store/vec4 v0x64caa41a7fd0_0, 0, 1;
    %load/vec4 v0x64caa41a5330_0;
    %store/vec4 v0x64caa41a77d0_0, 0, 8;
    %load/vec4 v0x64caa41a5170_0;
    %pad/u 32;
    %pushi/vec4 0, 0, 32;
    %cmp/e;
    %flag_get/vec4 4;
    %store/vec4 v0x64caa41a7b30_0, 0, 1;
    %load/vec4 v0x64caa41a4fb0_0;
    %cmpi/ne 0, 0, 2;
    %jmp/0xz  T_8.9, 4;
    %load/vec4 v0x64caa41a4d10_0;
    %pushi/vec4 1, 0, 16;
    %ix/getv 4, v0x64caa41a54f0_0;
    %shiftl 4;
    %add;
    %store/vec4 v0x64caa41a4c30_0, 0, 16;
T_8.9 ;
    %load/vec4 v0x64caa41a5170_0;
    %subi 1, 0, 8;
    %store/vec4 v0x64caa41a5090_0, 0, 8;
    %load/vec4 v0x64caa41a5170_0;
    %pad/u 32;
    %cmpi/u 0, 0, 32;
    %flag_or 5, 4; GT is !LE
    %flag_inv 5;
    %jmp/0xz  T_8.11, 5;
    %pushi/vec4 1, 0, 1;
    %store/vec4 v0x64caa41a55d0_0, 0, 1;
    %jmp T_8.12;
T_8.11 ;
    %pushi/vec4 1, 0, 1;
    %store/vec4 v0x64caa41a5ff0_0, 0, 1;
    %pushi/vec4 0, 0, 1;
    %store/vec4 v0x64caa41a55d0_0, 0, 1;
T_8.12 ;
    %jmp T_8.8;
T_8.7 ;
    %pushi/vec4 1, 0, 1;
    %store/vec4 v0x64caa41a55d0_0, 0, 1;
T_8.8 ;
    %jmp T_8.2;
T_8.2 ;
    %pop/vec4 1;
    %jmp T_8;
    .thread T_8, $push;
    .scope S_0x64caa4159a40;
T_9 ;
    %wait E_0x64caa418f730;
    %load/vec4 v0x64caa41a55d0_0;
    %assign/vec4 v0x64caa41a56b0_0, 0;
    %load/vec4 v0x64caa41a5250_0;
    %assign/vec4 v0x64caa41a5330_0, 0;
    %load/vec4 v0x64caa41a4c30_0;
    %assign/vec4 v0x64caa41a4d10_0, 0;
    %load/vec4 v0x64caa41a5090_0;
    %assign/vec4 v0x64caa41a5170_0, 0;
    %load/vec4 v0x64caa41a5410_0;
    %assign/vec4 v0x64caa41a54f0_0, 0;
    %load/vec4 v0x64caa41a4ed0_0;
    %assign/vec4 v0x64caa41a4fb0_0, 0;
    %load/vec4 v0x64caa41a5ff0_0;
    %assign/vec4 v0x64caa41a60b0_0, 0;
    %load/vec4 v0x64caa41a77d0_0;
    %assign/vec4 v0x64caa41a7990_0, 0;
    %load/vec4 v0x64caa41a7b30_0;
    %assign/vec4 v0x64caa41a7cb0_0, 0;
    %load/vec4 v0x64caa41a7fd0_0;
    %assign/vec4 v0x64caa41a8150_0, 0;
    %load/vec4 v0x64caa41a4ab0_0;
    %flag_set/vec4 8;
    %jmp/0xz  T_9.0, 8;
    %load/vec4 v0x64caa41a4df0_0;
    %pad/u 16;
    %ix/vec4 4;
    %load/vec4a v0x64caa41a49f0, 4;
    %assign/vec4 v0x64caa41a7610_0, 0;
T_9.0 ;
    %load/vec4 v0x64caa41a8090_0;
    %nor/r;
    %flag_set/vec4 8;
    %load/vec4 v0x64caa41a7d70_0;
    %flag_set/vec4 9;
    %flag_or 9, 8;
    %jmp/0xz  T_9.2, 9;
    %load/vec4 v0x64caa41a7990_0;
    %assign/vec4 v0x64caa41a78b0_0, 0;
    %load/vec4 v0x64caa41a7610_0;
    %assign/vec4 v0x64caa41a7530_0, 0;
    %load/vec4 v0x64caa41a7cb0_0;
    %assign/vec4 v0x64caa41a7bf0_0, 0;
    %load/vec4 v0x64caa41a8150_0;
    %assign/vec4 v0x64caa41a8090_0, 0;
T_9.2 ;
    %load/vec4 v0x64caa41a5790_0;
    %flag_set/vec4 8;
    %jmp/0xz  T_9.4, 8;
    %pushi/vec4 0, 0, 1;
    %assign/vec4 v0x64caa41a56b0_0, 0;
    %pushi/vec4 0, 0, 1;
    %assign/vec4 v0x64caa41a60b0_0, 0;
    %pushi/vec4 0, 0, 1;
    %assign/vec4 v0x64caa41a8150_0, 0;
    %pushi/vec4 0, 0, 1;
    %assign/vec4 v0x64caa41a8090_0, 0;
T_9.4 ;
    %jmp T_9;
    .thread T_9;
    .scope S_0x64caa4159d90;
T_10 ;
    %pushi/vec4 0, 0, 1;
    %store/vec4 v0x64caa41ad4e0_0, 0, 1;
    %pushi/vec4 0, 0, 2;
    %store/vec4 v0x64caa41b1540_0, 0, 2;
    %pushi/vec4 0, 0, 8;
    %store/vec4 v0x64caa41ad160_0, 0, 8;
    %pushi/vec4 0, 0, 8;
    %store/vec4 v0x64caa41acb40_0, 0, 8;
    %pushi/vec4 0, 0, 8;
    %store/vec4 v0x64caa41acfa0_0, 0, 8;
    %pushi/vec4 0, 0, 3;
    %store/vec4 v0x64caa41ad320_0, 0, 3;
    %pushi/vec4 0, 0, 2;
    %store/vec4 v0x64caa41acde0_0, 0, 2;
    %pushi/vec4 0, 0, 8;
    %store/vec4 v0x64caa41b11c0_0, 0, 8;
    %pushi/vec4 0, 0, 8;
    %store/vec4 v0x64caa41b0ba0_0, 0, 8;
    %pushi/vec4 0, 0, 8;
    %store/vec4 v0x64caa41b1000_0, 0, 8;
    %pushi/vec4 0, 0, 3;
    %store/vec4 v0x64caa41b1380_0, 0, 3;
    %pushi/vec4 0, 0, 2;
    %store/vec4 v0x64caa41b0e40_0, 0, 2;
    %pushi/vec4 0, 0, 1;
    %store/vec4 v0x64caa41aede0_0, 0, 1;
    %pushi/vec4 0, 0, 1;
    %store/vec4 v0x64caa41b0700_0, 0, 1;
    %pushi/vec4 0, 0, 8;
    %store/vec4 v0x64caa41af1d0_0, 0, 8;
    %pushi/vec4 0, 0, 1;
    %store/vec4 v0x64caa41af5c0_0, 0, 1;
    %pushi/vec4 0, 0, 1;
    %store/vec4 v0x64caa41adf70_0, 0, 1;
    %pushi/vec4 0, 0, 8;
    %store/vec4 v0x64caa41afb90_0, 0, 8;
    %pushi/vec4 0, 0, 32;
    %store/vec4 v0x64caa41af820_0, 0, 32;
    %pushi/vec4 0, 0, 1;
    %store/vec4 v0x64caa41afea0_0, 0, 1;
    %pushi/vec4 0, 0, 1;
    %store/vec4 v0x64caa41b0310_0, 0, 1;
    %pushi/vec4 0, 0, 8;
    %store/vec4 v0x64caa41afab0_0, 0, 8;
    %pushi/vec4 0, 0, 32;
    %store/vec4 v0x64caa41af740_0, 0, 32;
    %pushi/vec4 0, 0, 1;
    %store/vec4 v0x64caa41afde0_0, 0, 1;
    %pushi/vec4 0, 0, 1;
    %store/vec4 v0x64caa41b0270_0, 0, 1;
    %end;
    .thread T_10;
    .scope S_0x64caa4159d90;
T_11 ;
    %end;
    .thread T_11;
    .scope S_0x64caa4159d90;
T_12 ;
    %pushi/vec4 0, 0, 32;
    %store/vec4 v0x64caa41ac400_0, 0, 32;
T_12.0 ;
    %load/vec4 v0x64caa41ac400_0;
    %cmpi/s 64, 0, 32;
    %jmp/0xz T_12.1, 5;
    %load/vec4 v0x64caa41ac400_0;
    %store/vec4 v0x64caa41ac4c0_0, 0, 32;
T_12.2 ;
    %load/vec4 v0x64caa41ac4c0_0;
    %load/vec4 v0x64caa41ac400_0;
    %addi 8, 0, 32;
    %cmp/s;
    %jmp/0xz T_12.3, 5;
    %pushi/vec4 0, 0, 32;
    %ix/getv/s 4, v0x64caa41ac4c0_0;
    %store/vec4a v0x64caa41ac760, 4, 0;
    %load/vec4 v0x64caa41ac4c0_0;
    %addi 1, 0, 32;
    %store/vec4 v0x64caa41ac4c0_0, 0, 32;
    %jmp T_12.2;
T_12.3 ;
    %load/vec4 v0x64caa41ac400_0;
    %addi 8, 0, 32;
    %store/vec4 v0x64caa41ac400_0, 0, 32;
    %jmp T_12.0;
T_12.1 ;
    %end;
    .thread T_12;
    .scope S_0x64caa4159d90;
T_13 ;
    %wait E_0x64caa41aa970;
    %pushi/vec4 0, 0, 2;
    %store/vec4 v0x64caa41b1460_0, 0, 2;
    %pushi/vec4 0, 0, 1;
    %store/vec4 v0x64caa41ac8e0_0, 0, 1;
    %load/vec4 v0x64caa41b11c0_0;
    %store/vec4 v0x64caa41b10e0_0, 0, 8;
    %load/vec4 v0x64caa41b0ba0_0;
    %store/vec4 v0x64caa41b0ac0_0, 0, 8;
    %load/vec4 v0x64caa41b1000_0;
    %store/vec4 v0x64caa41b0f20_0, 0, 8;
    %load/vec4 v0x64caa41b1380_0;
    %store/vec4 v0x64caa41b12a0_0, 0, 3;
    %load/vec4 v0x64caa41b0e40_0;
    %store/vec4 v0x64caa41b0d60_0, 0, 2;
    %pushi/vec4 0, 0, 1;
    %store/vec4 v0x64caa41aed40_0, 0, 1;
    %pushi/vec4 0, 0, 1;
    %store/vec4 v0x64caa41b0660_0, 0, 1;
    %load/vec4 v0x64caa41af1d0_0;
    %store/vec4 v0x64caa41af130_0, 0, 8;
    %load/vec4 v0x64caa41af5c0_0;
    %load/vec4 v0x64caa41af2b0_0;
    %nor/r;
    %and;
    %store/vec4 v0x64caa41af520_0, 0, 1;
    %load/vec4 v0x64caa41b1540_0;
    %dup/vec4;
    %pushi/vec4 0, 0, 2;
    %cmp/u;
    %jmp/1 T_13.0, 6;
    %dup/vec4;
    %pushi/vec4 1, 0, 2;
    %cmp/u;
    %jmp/1 T_13.1, 6;
    %dup/vec4;
    %pushi/vec4 2, 0, 2;
    %cmp/u;
    %jmp/1 T_13.2, 6;
    %jmp T_13.3;
T_13.0 ;
    %pushi/vec4 1, 0, 1;
    %store/vec4 v0x64caa41aed40_0, 0, 1;
    %load/vec4 v0x64caa41aec70_0;
    %load/vec4 v0x64caa41aef90_0;
    %and;
    %flag_set/vec4 8;
    %jmp/0xz  T_13.4, 8;
    %load/vec4 v0x64caa41ae930_0;
    %store/vec4 v0x64caa41b10e0_0, 0, 8;
    %load/vec4 v0x64caa41ae1f0_0;
    %store/vec4 v0x64caa41b0ac0_0, 0, 8;
    %load/vec4 v0x64caa41aea20_0;
    %store/vec4 v0x64caa41b0f20_0, 0, 8;
    %load/vec4 v0x64caa41aeea0_0;
    %pad/u 32;
    %cmpi/u 2, 0, 32;
    %flag_mov 8, 5;
    %jmp/0 T_13.6, 8;
    %load/vec4 v0x64caa41aeea0_0;
    %pad/u 32;
    %jmp/1 T_13.7, 8;
T_13.6 ; End of true expr.
    %pushi/vec4 2, 0, 32;
    %jmp/0 T_13.7, 8;
 ; End of false expr.
    %blend;
T_13.7;
    %pad/u 3;
    %store/vec4 v0x64caa41b12a0_0, 0, 3;
    %load/vec4 v0x64caa41ae370_0;
    %store/vec4 v0x64caa41b0d60_0, 0, 2;
    %pushi/vec4 0, 0, 1;
    %store/vec4 v0x64caa41aed40_0, 0, 1;
    %pushi/vec4 1, 0, 1;
    %store/vec4 v0x64caa41b0660_0, 0, 1;
    %pushi/vec4 1, 0, 2;
    %store/vec4 v0x64caa41b1460_0, 0, 2;
    %jmp T_13.5;
T_13.4 ;
    %pushi/vec4 0, 0, 2;
    %store/vec4 v0x64caa41b1460_0, 0, 2;
T_13.5 ;
    %jmp T_13.3;
T_13.1 ;
    %pushi/vec4 1, 0, 1;
    %store/vec4 v0x64caa41b0660_0, 0, 1;
    %load/vec4 v0x64caa41b0590_0;
    %load/vec4 v0x64caa41b0870_0;
    %and;
    %flag_set/vec4 8;
    %jmp/0xz  T_13.8, 8;
    %pushi/vec4 1, 0, 1;
    %store/vec4 v0x64caa41ac8e0_0, 0, 1;
    %load/vec4 v0x64caa41b0e40_0;
    %cmpi/ne 0, 0, 2;
    %jmp/0xz  T_13.10, 4;
    %load/vec4 v0x64caa41b0ba0_0;
    %pushi/vec4 1, 0, 8;
    %ix/getv 4, v0x64caa41b1380_0;
    %shiftl 4;
    %add;
    %store/vec4 v0x64caa41b0ac0_0, 0, 8;
T_13.10 ;
    %load/vec4 v0x64caa41b1000_0;
    %subi 1, 0, 8;
    %store/vec4 v0x64caa41b0f20_0, 0, 8;
    %load/vec4 v0x64caa41b1000_0;
    %pad/u 32;
    %cmpi/u 0, 0, 32;
    %flag_or 5, 4; GT is !LE
    %flag_inv 5;
    %jmp/0xz  T_13.12, 5;
    %pushi/vec4 1, 0, 2;
    %store/vec4 v0x64caa41b1460_0, 0, 2;
    %jmp T_13.13;
T_13.12 ;
    %pushi/vec4 0, 0, 1;
    %store/vec4 v0x64caa41b0660_0, 0, 1;
    %load/vec4 v0x64caa41af2b0_0;
    %flag_set/vec4 8;
    %load/vec4 v0x64caa41af450_0;
    %nor/r;
    %flag_set/vec4 9;
    %flag_or 9, 8;
    %jmp/0xz  T_13.14, 9;
    %load/vec4 v0x64caa41b11c0_0;
    %store/vec4 v0x64caa41af130_0, 0, 8;
    %pushi/vec4 1, 0, 1;
    %store/vec4 v0x64caa41af520_0, 0, 1;
    %pushi/vec4 1, 0, 1;
    %store/vec4 v0x64caa41aed40_0, 0, 1;
    %pushi/vec4 0, 0, 2;
    %store/vec4 v0x64caa41b1460_0, 0, 2;
    %jmp T_13.15;
T_13.14 ;
    %pushi/vec4 2, 0, 2;
    %store/vec4 v0x64caa41b1460_0, 0, 2;
T_13.15 ;
T_13.13 ;
    %jmp T_13.9;
T_13.8 ;
    %pushi/vec4 1, 0, 2;
    %store/vec4 v0x64caa41b1460_0, 0, 2;
T_13.9 ;
    %jmp T_13.3;
T_13.2 ;
    %load/vec4 v0x64caa41af2b0_0;
    %flag_set/vec4 8;
    %load/vec4 v0x64caa41af450_0;
    %nor/r;
    %flag_set/vec4 9;
    %flag_or 9, 8;
    %jmp/0xz  T_13.16, 9;
    %load/vec4 v0x64caa41b11c0_0;
    %store/vec4 v0x64caa41af130_0, 0, 8;
    %pushi/vec4 1, 0, 1;
    %store/vec4 v0x64caa41af520_0, 0, 1;
    %pushi/vec4 1, 0, 1;
    %store/vec4 v0x64caa41aed40_0, 0, 1;
    %pushi/vec4 0, 0, 2;
    %store/vec4 v0x64caa41b1460_0, 0, 2;
    %jmp T_13.17;
T_13.16 ;
    %pushi/vec4 2, 0, 2;
    %store/vec4 v0x64caa41b1460_0, 0, 2;
T_13.17 ;
    %jmp T_13.3;
T_13.3 ;
    %pop/vec4 1;
    %jmp T_13;
    .thread T_13, $push;
    .scope S_0x64caa4159d90;
T_14 ;
    %wait E_0x64caa418f730;
    %load/vec4 v0x64caa41ad5c0_0;
    %flag_set/vec4 8;
    %jmp/0xz  T_14.0, 8;
    %pushi/vec4 0, 0, 1;
    %assign/vec4 v0x64caa41aede0_0, 0;
    %pushi/vec4 0, 0, 1;
    %assign/vec4 v0x64caa41b0700_0, 0;
    %pushi/vec4 0, 0, 1;
    %assign/vec4 v0x64caa41af5c0_0, 0;
    %pushi/vec4 0, 0, 2;
    %assign/vec4 v0x64caa41b1540_0, 0;
    %jmp T_14.1;
T_14.0 ;
    %load/vec4 v0x64caa41b1460_0;
    %assign/vec4 v0x64caa41b1540_0, 0;
    %load/vec4 v0x64caa41b10e0_0;
    %assign/vec4 v0x64caa41b11c0_0, 0;
    %load/vec4 v0x64caa41b0ac0_0;
    %assign/vec4 v0x64caa41b0ba0_0, 0;
    %load/vec4 v0x64caa41b0f20_0;
    %assign/vec4 v0x64caa41b1000_0, 0;
    %load/vec4 v0x64caa41b12a0_0;
    %assign/vec4 v0x64caa41b1380_0, 0;
    %load/vec4 v0x64caa41b0d60_0;
    %assign/vec4 v0x64caa41b0e40_0, 0;
    %load/vec4 v0x64caa41aed40_0;
    %assign/vec4 v0x64caa41aede0_0, 0;
    %load/vec4 v0x64caa41b0660_0;
    %assign/vec4 v0x64caa41b0700_0, 0;
    %load/vec4 v0x64caa41af130_0;
    %assign/vec4 v0x64caa41af1d0_0, 0;
    %load/vec4 v0x64caa41af520_0;
    %assign/vec4 v0x64caa41af5c0_0, 0;
    %load/vec4 v0x64caa41ac8e0_0;
    %flag_set/vec4 8;
    %jmp/0xz  T_14.2, 8;
    %pushi/vec4 0, 0, 32;
    %store/vec4 v0x64caa41ac400_0, 0, 32;
T_14.4 ;
    %load/vec4 v0x64caa41ac400_0;
    %cmpi/s 4, 0, 32;
    %jmp/0xz T_14.5, 5;
    %load/vec4 v0x64caa41b07a0_0;
    %load/vec4 v0x64caa41ac400_0;
    %part/s 1;
    %flag_set/vec4 8;
    %jmp/0xz  T_14.6, 8;
    %load/vec4 v0x64caa41b03d0_0;
    %load/vec4 v0x64caa41ac400_0;
    %muli 8, 0, 32;
    %part/s 8;
    %ix/getv 4, v0x64caa41b0c80_0;
    %flag_mov 8, 4;
    %load/vec4 v0x64caa41ac400_0;
    %muli 8, 0, 32;
    %ix/vec4/s 5;
    %flag_or 8, 4;
    %ix/load 6, 0, 0; Constant delay
    %ix/mov 3, 4;
    %flag_mov 4, 8;
    %assign/vec4/a/d v0x64caa41ac760, 5, 6;
T_14.6 ;
    %load/vec4 v0x64caa41ac400_0;
    %addi 1, 0, 32;
    %store/vec4 v0x64caa41ac400_0, 0, 32;
    %jmp T_14.4;
T_14.5 ;
T_14.2 ;
T_14.1 ;
    %jmp T_14;
    .thread T_14;
    .scope S_0x64caa4159d90;
T_15 ;
    %wait E_0x64caa41aa890;
    %pushi/vec4 0, 0, 1;
    %store/vec4 v0x64caa41ad400_0, 0, 1;
    %pushi/vec4 0, 0, 1;
    %store/vec4 v0x64caa41ac820_0, 0, 1;
    %load/vec4 v0x64caa41afb90_0;
    %store/vec4 v0x64caa41af9f0_0, 0, 8;
    %load/vec4 v0x64caa41afea0_0;
    %store/vec4 v0x64caa41afd40_0, 0, 1;
    %load/vec4 v0x64caa41b0310_0;
    %load/vec4 v0x64caa41aff60_0;
    %pushi/vec4 0, 0, 1;
    %load/vec4 v0x64caa41b0270_0;
    %nor/r;
    %and;
    %or;
    %nor/r;
    %and;
    %store/vec4 v0x64caa41b01d0_0, 0, 1;
    %load/vec4 v0x64caa41ad160_0;
    %store/vec4 v0x64caa41ad080_0, 0, 8;
    %load/vec4 v0x64caa41acb40_0;
    %store/vec4 v0x64caa41aca60_0, 0, 8;
    %load/vec4 v0x64caa41acfa0_0;
    %store/vec4 v0x64caa41acec0_0, 0, 8;
    %load/vec4 v0x64caa41ad320_0;
    %store/vec4 v0x64caa41ad240_0, 0, 3;
    %load/vec4 v0x64caa41acde0_0;
    %store/vec4 v0x64caa41acd00_0, 0, 2;
    %pushi/vec4 0, 0, 1;
    %store/vec4 v0x64caa41aded0_0, 0, 1;
    %load/vec4 v0x64caa41ad4e0_0;
    %dup/vec4;
    %pushi/vec4 0, 0, 1;
    %cmp/u;
    %jmp/1 T_15.0, 6;
    %dup/vec4;
    %pushi/vec4 1, 0, 1;
    %cmp/u;
    %jmp/1 T_15.1, 6;
    %jmp T_15.2;
T_15.0 ;
    %pushi/vec4 1, 0, 1;
    %store/vec4 v0x64caa41aded0_0, 0, 1;
    %load/vec4 v0x64caa41ade00_0;
    %load/vec4 v0x64caa41ae120_0;
    %and;
    %flag_set/vec4 8;
    %jmp/0xz  T_15.3, 8;
    %load/vec4 v0x64caa41adac0_0;
    %store/vec4 v0x64caa41ad080_0, 0, 8;
    %load/vec4 v0x64caa41ad750_0;
    %store/vec4 v0x64caa41aca60_0, 0, 8;
    %load/vec4 v0x64caa41adbb0_0;
    %store/vec4 v0x64caa41acec0_0, 0, 8;
    %load/vec4 v0x64caa41ae030_0;
    %pad/u 32;
    %cmpi/u 2, 0, 32;
    %flag_mov 8, 5;
    %jmp/0 T_15.5, 8;
    %load/vec4 v0x64caa41ae030_0;
    %pad/u 32;
    %jmp/1 T_15.6, 8;
T_15.5 ; End of true expr.
    %pushi/vec4 2, 0, 32;
    %jmp/0 T_15.6, 8;
 ; End of false expr.
    %blend;
T_15.6;
    %pad/u 3;
    %store/vec4 v0x64caa41ad240_0, 0, 3;
    %load/vec4 v0x64caa41ad910_0;
    %store/vec4 v0x64caa41acd00_0, 0, 2;
    %pushi/vec4 0, 0, 1;
    %store/vec4 v0x64caa41aded0_0, 0, 1;
    %pushi/vec4 1, 0, 1;
    %store/vec4 v0x64caa41ad400_0, 0, 1;
    %jmp T_15.4;
T_15.3 ;
    %pushi/vec4 0, 0, 1;
    %store/vec4 v0x64caa41ad400_0, 0, 1;
T_15.4 ;
    %jmp T_15.2;
T_15.1 ;
    %load/vec4 v0x64caa41aff60_0;
    %flag_set/vec4 8;
    %pushi/vec4 0, 0, 1;
    %load/vec4 v0x64caa41b0270_0;
    %nor/r;
    %and;
    %flag_set/vec4 9;
    %flag_or 9, 8;
    %load/vec4 v0x64caa41b0310_0;
    %nor/r;
    %flag_set/vec4 8;
    %flag_or 8, 9;
    %jmp/0xz  T_15.7, 8;
    %pushi/vec4 1, 0, 1;
    %store/vec4 v0x64caa41ac820_0, 0, 1;
    %pushi/vec4 1, 0, 1;
    %store/vec4 v0x64caa41b01d0_0, 0, 1;
    %load/vec4 v0x64caa41ad160_0;
    %store/vec4 v0x64caa41af9f0_0, 0, 8;
    %load/vec4 v0x64caa41acfa0_0;
    %pad/u 32;
    %pushi/vec4 0, 0, 32;
    %cmp/e;
    %flag_get/vec4 4;
    %store/vec4 v0x64caa41afd40_0, 0, 1;
    %load/vec4 v0x64caa41acde0_0;
    %cmpi/ne 0, 0, 2;
    %jmp/0xz  T_15.9, 4;
    %load/vec4 v0x64caa41acb40_0;
    %pushi/vec4 1, 0, 8;
    %ix/getv 4, v0x64caa41ad320_0;
    %shiftl 4;
    %add;
    %store/vec4 v0x64caa41aca60_0, 0, 8;
T_15.9 ;
    %load/vec4 v0x64caa41acfa0_0;
    %subi 1, 0, 8;
    %store/vec4 v0x64caa41acec0_0, 0, 8;
    %load/vec4 v0x64caa41acfa0_0;
    %pad/u 32;
    %cmpi/u 0, 0, 32;
    %flag_or 5, 4; GT is !LE
    %flag_inv 5;
    %jmp/0xz  T_15.11, 5;
    %pushi/vec4 1, 0, 1;
    %store/vec4 v0x64caa41ad400_0, 0, 1;
    %jmp T_15.12;
T_15.11 ;
    %pushi/vec4 1, 0, 1;
    %store/vec4 v0x64caa41aded0_0, 0, 1;
    %pushi/vec4 0, 0, 1;
    %store/vec4 v0x64caa41ad400_0, 0, 1;
T_15.12 ;
    %jmp T_15.8;
T_15.7 ;
    %pushi/vec4 1, 0, 1;
    %store/vec4 v0x64caa41ad400_0, 0, 1;
T_15.8 ;
    %jmp T_15.2;
T_15.2 ;
    %pop/vec4 1;
    %jmp T_15;
    .thread T_15, $push;
    .scope S_0x64caa4159d90;
T_16 ;
    %wait E_0x64caa418f730;
    %load/vec4 v0x64caa41ad5c0_0;
    %flag_set/vec4 8;
    %jmp/0xz  T_16.0, 8;
    %pushi/vec4 0, 0, 1;
    %assign/vec4 v0x64caa41adf70_0, 0;
    %pushi/vec4 0, 0, 1;
    %assign/vec4 v0x64caa41b0310_0, 0;
    %pushi/vec4 0, 0, 1;
    %assign/vec4 v0x64caa41b0270_0, 0;
    %pushi/vec4 0, 0, 1;
    %assign/vec4 v0x64caa41ad4e0_0, 0;
    %jmp T_16.1;
T_16.0 ;
    %load/vec4 v0x64caa41ad400_0;
    %assign/vec4 v0x64caa41ad4e0_0, 0;
    %load/vec4 v0x64caa41ad080_0;
    %assign/vec4 v0x64caa41ad160_0, 0;
    %load/vec4 v0x64caa41aca60_0;
    %assign/vec4 v0x64caa41acb40_0, 0;
    %load/vec4 v0x64caa41acec0_0;
    %assign/vec4 v0x64caa41acfa0_0, 0;
    %load/vec4 v0x64caa41ad240_0;
    %assign/vec4 v0x64caa41ad320_0, 0;
    %load/vec4 v0x64caa41acd00_0;
    %assign/vec4 v0x64caa41acde0_0, 0;
    %load/vec4 v0x64caa41aded0_0;
    %assign/vec4 v0x64caa41adf70_0, 0;
    %load/vec4 v0x64caa41af9f0_0;
    %assign/vec4 v0x64caa41afb90_0, 0;
    %load/vec4 v0x64caa41afd40_0;
    %assign/vec4 v0x64caa41afea0_0, 0;
    %load/vec4 v0x64caa41b01d0_0;
    %assign/vec4 v0x64caa41b0310_0, 0;
    %load/vec4 v0x64caa41b0270_0;
    %nor/r;
    %flag_set/vec4 8;
    %load/vec4 v0x64caa41aff60_0;
    %flag_set/vec4 9;
    %flag_or 9, 8;
    %jmp/0xz  T_16.2, 9;
    %load/vec4 v0x64caa41afb90_0;
    %assign/vec4 v0x64caa41afab0_0, 0;
    %load/vec4 v0x64caa41af820_0;
    %assign/vec4 v0x64caa41af740_0, 0;
    %load/vec4 v0x64caa41afea0_0;
    %assign/vec4 v0x64caa41afde0_0, 0;
    %load/vec4 v0x64caa41b0310_0;
    %assign/vec4 v0x64caa41b0270_0, 0;
T_16.2 ;
T_16.1 ;
    %jmp T_16;
    .thread T_16;
    .scope S_0x64caa4159d90;
T_17 ;
    %wait E_0x64caa418f730;
    %load/vec4 v0x64caa41ac9a0_0;
    %nor/r;
    %flag_set/vec4 8;
    %jmp/0xz  T_17.0, 8;
    %load/vec4 v0x64caa41ac8e0_0;
    %flag_set/vec4 8;
    %jmp/0xz  T_17.2, 8;
    %pushi/vec4 0, 0, 32;
    %store/vec4 v0x64caa41ac400_0, 0, 32;
T_17.4 ;
    %load/vec4 v0x64caa41ac400_0;
    %cmpi/s 4, 0, 32;
    %jmp/0xz T_17.5, 5;
    %load/vec4 v0x64caa41b07a0_0;
    %load/vec4 v0x64caa41ac400_0;
    %part/s 1;
    %flag_set/vec4 8;
    %jmp/0xz  T_17.6, 8;
    %load/vec4 v0x64caa41b03d0_0;
    %load/vec4 v0x64caa41ac400_0;
    %muli 8, 0, 32;
    %part/s 8;
    %ix/getv 4, v0x64caa41b0c80_0;
    %flag_mov 8, 4;
    %load/vec4 v0x64caa41ac400_0;
    %muli 8, 0, 32;
    %ix/vec4/s 5;
    %flag_or 8, 4;
    %ix/load 6, 0, 0; Constant delay
    %ix/mov 3, 4;
    %flag_mov 4, 8;
    %assign/vec4/a/d v0x64caa41ac760, 5, 6;
T_17.6 ;
    %load/vec4 v0x64caa41ac400_0;
    %addi 1, 0, 32;
    %store/vec4 v0x64caa41ac400_0, 0, 32;
    %jmp T_17.4;
T_17.5 ;
    %jmp T_17.3;
T_17.2 ;
    %load/vec4 v0x64caa41ac820_0;
    %flag_set/vec4 8;
    %jmp/0xz  T_17.8, 8;
    %ix/getv 4, v0x64caa41acc20_0;
    %load/vec4a v0x64caa41ac760, 4;
    %assign/vec4 v0x64caa41af820_0, 0;
T_17.8 ;
T_17.3 ;
    %pushi/vec4 0, 0, 5;
    %assign/vec4 v0x64caa41b0940_0, 0;
    %pushi/vec4 0, 0, 32;
    %store/vec4 v0x64caa41ac400_0, 0, 32;
T_17.10 ;
    %load/vec4 v0x64caa41ac400_0;
    %cmpi/s 32, 0, 32;
    %jmp/0xz T_17.11, 5;
    %pushi/vec4 0, 0, 32;
    %ix/getv/s 3, v0x64caa41ac400_0;
    %ix/load 4, 0, 0; Constant delay
    %assign/vec4/a/d v0x64caa41abde0, 0, 4;
    %load/vec4 v0x64caa41ac400_0;
    %addi 1, 0, 32;
    %store/vec4 v0x64caa41ac400_0, 0, 32;
    %jmp T_17.10;
T_17.11 ;
    %jmp T_17.1;
T_17.0 ;
    %pushi/vec4 0, 0, 32;
    %store/vec4 v0x64caa41ac400_0, 0, 32;
T_17.12 ;
    %load/vec4 v0x64caa41ac400_0;
    %cmpi/s 32, 0, 32;
    %jmp/0xz T_17.13, 5;
    %load/vec4 v0x64caa41b0940_0;
    %pad/u 32;
    %cmpi/e 0, 0, 32;
    %flag_mov 8, 4;
    %jmp/0 T_17.14, 8;
    %ix/getv/s 4, v0x64caa41ac400_0;
    %load/vec4a v0x64caa41ac2a0, 4;
    %jmp/1 T_17.15, 8;
T_17.14 ; End of true expr.
    %ix/getv/s 4, v0x64caa41ac400_0;
    %load/vec4a v0x64caa41abde0, 4;
    %ix/getv/s 4, v0x64caa41ac400_0;
    %load/vec4a v0x64caa41ac2a0, 4;
    %ix/getv 4, v0x64caa41b0940_0;
    %shiftl 4;
    %add;
    %jmp/0 T_17.15, 8;
 ; End of false expr.
    %blend;
T_17.15;
    %ix/getv/s 3, v0x64caa41ac400_0;
    %ix/load 4, 0, 0; Constant delay
    %assign/vec4/a/d v0x64caa41abde0, 0, 4;
    %load/vec4 v0x64caa41ac400_0;
    %addi 1, 0, 32;
    %store/vec4 v0x64caa41ac400_0, 0, 32;
    %jmp T_17.12;
T_17.13 ;
    %load/vec4 v0x64caa41b0940_0;
    %addi 1, 0, 5;
    %assign/vec4 v0x64caa41b0940_0, 0;
T_17.1 ;
    %load/vec4 v0x64caa41b09e0_0;
    %assign/vec4 v0x64caa41ac680_0, 0;
    %jmp T_17;
    .thread T_17;
    .scope S_0x64caa4159d90;
T_18 ;
    %wait E_0x64caa41aa830;
    %pushi/vec4 0, 0, 32;
    %store/vec4 v0x64caa41ac400_0, 0, 32;
T_18.0 ;
    %load/vec4 v0x64caa41ac400_0;
    %cmpi/s 32, 0, 32;
    %jmp/0xz T_18.1, 5;
    %pushi/vec4 0, 0, 32;
    %ix/getv/s 4, v0x64caa41ac400_0;
    %store/vec4a v0x64caa41ac2a0, 4, 0;
    %pushi/vec4 0, 0, 32;
    %store/vec4 v0x64caa41ac4c0_0, 0, 32;
T_18.2 ;
    %load/vec4 v0x64caa41ac4c0_0;
    %pad/s 40;
    %cmpi/s 256, 0, 40;
    %jmp/0xz T_18.3, 5;
    %ix/getv/s 4, v0x64caa41ac400_0;
    %load/vec4a v0x64caa41ac2a0, 4;
    %pushi/vec4 0, 0, 33;
    %load/vec4 v0x64caa41ac4c0_0;
    %pad/u 33;
    %add;
    %ix/vec4 4;
    %load/vec4a v0x64caa41ac760, 4;
    %load/vec4 v0x64caa41ac400_0;
    %part/s 1;
    %pad/u 32;
    %load/vec4 v0x64caa41ad690_0;
    %load/vec4 v0x64caa41ac4c0_0;
    %part/s 1;
    %pad/u 32;
    %and;
    %add;
    %ix/getv/s 4, v0x64caa41ac400_0;
    %store/vec4a v0x64caa41ac2a0, 4, 0;
    %load/vec4 v0x64caa41ac4c0_0;
    %addi 1, 0, 32;
    %store/vec4 v0x64caa41ac4c0_0, 0, 32;
    %jmp T_18.2;
T_18.3 ;
    %load/vec4 v0x64caa41ac400_0;
    %addi 1, 0, 32;
    %store/vec4 v0x64caa41ac400_0, 0, 32;
    %jmp T_18.0;
T_18.1 ;
    %jmp T_18;
    .thread T_18, $push;
    .scope S_0x64caa4159d90;
T_19 ;
    %wait E_0x64caa41aa6e0;
    %pushi/vec4 0, 0, 32;
    %store/vec4 v0x64caa41b09e0_0, 0, 32;
    %pushi/vec4 0, 0, 32;
    %store/vec4 v0x64caa41ac400_0, 0, 32;
T_19.0 ;
    %load/vec4 v0x64caa41ac400_0;
    %cmpi/s 32, 0, 32;
    %jmp/0xz T_19.1, 5;
    %load/vec4 v0x64caa41b09e0_0;
    %ix/getv/s 4, v0x64caa41ac400_0;
    %load/vec4a v0x64caa41abde0, 4;
    %load/vec4 v0x64caa41ac400_0;
    %ix/vec4 4;
    %shiftl 4;
    %add;
    %store/vec4 v0x64caa41b09e0_0, 0, 32;
    %load/vec4 v0x64caa41ac400_0;
    %addi 1, 0, 32;
    %store/vec4 v0x64caa41ac400_0, 0, 32;
    %jmp T_19.0;
T_19.1 ;
    %jmp T_19;
    .thread T_19, $push;
    .scope S_0x64caa4159d90;
T_20 ;
    %wait E_0x64caa418f730;
    %load/vec4 v0x64caa41ad5c0_0;
    %flag_set/vec4 8;
    %jmp/0xz  T_20.0, 8;
    %pushi/vec4 0, 0, 256;
    %assign/vec4 v0x64caa41ad690_0, 0;
    %jmp T_20.1;
T_20.0 ;
    %pushi/vec4 0, 0, 32;
    %store/vec4 v0x64caa41ac400_0, 0, 32;
T_20.2 ;
    %load/vec4 v0x64caa41ac400_0;
    %cmpi/s 256, 0, 32;
    %jmp/0xz T_20.3, 5;
    %vpi_func 5 441 "$random" 32 {0 0 0};
    %pushi/vec4 2, 0, 32;
    %mod/s;
    %pad/s 1;
    %ix/load 5, 0, 0;
    %ix/getv/s 4, v0x64caa41ac400_0;
    %assign/vec4/off/d v0x64caa41ad690_0, 4, 5;
    %load/vec4 v0x64caa41ac400_0;
    %addi 1, 0, 32;
    %store/vec4 v0x64caa41ac400_0, 0, 32;
    %jmp T_20.2;
T_20.3 ;
T_20.1 ;
    %jmp T_20;
    .thread T_20;
    .scope S_0x64caa414c0a0;
T_21 ;
    %pushi/vec4 0, 0, 1;
    %store/vec4 v0x64caa41b2c40_0, 0, 1;
    %pushi/vec4 1, 0, 1;
    %store/vec4 v0x64caa41b33f0_0, 0, 1;
    %pushi/vec4 0, 0, 8;
    %store/vec4 v0x64caa41b2330_0, 0, 8;
    %pushi/vec4 0, 0, 16;
    %store/vec4 v0x64caa41b21d0_0, 0, 16;
    %pushi/vec4 0, 0, 8;
    %store/vec4 v0x64caa41b2440_0, 0, 8;
    %pushi/vec4 2, 0, 3;
    %store/vec4 v0x64caa41b2640_0, 0, 3;
    %pushi/vec4 0, 0, 2;
    %store/vec4 v0x64caa41b2290_0, 0, 2;
    %pushi/vec4 0, 0, 1;
    %store/vec4 v0x64caa41b2750_0, 0, 1;
    %pushi/vec4 0, 0, 32;
    %store/vec4 v0x64caa41b35d0_0, 0, 32;
    %pushi/vec4 15, 0, 4;
    %store/vec4 v0x64caa41b38c0_0, 0, 4;
    %pushi/vec4 1, 0, 1;
    %store/vec4 v0x64caa41b36e0_0, 0, 1;
    %pushi/vec4 0, 0, 1;
    %store/vec4 v0x64caa41b39d0_0, 0, 1;
    %pushi/vec4 1, 0, 1;
    %store/vec4 v0x64caa41b2950_0, 0, 1;
    %pushi/vec4 0, 0, 8;
    %store/vec4 v0x64caa41b1c90_0, 0, 8;
    %pushi/vec4 0, 0, 16;
    %store/vec4 v0x64caa41b1ae0_0, 0, 16;
    %pushi/vec4 0, 0, 8;
    %store/vec4 v0x64caa41b1d80_0, 0, 8;
    %pushi/vec4 2, 0, 3;
    %store/vec4 v0x64caa41b1fd0_0, 0, 3;
    %pushi/vec4 0, 0, 2;
    %store/vec4 v0x64caa41b1bf0_0, 0, 2;
    %pushi/vec4 0, 0, 1;
    %store/vec4 v0x64caa41b20e0_0, 0, 1;
    %pushi/vec4 1, 0, 1;
    %store/vec4 v0x64caa41b31f0_0, 0, 1;
    %delay 658067456, 1164;
    %pushi/vec4 0, 0, 1;
    %store/vec4 v0x64caa41b33f0_0, 0, 1;
    %vpi_call 3 149 "$display", "[I] time [Equal or NOT Equal] axi_ram's rdata  axi_pim's rdata" {0 0 0};
    %pushi/vec4 0, 0, 32;
    %store/vec4 v0x64caa41b2d30_0, 0, 32;
T_21.0 ;
    %load/vec4 v0x64caa41b2d30_0;
    %cmpi/s 50, 0, 32;
    %jmp/0xz T_21.1, 5;
    %vpi_func 3 152 "$random" 32 {0 0 0};
    %pushi/vec4 65536, 0, 32;
    %mod/s;
    %pad/s 16;
    %store/vec4 v0x64caa41b21d0_0, 0, 16;
    %vpi_func 3 153 "$random" 32 {0 0 0};
    %store/vec4 v0x64caa41b35d0_0, 0, 32;
    %delay 1316134912, 2328;
    %pushi/vec4 1, 0, 1;
    %store/vec4 v0x64caa41b2750_0, 0, 1;
    %delay 1316134912, 2328;
    %pushi/vec4 1, 0, 1;
    %store/vec4 v0x64caa41b39d0_0, 0, 1;
    %delay 1316134912, 2328;
    %pushi/vec4 0, 0, 1;
    %store/vec4 v0x64caa41b2750_0, 0, 1;
    %delay 1316134912, 2328;
    %pushi/vec4 0, 0, 1;
    %store/vec4 v0x64caa41b39d0_0, 0, 1;
    %load/vec4 v0x64caa41b21d0_0;
    %store/vec4 v0x64caa41b1ae0_0, 0, 16;
    %delay 1316134912, 2328;
    %pushi/vec4 1, 0, 1;
    %store/vec4 v0x64caa41b20e0_0, 0, 1;
    %delay 1316134912, 2328;
    %pushi/vec4 0, 0, 1;
    %store/vec4 v0x64caa41b20e0_0, 0, 1;
    %delay 2632269824, 4656;
    %load/vec4 v0x64caa41b2f70_0;
    %load/vec4 v0x64caa41b2ed0_0;
    %cmp/e;
    %jmp/0xz  T_21.2, 4;
    %vpi_call 3 170 "$display", "[%d] %t [[Equal]] %h = %h", v0x64caa41b2d30_0, $time, v0x64caa41b2f70_0, v0x64caa41b2ed0_0 {0 0 0};
    %jmp T_21.3;
T_21.2 ;
    %vpi_call 3 172 "$display", "[%d] %t XXXXX NOT Equal XXXXX %h = %h", v0x64caa41b2d30_0, $time, v0x64caa41b2f70_0, v0x64caa41b2ed0_0 {0 0 0};
T_21.3 ;
    %load/vec4 v0x64caa41b2d30_0;
    %addi 1, 0, 32;
    %store/vec4 v0x64caa41b2d30_0, 0, 32;
    %jmp T_21.0;
T_21.1 ;
    %delay 276447232, 23283;
    %vpi_call 3 177 "$finish" {0 0 0};
    %end;
    .thread T_21;
    .scope S_0x64caa414c0a0;
T_22 ;
    %delay 658067456, 1164;
    %load/vec4 v0x64caa41b2c40_0;
    %inv;
    %store/vec4 v0x64caa41b2c40_0, 0, 1;
    %jmp T_22;
    .thread T_22;
# The file index is used to find the file name in the following table.
:file_names 6;
    "N/A";
    "<interactive>";
    "./PIM_MODEL.v";
    "./testbench.v";
    "./axi_ram.v";
    "./axi_pim.v";
