[I] time [Equal or NOT Equal] axi_ram's rdata  axi_pim's rdata
[          0]       85000000000000 [[Equal]] c0895e81 = c0895e81
[          1]      165000000000000 [[Equal]] 6eefcfdd = 6eefcfdd
[          2]      245000000000000 [[Equal]] 7a5409f4 = 7a5409f4
[          3]      325000000000000 [[Equal]] c5a03a8b = c5a03a8b
[          4]      405000000000000 [[Equal]] 947eac28 = 947eac28
[          5]      485000000000000 [[Equal]] 95c6242b = 95c6242b
[          6]      565000000000000 [[Equal]] 6f1547de = 6f1547de
[          7]      645000000000000 [[Equal]] 82f4ec05 = 82f4ec05
[          8]      725000000000000 [[Equal]] 30999361 = 30999361
[          9]      805000000000000 [[Equal]] b81baa70 = b81baa70
[         10]      885000000000000 [[Equal]] 2fbf0b5f = 2fbf0b5f
[         11]      965000000000000 [[Equal]] fea13efd = fea13efd
[         12]     1045000000000000 [[Equal]] 0ee6ef1d = 0ee6ef1d
[         13]     1125000000000000 [[Equal]] cd40409a = cd40409a
[         14]     1205000000000000 [[Equal]] 055c370a = 055c370a
[         15]     1285000000000000 [[Equal]] 2aa30f55 = 2aa30f55
[         16]     1365000000000000 [[Equal]] 924fa024 = 924fa024
[         17]     1445000000000000 [[Equal]] ffbfc4ff = ffbfc4ff
[         18]     1525000000000000 [[Equal]] 9593a82b = 9593a82b
[         19]     1605000000000000 [[Equal]] 35f43f6b = 35f43f6b
[         20]     1685000000000000 [[Equal]] 8a188a14 = 8a188a14
[         21]     1765000000000000 [[Equal]] bce21679 = bce21679
[         22]     1845000000000000 [[Equal]] 5e2843bc = 5e2843bc
[         23]     1925000000000000 [[Equal]] 540aada8 = 540aada8
[         24]     2005000000000000 [[Equal]] 25628d4a = 25628d4a
[         25]     2085000000000000 [[Equal]] b42b1868 = b42b1868
[         26]     2165000000000000 [[Equal]] a078e440 = a078e440
[         27]     2245000000000000 [[Equal]] 74583be8 = 74583be8
[         28]     2325000000000000 [[Equal]] 56aa85ad = 56aa85ad
[         29]     2405000000000000 [[Equal]] c6daaa8d = c6daaa8d
[         30]     2485000000000000 [[Equal]] bd006c7a = bd006c7a
[         31]     2565000000000000 [[Equal]] e9cac6d3 = e9cac6d3
[         32]     2645000000000000 [[Equal]] a749544e = a749544e
[         33]     2725000000000000 [[Equal]] e76caace = e76caace
[         34]     2805000000000000 [[Equal]] fed5bafd = fed5bafd
[         35]     2885000000000000 [[Equal]] 024c3304 = 024c3304
[         36]     2965000000000000 [[Equal]] 7af3dbf5 = 7af3dbf5
[         37]     3045000000000000 [[Equal]] e918f8d2 = e918f8d2
[         38]     3125000000000000 [[Equal]] d72bb0ae = d72bb0ae
[         39]     3205000000000000 [[Equal]] 8e425c1c = 8e425c1c
[         40]     3285000000000000 [[Equal]] c33af686 = c33af686
[         41]     3365000000000000 [[Equal]] 3f53777e = 3f53777e
[         42]     3445000000000000 [[Equal]] 88d12c11 = 88d12c11
[         43]     3525000000000000 [[Equal]] 580f27b0 = 580f27b0
[         44]     3605000000000000 [[Equal]] 230b8d46 = 230b8d46
[         45]     3685000000000000 [[Equal]] ad4c045a = ad4c045a
[         46]     3765000000000000 [[Equal]] 43b11187 = 43b11187
[         47]     3845000000000000 [[Equal]] 8b906e17 = 8b906e17
[         48]     3925000000000000 [[Equal]] 822e7604 = 822e7604
[         49]     4005000000000000 [[Equal]] e56e80ca = e56e80ca
